20/05/22 21:04:30 INFO terasort.TeraSort: starting
20/05/22 21:04:31 INFO input.FileInputFormat: Total input files to process : 2
20/05/22 21:04:31 INFO client.RMProxy: Connecting to ResourceManager at /0.0.0.0:8032
20/05/22 21:04:32 INFO mapreduce.JobSubmitter: number of splits:8
20/05/22 21:04:33 INFO Configuration.deprecation: yarn.resourcemanager.system-metrics-publisher.enabled is deprecated. Instead, use yarn.system-metrics-publisher.enabled
20/05/22 21:04:33 INFO mapreduce.JobSubmitter: Submitting tokens for job: job_1590161473160_0001
20/05/22 21:04:33 INFO conf.Configuration: resource-types.xml not found
20/05/22 21:04:33 INFO resource.ResourceUtils: Unable to find 'resource-types.xml'.
20/05/22 21:04:33 INFO resource.ResourceUtils: Adding resource type - name = memory-mb, units = Mi, type = COUNTABLE
20/05/22 21:04:33 INFO resource.ResourceUtils: Adding resource type - name = vcores, units = , type = COUNTABLE
20/05/22 21:04:34 INFO impl.YarnClientImpl: Submitted application application_1590161473160_0001
20/05/22 21:04:34 INFO mapreduce.Job: The url to track the job: http://pes:8088/proxy/application_1590161473160_0001/
20/05/22 21:04:34 INFO mapreduce.Job: Running job: job_1590161473160_0001
20/05/22 21:04:43 INFO mapreduce.Job: Job job_1590161473160_0001 running in uber mode : false
20/05/22 21:04:43 INFO mapreduce.Job:  map 0% reduce 0%
20/05/22 21:04:53 INFO mapreduce.Job:  map 50% reduce 0%
20/05/22 21:04:54 INFO mapreduce.Job:  map 75% reduce 0%
20/05/22 21:05:03 INFO mapreduce.Job:  map 100% reduce 0%
20/05/22 21:05:10 INFO mapreduce.Job:  map 100% reduce 29%
20/05/22 21:05:16 INFO mapreduce.Job:  map 100% reduce 71%
20/05/22 21:05:22 INFO mapreduce.Job:  map 100% reduce 87%
20/05/22 21:05:28 INFO mapreduce.Job:  map 100% reduce 100%
20/05/22 21:05:30 INFO mapreduce.Job: Job job_1590161473160_0001 completed successfully
20/05/22 21:05:31 WARN counters.FileSystemCounterGroup: HDFS_BYTES_READ_EC is not a recognized counter.
20/05/22 21:05:31 WARN counters.FrameworkCounterGroup: MAP_PHYSICAL_MEMORY_BYTES_MAX is not a recognized counter.
20/05/22 21:05:31 WARN counters.FrameworkCounterGroup: REDUCE_PHYSICAL_MEMORY_BYTES_MAX is not a recognized counter.
20/05/22 21:05:31 WARN counters.FrameworkCounterGroup: MAP_VIRTUAL_MEMORY_BYTES_MAX is not a recognized counter.
20/05/22 21:05:31 WARN counters.FrameworkCounterGroup: REDUCE_VIRTUAL_MEMORY_BYTES_MAX is not a recognized counter.
20/05/22 21:05:31 INFO mapreduce.Job: Counters: 50
	File System Counters
		FILE: Number of bytes read=2080000144
		FILE: Number of bytes written=3122076267
		FILE: Number of read operations=0
		FILE: Number of large read operations=0
		FILE: Number of write operations=0
		HDFS: Number of bytes read=1000001016
		HDFS: Number of bytes written=1000000000
		HDFS: Number of read operations=27
		HDFS: Number of large read operations=0
		HDFS: Number of write operations=2
	Job Counters 
		Killed map tasks=1
		Launched map tasks=8
		Launched reduce tasks=1
		Data-local map tasks=8
		Total time spent by all maps in occupied slots (ms)=67731
		Total time spent by all reduces in occupied slots (ms)=32261
		Total time spent by all map tasks (ms)=67731
		Total time spent by all reduce tasks (ms)=32261
		Total vcore-milliseconds taken by all map tasks=67731
		Total vcore-milliseconds taken by all reduce tasks=32261
		Total megabyte-milliseconds taken by all map tasks=69356544
		Total megabyte-milliseconds taken by all reduce tasks=33035264
	Map-Reduce Framework
		Map input records=10000000
		Map output records=10000000
		Map output bytes=1020000000
		Map output materialized bytes=1040000048
		Input split bytes=1016
		Combine input records=0
		Combine output records=0
		Reduce input groups=10000000
		Reduce shuffle bytes=1040000048
		Reduce input records=10000000
		Reduce output records=10000000
		Spilled Records=30000000
		Shuffled Maps =8
		Failed Shuffles=0
		Merged Map outputs=8
		GC time elapsed (ms)=1668
		CPU time spent (ms)=97360
		Physical memory (bytes) snapshot=2531614720
		Virtual memory (bytes) snapshot=18120851456
		Total committed heap usage (bytes)=1692401664
	Shuffle Errors
		BAD_ID=0
		CONNECTION=0
		IO_ERROR=0
		WRONG_LENGTH=0
		WRONG_MAP=0
		WRONG_REDUCE=0
	File Input Format Counters 
		Bytes Read=1000000000
	File Output Format Counters 
		Bytes Written=1000000000
20/05/22 21:05:31 INFO terasort.TeraSort: done
1590161731116 Running java agent shutdown
1590161731116 Running periodic profiler (last run): com.uber.profiling.profilers.CpuAndMemoryProfiler@7f416310
1590161731122 Ran periodic profiler (last run): com.uber.profiling.profilers.CpuAndMemoryProfiler@7f416310
1590161731122 Closing reporter com.uber.profiling.reporters.FileOutputReporter@4a0fa951
1590161731123 Closed reporter com.uber.profiling.reporters.FileOutputReporter@4a0fa951
