2020-05-22 20:56:08,758 INFO terasort.TeraSort: starting
2020-05-22 20:56:09,830 INFO input.FileInputFormat: Total input files to process : 2
2020-05-22 20:56:09,902 INFO sasl.SaslDataTransferClient: SASL encryption trust check: localHostTrusted = false, remoteHostTrusted = false
2020-05-22 20:56:09,902 INFO sasl.SaslDataTransferClient: SASL encryption trust check: localHostTrusted = false, remoteHostTrusted = false
2020-05-22 20:56:09,902 INFO sasl.SaslDataTransferClient: SASL encryption trust check: localHostTrusted = false, remoteHostTrusted = false
2020-05-22 20:56:09,902 INFO sasl.SaslDataTransferClient: SASL encryption trust check: localHostTrusted = false, remoteHostTrusted = false
2020-05-22 20:56:09,902 INFO sasl.SaslDataTransferClient: SASL encryption trust check: localHostTrusted = false, remoteHostTrusted = false
2020-05-22 20:56:09,902 INFO sasl.SaslDataTransferClient: SASL encryption trust check: localHostTrusted = false, remoteHostTrusted = false
2020-05-22 20:56:09,902 INFO sasl.SaslDataTransferClient: SASL encryption trust check: localHostTrusted = false, remoteHostTrusted = false
2020-05-22 20:56:09,902 INFO sasl.SaslDataTransferClient: SASL encryption trust check: localHostTrusted = false, remoteHostTrusted = false
2020-05-22 20:56:10,404 INFO impl.MetricsConfig: Loaded properties from hadoop-metrics2.properties
2020-05-22 20:56:10,436 INFO impl.MetricsSystemImpl: Scheduled Metric snapshot period at 10 second(s).
2020-05-22 20:56:10,436 INFO impl.MetricsSystemImpl: JobTracker metrics system started
2020-05-22 20:56:10,581 INFO mapreduce.JobSubmitter: number of splits:8
2020-05-22 20:56:10,731 INFO mapreduce.JobSubmitter: Submitting tokens for job: job_local1602415364_0001
2020-05-22 20:56:10,731 INFO mapreduce.JobSubmitter: Executing with tokens: []
2020-05-22 20:56:10,946 INFO mapred.LocalDistributedCacheManager: Creating symlink: /disk2/user/hdata_3/mapred/local/job_local1602415364_0001_5b43741b-15c6-4b12-ac78-e14dedf7c8a7/_partition.lst <- /home/ananth/BigDataBench_V5.0_BigData_MicroBenchmark/Hadoop/Sort/_partition.lst
2020-05-22 20:56:10,949 INFO mapred.LocalDistributedCacheManager: Localized hdfs://localhost:9000/hadoop/terasort/terasort-out/_partition.lst as file:/disk2/user/hdata_3/mapred/local/job_local1602415364_0001_5b43741b-15c6-4b12-ac78-e14dedf7c8a7/_partition.lst
2020-05-22 20:56:11,035 INFO mapreduce.Job: The url to track the job: http://localhost:8080/
2020-05-22 20:56:11,036 INFO mapreduce.Job: Running job: job_local1602415364_0001
2020-05-22 20:56:11,039 INFO mapred.LocalJobRunner: OutputCommitter set in config null
2020-05-22 20:56:11,043 INFO output.FileOutputCommitter: File Output Committer Algorithm version is 2
2020-05-22 20:56:11,043 INFO output.FileOutputCommitter: FileOutputCommitter skip cleanup _temporary folders under output directory:false, ignore cleanup failures: false
2020-05-22 20:56:11,044 INFO mapred.LocalJobRunner: OutputCommitter is org.apache.hadoop.mapreduce.lib.output.FileOutputCommitter
2020-05-22 20:56:12,040 INFO mapreduce.Job: Job job_local1602415364_0001 running in uber mode : false
2020-05-22 20:56:12,042 INFO mapreduce.Job:  map 0% reduce 0%
2020-05-22 20:56:13,759 INFO mapred.LocalJobRunner: Waiting for map tasks
2020-05-22 20:56:13,759 INFO mapred.LocalJobRunner: Starting task: attempt_local1602415364_0001_m_000000_0
2020-05-22 20:56:13,797 INFO output.FileOutputCommitter: File Output Committer Algorithm version is 2
2020-05-22 20:56:13,798 INFO output.FileOutputCommitter: FileOutputCommitter skip cleanup _temporary folders under output directory:false, ignore cleanup failures: false
2020-05-22 20:56:13,822 INFO mapred.Task:  Using ResourceCalculatorProcessTree : [ ]
2020-05-22 20:56:13,828 INFO mapred.MapTask: Processing split: hdfs://localhost:9000/hadoop/terasort/terasort-1G/part-m-00000:0+134217728
2020-05-22 20:56:13,924 INFO mapred.MapTask: (EQUATOR) 0 kvi 26214396(104857584)
2020-05-22 20:56:13,924 INFO mapred.MapTask: mapreduce.task.io.sort.mb: 100
2020-05-22 20:56:13,924 INFO mapred.MapTask: soft limit at 83886080
2020-05-22 20:56:13,924 INFO mapred.MapTask: bufstart = 0; bufvoid = 104857600
2020-05-22 20:56:13,924 INFO mapred.MapTask: kvstart = 26214396; length = 6553600
2020-05-22 20:56:13,928 INFO mapred.MapTask: Map output collector class = org.apache.hadoop.mapred.MapTask$MapOutputBuffer
2020-05-22 20:56:13,935 INFO sasl.SaslDataTransferClient: SASL encryption trust check: localHostTrusted = false, remoteHostTrusted = false
2020-05-22 20:56:14,576 INFO mapred.MapTask: Spilling map output
2020-05-22 20:56:14,576 INFO mapred.MapTask: bufstart = 0; bufend = 72511698; bufvoid = 104857600
2020-05-22 20:56:14,576 INFO mapred.MapTask: kvstart = 26214396(104857584); kvend = 23370804(93483216); length = 2843593/6553600
2020-05-22 20:56:14,576 INFO mapred.MapTask: (EQUATOR) 75355282 kvi 18838816(75355264)
2020-05-22 20:56:16,800 INFO mapred.MapTask: Finished spill 0
2020-05-22 20:56:18,607 INFO mapred.MapTask: (RESET) equator 75355282 kv 18838816(75355264) kvi 18127932(72511728)
2020-05-22 20:56:19,191 INFO mapred.LocalJobRunner: 
2020-05-22 20:56:19,191 INFO mapred.MapTask: Starting flush of map output
2020-05-22 20:56:19,191 INFO mapred.MapTask: Spilling map output
2020-05-22 20:56:19,191 INFO mapred.MapTask: bufstart = 75355282; bufend = 34888140; bufvoid = 104857600
2020-05-22 20:56:19,191 INFO mapred.MapTask: kvstart = 18838816(75355264); kvend = 16313704(65254816); length = 2525113/6553600
2020-05-22 20:56:20,586 INFO mapred.MapTask: Finished spill 1
2020-05-22 20:56:20,592 INFO mapred.Merger: Merging 2 sorted segments
2020-05-22 20:56:20,598 INFO mapred.Merger: Down to the last merge-pass, with 2 segments left of total size: 139586498 bytes
2020-05-22 20:56:21,873 INFO mapred.Task: Task:attempt_local1602415364_0001_m_000000_0 is done. And is in the process of committing
2020-05-22 20:56:21,882 INFO mapred.LocalJobRunner: map > sort
2020-05-22 20:56:21,882 INFO mapred.Task: Task 'attempt_local1602415364_0001_m_000000_0' done.
2020-05-22 20:56:21,894 INFO mapred.Task: Final Counters for attempt_local1602415364_0001_m_000000_0: Counters: 23
	File System Counters
		FILE: Number of bytes read=139904220
		FILE: Number of bytes written=280019256
		FILE: Number of read operations=0
		FILE: Number of large read operations=0
		FILE: Number of write operations=0
		HDFS: Number of bytes read=144217800
		HDFS: Number of bytes written=0
		HDFS: Number of read operations=27
		HDFS: Number of large read operations=0
		HDFS: Number of write operations=2
		HDFS: Number of bytes read erasure-coded=0
	Map-Reduce Framework
		Map input records=1342178
		Map output records=1342178
		Map output bytes=136902156
		Map output materialized bytes=139586518
		Input split bytes=127
		Combine input records=0
		Spilled Records=2684356
		Failed Shuffles=0
		Merged Map outputs=0
		GC time elapsed (ms)=195
		Total committed heap usage (bytes)=1352138752
	File Input Format Counters 
		Bytes Read=134217800
2020-05-22 20:56:21,894 INFO mapred.LocalJobRunner: Finishing task: attempt_local1602415364_0001_m_000000_0
2020-05-22 20:56:21,895 INFO mapred.LocalJobRunner: Starting task: attempt_local1602415364_0001_m_000001_0
2020-05-22 20:56:21,897 INFO output.FileOutputCommitter: File Output Committer Algorithm version is 2
2020-05-22 20:56:21,897 INFO output.FileOutputCommitter: FileOutputCommitter skip cleanup _temporary folders under output directory:false, ignore cleanup failures: false
2020-05-22 20:56:21,898 INFO mapred.Task:  Using ResourceCalculatorProcessTree : [ ]
2020-05-22 20:56:21,900 INFO mapred.MapTask: Processing split: hdfs://localhost:9000/hadoop/terasort/terasort-1G/part-m-00000:134217728+134217728
2020-05-22 20:56:22,019 INFO mapred.MapTask: (EQUATOR) 0 kvi 26214396(104857584)
2020-05-22 20:56:22,019 INFO mapred.MapTask: mapreduce.task.io.sort.mb: 100
2020-05-22 20:56:22,019 INFO mapred.MapTask: soft limit at 83886080
2020-05-22 20:56:22,019 INFO mapred.MapTask: bufstart = 0; bufvoid = 104857600
2020-05-22 20:56:22,019 INFO mapred.MapTask: kvstart = 26214396; length = 6553600
2020-05-22 20:56:22,020 INFO mapred.MapTask: Map output collector class = org.apache.hadoop.mapred.MapTask$MapOutputBuffer
2020-05-22 20:56:22,026 INFO sasl.SaslDataTransferClient: SASL encryption trust check: localHostTrusted = false, remoteHostTrusted = false
2020-05-22 20:56:22,054 INFO mapreduce.Job:  map 100% reduce 0%
2020-05-22 20:56:22,418 INFO mapred.MapTask: Spilling map output
2020-05-22 20:56:22,418 INFO mapred.MapTask: bufstart = 0; bufend = 72511698; bufvoid = 104857600
2020-05-22 20:56:22,418 INFO mapred.MapTask: kvstart = 26214396(104857584); kvend = 23370804(93483216); length = 2843593/6553600
2020-05-22 20:56:22,418 INFO mapred.MapTask: (EQUATOR) 75355282 kvi 18838816(75355264)
2020-05-22 20:56:24,375 INFO mapred.MapTask: Finished spill 0
2020-05-22 20:56:24,376 INFO mapred.MapTask: (RESET) equator 75355282 kv 18838816(75355264) kvi 18127932(72511728)
2020-05-22 20:56:24,689 INFO mapred.LocalJobRunner: 
2020-05-22 20:56:24,689 INFO mapred.MapTask: Starting flush of map output
2020-05-22 20:56:24,689 INFO mapred.MapTask: Spilling map output
2020-05-22 20:56:24,689 INFO mapred.MapTask: bufstart = 75355282; bufend = 34888038; bufvoid = 104857600
2020-05-22 20:56:24,689 INFO mapred.MapTask: kvstart = 18838816(75355264); kvend = 16313708(65254832); length = 2525109/6553600
2020-05-22 20:56:25,056 INFO mapreduce.Job:  map 13% reduce 0%
2020-05-22 20:56:25,814 INFO mapred.MapTask: Finished spill 1
2020-05-22 20:56:25,817 INFO mapred.Merger: Merging 2 sorted segments
2020-05-22 20:56:25,818 INFO mapred.Merger: Down to the last merge-pass, with 2 segments left of total size: 139586394 bytes
2020-05-22 20:56:26,775 INFO mapred.Task: Task:attempt_local1602415364_0001_m_000001_0 is done. And is in the process of committing
2020-05-22 20:56:26,781 INFO mapred.LocalJobRunner: map > sort
2020-05-22 20:56:26,781 INFO mapred.Task: Task 'attempt_local1602415364_0001_m_000001_0' done.
2020-05-22 20:56:26,782 INFO mapred.Task: Final Counters for attempt_local1602415364_0001_m_000001_0: Counters: 23
	File System Counters
		FILE: Number of bytes read=279491679
		FILE: Number of bytes written=559192122
		FILE: Number of read operations=0
		FILE: Number of large read operations=0
		FILE: Number of write operations=0
		HDFS: Number of bytes read=278435500
		HDFS: Number of bytes written=0
		HDFS: Number of read operations=29
		HDFS: Number of large read operations=0
		HDFS: Number of write operations=2
		HDFS: Number of bytes read erasure-coded=0
	Map-Reduce Framework
		Map input records=1342177
		Map output records=1342177
		Map output bytes=136902054
		Map output materialized bytes=139586414
		Input split bytes=127
		Combine input records=0
		Spilled Records=2684354
		Failed Shuffles=0
		Merged Map outputs=0
		GC time elapsed (ms)=0
		Total committed heap usage (bytes)=1352138752
	File Input Format Counters 
		Bytes Read=134217700
2020-05-22 20:56:26,782 INFO mapred.LocalJobRunner: Finishing task: attempt_local1602415364_0001_m_000001_0
2020-05-22 20:56:26,782 INFO mapred.LocalJobRunner: Starting task: attempt_local1602415364_0001_m_000002_0
2020-05-22 20:56:26,785 INFO output.FileOutputCommitter: File Output Committer Algorithm version is 2
2020-05-22 20:56:26,785 INFO output.FileOutputCommitter: FileOutputCommitter skip cleanup _temporary folders under output directory:false, ignore cleanup failures: false
2020-05-22 20:56:26,786 INFO mapred.Task:  Using ResourceCalculatorProcessTree : [ ]
2020-05-22 20:56:26,788 INFO mapred.MapTask: Processing split: hdfs://localhost:9000/hadoop/terasort/terasort-1G/part-m-00000:268435456+134217728
2020-05-22 20:56:26,868 INFO mapred.MapTask: (EQUATOR) 0 kvi 26214396(104857584)
2020-05-22 20:56:26,868 INFO mapred.MapTask: mapreduce.task.io.sort.mb: 100
2020-05-22 20:56:26,868 INFO mapred.MapTask: soft limit at 83886080
2020-05-22 20:56:26,868 INFO mapred.MapTask: bufstart = 0; bufvoid = 104857600
2020-05-22 20:56:26,868 INFO mapred.MapTask: kvstart = 26214396; length = 6553600
2020-05-22 20:56:26,869 INFO mapred.MapTask: Map output collector class = org.apache.hadoop.mapred.MapTask$MapOutputBuffer
2020-05-22 20:56:26,874 INFO sasl.SaslDataTransferClient: SASL encryption trust check: localHostTrusted = false, remoteHostTrusted = false
2020-05-22 20:56:27,370 INFO mapreduce.Job:  map 100% reduce 0%
2020-05-22 20:56:27,676 INFO mapred.MapTask: Spilling map output
2020-05-22 20:56:27,676 INFO mapred.MapTask: bufstart = 0; bufend = 72511698; bufvoid = 104857600
2020-05-22 20:56:27,676 INFO mapred.MapTask: kvstart = 26214396(104857584); kvend = 23370804(93483216); length = 2843593/6553600
2020-05-22 20:56:27,676 INFO mapred.MapTask: (EQUATOR) 75355282 kvi 18838816(75355264)
2020-05-22 20:56:29,362 INFO mapred.MapTask: Finished spill 0
2020-05-22 20:56:29,362 INFO mapred.MapTask: (RESET) equator 75355282 kv 18838816(75355264) kvi 18127932(72511728)
2020-05-22 20:56:29,676 INFO mapred.LocalJobRunner: 
2020-05-22 20:56:29,676 INFO mapred.MapTask: Starting flush of map output
2020-05-22 20:56:29,676 INFO mapred.MapTask: Spilling map output
2020-05-22 20:56:29,676 INFO mapred.MapTask: bufstart = 75355282; bufend = 34888038; bufvoid = 104857600
2020-05-22 20:56:29,676 INFO mapred.MapTask: kvstart = 18838816(75355264); kvend = 16313708(65254832); length = 2525109/6553600
2020-05-22 20:56:30,373 INFO mapreduce.Job:  map 25% reduce 0%
2020-05-22 20:56:31,129 INFO mapred.MapTask: Finished spill 1
2020-05-22 20:56:31,131 INFO mapred.Merger: Merging 2 sorted segments
2020-05-22 20:56:31,131 INFO mapred.Merger: Down to the last merge-pass, with 2 segments left of total size: 139586394 bytes
2020-05-22 20:56:32,207 INFO mapred.Task: Task:attempt_local1602415364_0001_m_000002_0 is done. And is in the process of committing
2020-05-22 20:56:32,213 INFO mapred.LocalJobRunner: map > sort
2020-05-22 20:56:32,214 INFO mapred.Task: Task 'attempt_local1602415364_0001_m_000002_0' done.
2020-05-22 20:56:32,215 INFO mapred.Task: Final Counters for attempt_local1602415364_0001_m_000002_0: Counters: 23
	File System Counters
		FILE: Number of bytes read=419079138
		FILE: Number of bytes written=838364988
		FILE: Number of read operations=0
		FILE: Number of large read operations=0
		FILE: Number of write operations=0
		HDFS: Number of bytes read=412653200
		HDFS: Number of bytes written=0
		HDFS: Number of read operations=31
		HDFS: Number of large read operations=0
		HDFS: Number of write operations=2
		HDFS: Number of bytes read erasure-coded=0
	Map-Reduce Framework
		Map input records=1342177
		Map output records=1342177
		Map output bytes=136902054
		Map output materialized bytes=139586414
		Input split bytes=127
		Combine input records=0
		Spilled Records=2684354
		Failed Shuffles=0
		Merged Map outputs=0
		GC time elapsed (ms)=349
		Total committed heap usage (bytes)=1691353088
	File Input Format Counters 
		Bytes Read=134217700
2020-05-22 20:56:32,215 INFO mapred.LocalJobRunner: Finishing task: attempt_local1602415364_0001_m_000002_0
2020-05-22 20:56:32,215 INFO mapred.LocalJobRunner: Starting task: attempt_local1602415364_0001_m_000003_0
2020-05-22 20:56:32,217 INFO output.FileOutputCommitter: File Output Committer Algorithm version is 2
2020-05-22 20:56:32,217 INFO output.FileOutputCommitter: FileOutputCommitter skip cleanup _temporary folders under output directory:false, ignore cleanup failures: false
2020-05-22 20:56:32,218 INFO mapred.Task:  Using ResourceCalculatorProcessTree : [ ]
2020-05-22 20:56:32,220 INFO mapred.MapTask: Processing split: hdfs://localhost:9000/hadoop/terasort/terasort-1G/part-m-00001:268435456+134217728
2020-05-22 20:56:32,299 INFO mapred.MapTask: (EQUATOR) 0 kvi 26214396(104857584)
2020-05-22 20:56:32,299 INFO mapred.MapTask: mapreduce.task.io.sort.mb: 100
2020-05-22 20:56:32,299 INFO mapred.MapTask: soft limit at 83886080
2020-05-22 20:56:32,299 INFO mapred.MapTask: bufstart = 0; bufvoid = 104857600
2020-05-22 20:56:32,299 INFO mapred.MapTask: kvstart = 26214396; length = 6553600
2020-05-22 20:56:32,300 INFO mapred.MapTask: Map output collector class = org.apache.hadoop.mapred.MapTask$MapOutputBuffer
2020-05-22 20:56:32,307 INFO sasl.SaslDataTransferClient: SASL encryption trust check: localHostTrusted = false, remoteHostTrusted = false
2020-05-22 20:56:32,375 INFO mapreduce.Job:  map 100% reduce 0%
2020-05-22 20:56:32,769 INFO mapred.MapTask: Spilling map output
2020-05-22 20:56:32,770 INFO mapred.MapTask: bufstart = 0; bufend = 72511698; bufvoid = 104857600
2020-05-22 20:56:32,770 INFO mapred.MapTask: kvstart = 26214396(104857584); kvend = 23370804(93483216); length = 2843593/6553600
2020-05-22 20:56:32,770 INFO mapred.MapTask: (EQUATOR) 75355282 kvi 18838816(75355264)
2020-05-22 20:56:34,416 INFO mapred.MapTask: Finished spill 0
2020-05-22 20:56:34,416 INFO mapred.MapTask: (RESET) equator 75355282 kv 18838816(75355264) kvi 18127932(72511728)
2020-05-22 20:56:34,725 INFO mapred.LocalJobRunner: 
2020-05-22 20:56:34,725 INFO mapred.MapTask: Starting flush of map output
2020-05-22 20:56:34,725 INFO mapred.MapTask: Spilling map output
2020-05-22 20:56:34,725 INFO mapred.MapTask: bufstart = 75355282; bufend = 34888038; bufvoid = 104857600
2020-05-22 20:56:34,725 INFO mapred.MapTask: kvstart = 18838816(75355264); kvend = 16313708(65254832); length = 2525109/6553600
2020-05-22 20:56:35,379 INFO mapreduce.Job:  map 38% reduce 0%
2020-05-22 20:56:35,850 INFO mapred.MapTask: Finished spill 1
2020-05-22 20:56:35,853 INFO mapred.Merger: Merging 2 sorted segments
2020-05-22 20:56:35,854 INFO mapred.Merger: Down to the last merge-pass, with 2 segments left of total size: 139586394 bytes
2020-05-22 20:56:37,168 INFO mapred.Task: Task:attempt_local1602415364_0001_m_000003_0 is done. And is in the process of committing
2020-05-22 20:56:37,174 INFO mapred.LocalJobRunner: map > sort
2020-05-22 20:56:37,175 INFO mapred.Task: Task 'attempt_local1602415364_0001_m_000003_0' done.
2020-05-22 20:56:37,176 INFO mapred.Task: Final Counters for attempt_local1602415364_0001_m_000003_0: Counters: 23
	File System Counters
		FILE: Number of bytes read=558666597
		FILE: Number of bytes written=1117537854
		FILE: Number of read operations=0
		FILE: Number of large read operations=0
		FILE: Number of write operations=0
		HDFS: Number of bytes read=546870900
		HDFS: Number of bytes written=0
		HDFS: Number of read operations=33
		HDFS: Number of large read operations=0
		HDFS: Number of write operations=2
		HDFS: Number of bytes read erasure-coded=0
	Map-Reduce Framework
		Map input records=1342177
		Map output records=1342177
		Map output bytes=136902054
		Map output materialized bytes=139586414
		Input split bytes=127
		Combine input records=0
		Spilled Records=2684354
		Failed Shuffles=0
		Merged Map outputs=0
		GC time elapsed (ms)=0
		Total committed heap usage (bytes)=1691353088
	File Input Format Counters 
		Bytes Read=134217700
2020-05-22 20:56:37,176 INFO mapred.LocalJobRunner: Finishing task: attempt_local1602415364_0001_m_000003_0
2020-05-22 20:56:37,176 INFO mapred.LocalJobRunner: Starting task: attempt_local1602415364_0001_m_000004_0
2020-05-22 20:56:37,179 INFO output.FileOutputCommitter: File Output Committer Algorithm version is 2
2020-05-22 20:56:37,179 INFO output.FileOutputCommitter: FileOutputCommitter skip cleanup _temporary folders under output directory:false, ignore cleanup failures: false
2020-05-22 20:56:37,180 INFO mapred.Task:  Using ResourceCalculatorProcessTree : [ ]
2020-05-22 20:56:37,182 INFO mapred.MapTask: Processing split: hdfs://localhost:9000/hadoop/terasort/terasort-1G/part-m-00001:134217728+134217728
2020-05-22 20:56:37,267 INFO mapred.MapTask: (EQUATOR) 0 kvi 26214396(104857584)
2020-05-22 20:56:37,267 INFO mapred.MapTask: mapreduce.task.io.sort.mb: 100
2020-05-22 20:56:37,267 INFO mapred.MapTask: soft limit at 83886080
2020-05-22 20:56:37,267 INFO mapred.MapTask: bufstart = 0; bufvoid = 104857600
2020-05-22 20:56:37,267 INFO mapred.MapTask: kvstart = 26214396; length = 6553600
2020-05-22 20:56:37,268 INFO mapred.MapTask: Map output collector class = org.apache.hadoop.mapred.MapTask$MapOutputBuffer
2020-05-22 20:56:37,274 INFO sasl.SaslDataTransferClient: SASL encryption trust check: localHostTrusted = false, remoteHostTrusted = false
2020-05-22 20:56:37,381 INFO mapreduce.Job:  map 100% reduce 0%
2020-05-22 20:56:37,772 INFO mapred.MapTask: Spilling map output
2020-05-22 20:56:37,772 INFO mapred.MapTask: bufstart = 0; bufend = 72511698; bufvoid = 104857600
2020-05-22 20:56:37,772 INFO mapred.MapTask: kvstart = 26214396(104857584); kvend = 23370804(93483216); length = 2843593/6553600
2020-05-22 20:56:37,772 INFO mapred.MapTask: (EQUATOR) 75355282 kvi 18838816(75355264)
2020-05-22 20:56:39,684 INFO mapred.MapTask: Finished spill 0
2020-05-22 20:56:39,685 INFO mapred.MapTask: (RESET) equator 75355282 kv 18838816(75355264) kvi 18127932(72511728)
2020-05-22 20:56:40,008 INFO mapred.LocalJobRunner: 
2020-05-22 20:56:40,008 INFO mapred.MapTask: Starting flush of map output
2020-05-22 20:56:40,008 INFO mapred.MapTask: Spilling map output
2020-05-22 20:56:40,008 INFO mapred.MapTask: bufstart = 75355282; bufend = 34888038; bufvoid = 104857600
2020-05-22 20:56:40,008 INFO mapred.MapTask: kvstart = 18838816(75355264); kvend = 16313708(65254832); length = 2525109/6553600
2020-05-22 20:56:40,384 INFO mapreduce.Job:  map 50% reduce 0%
2020-05-22 20:56:41,119 INFO mapred.MapTask: Finished spill 1
2020-05-22 20:56:41,122 INFO mapred.Merger: Merging 2 sorted segments
2020-05-22 20:56:41,123 INFO mapred.Merger: Down to the last merge-pass, with 2 segments left of total size: 139586394 bytes
2020-05-22 20:56:42,345 INFO mapred.Task: Task:attempt_local1602415364_0001_m_000004_0 is done. And is in the process of committing
2020-05-22 20:56:42,352 INFO mapred.LocalJobRunner: map > sort
2020-05-22 20:56:42,352 INFO mapred.Task: Task 'attempt_local1602415364_0001_m_000004_0' done.
2020-05-22 20:56:42,354 INFO mapred.Task: Final Counters for attempt_local1602415364_0001_m_000004_0: Counters: 23
	File System Counters
		FILE: Number of bytes read=698253544
		FILE: Number of bytes written=1396710720
		FILE: Number of read operations=0
		FILE: Number of large read operations=0
		FILE: Number of write operations=0
		HDFS: Number of bytes read=681088600
		HDFS: Number of bytes written=0
		HDFS: Number of read operations=35
		HDFS: Number of large read operations=0
		HDFS: Number of write operations=2
		HDFS: Number of bytes read erasure-coded=0
	Map-Reduce Framework
		Map input records=1342177
		Map output records=1342177
		Map output bytes=136902054
		Map output materialized bytes=139586414
		Input split bytes=127
		Combine input records=0
		Spilled Records=2684354
		Failed Shuffles=0
		Merged Map outputs=0
		GC time elapsed (ms)=0
		Total committed heap usage (bytes)=1691353088
	File Input Format Counters 
		Bytes Read=134217700
2020-05-22 20:56:42,354 INFO mapred.LocalJobRunner: Finishing task: attempt_local1602415364_0001_m_000004_0
2020-05-22 20:56:42,354 INFO mapred.LocalJobRunner: Starting task: attempt_local1602415364_0001_m_000005_0
2020-05-22 20:56:42,357 INFO output.FileOutputCommitter: File Output Committer Algorithm version is 2
2020-05-22 20:56:42,357 INFO output.FileOutputCommitter: FileOutputCommitter skip cleanup _temporary folders under output directory:false, ignore cleanup failures: false
2020-05-22 20:56:42,358 INFO mapred.Task:  Using ResourceCalculatorProcessTree : [ ]
2020-05-22 20:56:42,360 INFO mapred.MapTask: Processing split: hdfs://localhost:9000/hadoop/terasort/terasort-1G/part-m-00001:0+134217728
2020-05-22 20:56:42,385 INFO mapreduce.Job:  map 100% reduce 0%
2020-05-22 20:56:42,454 INFO mapred.MapTask: (EQUATOR) 0 kvi 26214396(104857584)
2020-05-22 20:56:42,454 INFO mapred.MapTask: mapreduce.task.io.sort.mb: 100
2020-05-22 20:56:42,454 INFO mapred.MapTask: soft limit at 83886080
2020-05-22 20:56:42,454 INFO mapred.MapTask: bufstart = 0; bufvoid = 104857600
2020-05-22 20:56:42,454 INFO mapred.MapTask: kvstart = 26214396; length = 6553600
2020-05-22 20:56:42,456 INFO mapred.MapTask: Map output collector class = org.apache.hadoop.mapred.MapTask$MapOutputBuffer
2020-05-22 20:56:42,464 INFO sasl.SaslDataTransferClient: SASL encryption trust check: localHostTrusted = false, remoteHostTrusted = false
2020-05-22 20:56:42,951 INFO mapred.MapTask: Spilling map output
2020-05-22 20:56:42,951 INFO mapred.MapTask: bufstart = 0; bufend = 72511698; bufvoid = 104857600
2020-05-22 20:56:42,951 INFO mapred.MapTask: kvstart = 26214396(104857584); kvend = 23370804(93483216); length = 2843593/6553600
2020-05-22 20:56:42,951 INFO mapred.MapTask: (EQUATOR) 75355282 kvi 18838816(75355264)
2020-05-22 20:56:44,558 INFO mapred.MapTask: Finished spill 0
2020-05-22 20:56:44,558 INFO mapred.MapTask: (RESET) equator 75355282 kv 18838816(75355264) kvi 18127932(72511728)
2020-05-22 20:56:45,108 INFO mapred.LocalJobRunner: 
2020-05-22 20:56:45,108 INFO mapred.MapTask: Starting flush of map output
2020-05-22 20:56:45,108 INFO mapred.MapTask: Spilling map output
2020-05-22 20:56:45,108 INFO mapred.MapTask: bufstart = 75355282; bufend = 34888140; bufvoid = 104857600
2020-05-22 20:56:45,108 INFO mapred.MapTask: kvstart = 18838816(75355264); kvend = 16313704(65254816); length = 2525113/6553600
2020-05-22 20:56:45,456 INFO mapreduce.Job:  map 63% reduce 0%
2020-05-22 20:56:46,299 INFO mapred.MapTask: Finished spill 1
2020-05-22 20:56:46,301 INFO mapred.Merger: Merging 2 sorted segments
2020-05-22 20:56:46,302 INFO mapred.Merger: Down to the last merge-pass, with 2 segments left of total size: 139586498 bytes
2020-05-22 20:56:47,485 INFO mapred.Task: Task:attempt_local1602415364_0001_m_000005_0 is done. And is in the process of committing
2020-05-22 20:56:47,489 INFO mapred.LocalJobRunner: map > sort
2020-05-22 20:56:47,490 INFO mapred.Task: Task 'attempt_local1602415364_0001_m_000005_0' done.
2020-05-22 20:56:47,490 INFO mapred.Task: Final Counters for attempt_local1602415364_0001_m_000005_0: Counters: 23
	File System Counters
		FILE: Number of bytes read=837840595
		FILE: Number of bytes written=1675883794
		FILE: Number of read operations=0
		FILE: Number of large read operations=0
		FILE: Number of write operations=0
		HDFS: Number of bytes read=815306400
		HDFS: Number of bytes written=0
		HDFS: Number of read operations=37
		HDFS: Number of large read operations=0
		HDFS: Number of write operations=2
		HDFS: Number of bytes read erasure-coded=0
	Map-Reduce Framework
		Map input records=1342178
		Map output records=1342178
		Map output bytes=136902156
		Map output materialized bytes=139586518
		Input split bytes=127
		Combine input records=0
		Spilled Records=2684356
		Failed Shuffles=0
		Merged Map outputs=0
		GC time elapsed (ms)=225
		Total committed heap usage (bytes)=1866465280
	File Input Format Counters 
		Bytes Read=134217800
2020-05-22 20:56:47,490 INFO mapred.LocalJobRunner: Finishing task: attempt_local1602415364_0001_m_000005_0
2020-05-22 20:56:47,491 INFO mapred.LocalJobRunner: Starting task: attempt_local1602415364_0001_m_000006_0
2020-05-22 20:56:47,493 INFO output.FileOutputCommitter: File Output Committer Algorithm version is 2
2020-05-22 20:56:47,493 INFO output.FileOutputCommitter: FileOutputCommitter skip cleanup _temporary folders under output directory:false, ignore cleanup failures: false
2020-05-22 20:56:47,494 INFO mapred.Task:  Using ResourceCalculatorProcessTree : [ ]
2020-05-22 20:56:47,496 INFO mapred.MapTask: Processing split: hdfs://localhost:9000/hadoop/terasort/terasort-1G/part-m-00000:402653184+97346816
2020-05-22 20:56:47,585 INFO mapred.MapTask: (EQUATOR) 0 kvi 26214396(104857584)
2020-05-22 20:56:47,585 INFO mapred.MapTask: mapreduce.task.io.sort.mb: 100
2020-05-22 20:56:47,585 INFO mapred.MapTask: soft limit at 83886080
2020-05-22 20:56:47,585 INFO mapred.MapTask: bufstart = 0; bufvoid = 104857600
2020-05-22 20:56:47,585 INFO mapred.MapTask: kvstart = 26214396; length = 6553600
2020-05-22 20:56:47,586 INFO mapred.MapTask: Map output collector class = org.apache.hadoop.mapred.MapTask$MapOutputBuffer
2020-05-22 20:56:47,592 INFO sasl.SaslDataTransferClient: SASL encryption trust check: localHostTrusted = false, remoteHostTrusted = false
2020-05-22 20:56:48,067 INFO mapred.MapTask: Spilling map output
2020-05-22 20:56:48,067 INFO mapred.MapTask: bufstart = 0; bufend = 72511698; bufvoid = 104857600
2020-05-22 20:56:48,067 INFO mapred.MapTask: kvstart = 26214396(104857584); kvend = 23370804(93483216); length = 2843593/6553600
2020-05-22 20:56:48,067 INFO mapred.MapTask: (EQUATOR) 75355282 kvi 18838816(75355264)
2020-05-22 20:56:48,459 INFO mapreduce.Job:  map 100% reduce 0%
2020-05-22 20:56:49,812 INFO mapred.MapTask: Finished spill 0
2020-05-22 20:56:49,812 INFO mapred.MapTask: (RESET) equator 75355282 kv 18838816(75355264) kvi 18127932(72511728)
2020-05-22 20:56:49,888 INFO mapred.LocalJobRunner: 
2020-05-22 20:56:49,889 INFO mapred.MapTask: Starting flush of map output
2020-05-22 20:56:49,889 INFO mapred.MapTask: Spilling map output
2020-05-22 20:56:49,889 INFO mapred.MapTask: bufstart = 75355282; bufend = 102137320; bufvoid = 104857600
2020-05-22 20:56:49,889 INFO mapred.MapTask: kvstart = 18838816(75355264); kvend = 17788544(71154176); length = 1050273/6553600
2020-05-22 20:56:50,419 INFO mapred.MapTask: Finished spill 1
2020-05-22 20:56:50,421 INFO mapred.Merger: Merging 2 sorted segments
2020-05-22 20:56:50,422 INFO mapred.Merger: Down to the last merge-pass, with 2 segments left of total size: 101240658 bytes
2020-05-22 20:56:50,462 INFO mapreduce.Job:  map 75% reduce 0%
2020-05-22 20:56:51,120 INFO mapred.Task: Task:attempt_local1602415364_0001_m_000006_0 is done. And is in the process of committing
2020-05-22 20:56:51,124 INFO mapred.LocalJobRunner: map > sort
2020-05-22 20:56:51,124 INFO mapred.Task: Task 'attempt_local1602415364_0001_m_000006_0' done.
2020-05-22 20:56:51,125 INFO mapred.Task: Final Counters for attempt_local1602415364_0001_m_000006_0: Counters: 23
	File System Counters
		FILE: Number of bytes read=939081806
		FILE: Number of bytes written=1878365188
		FILE: Number of read operations=0
		FILE: Number of large read operations=0
		FILE: Number of write operations=0
		HDFS: Number of bytes read=912653200
		HDFS: Number of bytes written=0
		HDFS: Number of read operations=39
		HDFS: Number of large read operations=0
		HDFS: Number of write operations=2
		HDFS: Number of bytes read erasure-coded=0
	Map-Reduce Framework
		Map input records=973468
		Map output records=973468
		Map output bytes=99293736
		Map output materialized bytes=101240678
		Input split bytes=127
		Combine input records=0
		Spilled Records=1946936
		Failed Shuffles=0
		Merged Map outputs=0
		GC time elapsed (ms)=0
		Total committed heap usage (bytes)=1866465280
	File Input Format Counters 
		Bytes Read=97346800
2020-05-22 20:56:51,125 INFO mapred.LocalJobRunner: Finishing task: attempt_local1602415364_0001_m_000006_0
2020-05-22 20:56:51,126 INFO mapred.LocalJobRunner: Starting task: attempt_local1602415364_0001_m_000007_0
2020-05-22 20:56:51,129 INFO output.FileOutputCommitter: File Output Committer Algorithm version is 2
2020-05-22 20:56:51,129 INFO output.FileOutputCommitter: FileOutputCommitter skip cleanup _temporary folders under output directory:false, ignore cleanup failures: false
2020-05-22 20:56:51,130 INFO mapred.Task:  Using ResourceCalculatorProcessTree : [ ]
2020-05-22 20:56:51,132 INFO mapred.MapTask: Processing split: hdfs://localhost:9000/hadoop/terasort/terasort-1G/part-m-00001:402653184+97346816
2020-05-22 20:56:51,223 INFO mapred.MapTask: (EQUATOR) 0 kvi 26214396(104857584)
2020-05-22 20:56:51,223 INFO mapred.MapTask: mapreduce.task.io.sort.mb: 100
2020-05-22 20:56:51,223 INFO mapred.MapTask: soft limit at 83886080
2020-05-22 20:56:51,223 INFO mapred.MapTask: bufstart = 0; bufvoid = 104857600
2020-05-22 20:56:51,223 INFO mapred.MapTask: kvstart = 26214396; length = 6553600
2020-05-22 20:56:51,224 INFO mapred.MapTask: Map output collector class = org.apache.hadoop.mapred.MapTask$MapOutputBuffer
2020-05-22 20:56:51,463 INFO mapreduce.Job:  map 100% reduce 0%
2020-05-22 20:56:51,678 INFO mapred.MapTask: Spilling map output
2020-05-22 20:56:51,678 INFO mapred.MapTask: bufstart = 0; bufend = 72511698; bufvoid = 104857600
2020-05-22 20:56:51,678 INFO mapred.MapTask: kvstart = 26214396(104857584); kvend = 23370804(93483216); length = 2843593/6553600
2020-05-22 20:56:51,678 INFO mapred.MapTask: (EQUATOR) 75355282 kvi 18838816(75355264)
2020-05-22 20:56:53,082 INFO mapred.MapTask: Finished spill 0
2020-05-22 20:56:53,082 INFO mapred.MapTask: (RESET) equator 75355282 kv 18838816(75355264) kvi 18127932(72511728)
2020-05-22 20:56:53,154 INFO mapred.LocalJobRunner: 
2020-05-22 20:56:53,154 INFO mapred.MapTask: Starting flush of map output
2020-05-22 20:56:53,154 INFO mapred.MapTask: Spilling map output
2020-05-22 20:56:53,154 INFO mapred.MapTask: bufstart = 75355282; bufend = 102137320; bufvoid = 104857600
2020-05-22 20:56:53,154 INFO mapred.MapTask: kvstart = 18838816(75355264); kvend = 17788544(71154176); length = 1050273/6553600
2020-05-22 20:56:53,465 INFO mapreduce.Job:  map 88% reduce 0%
2020-05-22 20:56:53,674 INFO mapred.MapTask: Finished spill 1
2020-05-22 20:56:53,675 INFO mapred.Merger: Merging 2 sorted segments
2020-05-22 20:56:53,676 INFO mapred.Merger: Down to the last merge-pass, with 2 segments left of total size: 101240658 bytes
2020-05-22 20:56:54,368 INFO mapred.Task: Task:attempt_local1602415364_0001_m_000007_0 is done. And is in the process of committing
2020-05-22 20:56:54,373 INFO mapred.LocalJobRunner: map > sort
2020-05-22 20:56:54,373 INFO mapred.Task: Task 'attempt_local1602415364_0001_m_000007_0' done.
2020-05-22 20:56:54,374 INFO mapred.Task: Final Counters for attempt_local1602415364_0001_m_000007_0: Counters: 23
	File System Counters
		FILE: Number of bytes read=1040323017
		FILE: Number of bytes written=2080846582
		FILE: Number of read operations=0
		FILE: Number of large read operations=0
		FILE: Number of write operations=0
		HDFS: Number of bytes read=1010000000
		HDFS: Number of bytes written=0
		HDFS: Number of read operations=41
		HDFS: Number of large read operations=0
		HDFS: Number of write operations=2
		HDFS: Number of bytes read erasure-coded=0
	Map-Reduce Framework
		Map input records=973468
		Map output records=973468
		Map output bytes=99293736
		Map output materialized bytes=101240678
		Input split bytes=127
		Combine input records=0
		Spilled Records=1946936
		Failed Shuffles=0
		Merged Map outputs=0
		GC time elapsed (ms)=0
		Total committed heap usage (bytes)=1866465280
	File Input Format Counters 
		Bytes Read=97346800
2020-05-22 20:56:54,374 INFO mapred.LocalJobRunner: Finishing task: attempt_local1602415364_0001_m_000007_0
2020-05-22 20:56:54,374 INFO mapred.LocalJobRunner: map task executor complete.
2020-05-22 20:56:54,382 INFO mapred.LocalJobRunner: Waiting for reduce tasks
2020-05-22 20:56:54,382 INFO mapred.LocalJobRunner: Starting task: attempt_local1602415364_0001_r_000000_0
2020-05-22 20:56:54,396 INFO output.FileOutputCommitter: File Output Committer Algorithm version is 2
2020-05-22 20:56:54,396 INFO output.FileOutputCommitter: FileOutputCommitter skip cleanup _temporary folders under output directory:false, ignore cleanup failures: false
2020-05-22 20:56:54,396 INFO mapred.Task:  Using ResourceCalculatorProcessTree : [ ]
2020-05-22 20:56:54,402 INFO mapred.ReduceTask: Using ShuffleConsumerPlugin: org.apache.hadoop.mapreduce.task.reduce.Shuffle@7e196e4c
2020-05-22 20:56:54,405 WARN impl.MetricsSystemImpl: JobTracker metrics system already initialized!
2020-05-22 20:56:54,434 INFO reduce.MergeManagerImpl: The max number of bytes for a single in-memory shuffle cannot be larger than Integer.MAX_VALUE. Setting it to Integer.MAX_VALUE
2020-05-22 20:56:54,434 INFO reduce.MergeManagerImpl: MergerManager: memoryLimit=10490373120, maxSingleShuffleLimit=2147483647, mergeThreshold=6923646464, ioSortFactor=10, memToMemMergeOutputsThreshold=10
2020-05-22 20:56:54,438 INFO reduce.EventFetcher: attempt_local1602415364_0001_r_000000_0 Thread started: EventFetcher for fetching Map Completion Events
2020-05-22 20:56:54,465 INFO mapreduce.Job:  map 100% reduce 0%
2020-05-22 20:56:54,573 INFO reduce.LocalFetcher: localfetcher#1 about to shuffle output of map attempt_local1602415364_0001_m_000003_0 decomp: 139586410 len: 139586414 to MEMORY
2020-05-22 20:56:54,716 INFO reduce.InMemoryMapOutput: Read 139586410 bytes from map-output for attempt_local1602415364_0001_m_000003_0
2020-05-22 20:56:54,718 INFO reduce.MergeManagerImpl: closeInMemoryFile -> map-output of size: 139586410, inMemoryMapOutputs.size() -> 1, commitMemory -> 0, usedMemory ->139586410
2020-05-22 20:56:54,809 INFO reduce.LocalFetcher: localfetcher#1 about to shuffle output of map attempt_local1602415364_0001_m_000000_0 decomp: 139586514 len: 139586518 to MEMORY
2020-05-22 20:56:54,947 INFO reduce.InMemoryMapOutput: Read 139586514 bytes from map-output for attempt_local1602415364_0001_m_000000_0
2020-05-22 20:56:54,947 INFO reduce.MergeManagerImpl: closeInMemoryFile -> map-output of size: 139586514, inMemoryMapOutputs.size() -> 2, commitMemory -> 139586410, usedMemory ->279172924
2020-05-22 20:56:55,035 INFO reduce.LocalFetcher: localfetcher#1 about to shuffle output of map attempt_local1602415364_0001_m_000001_0 decomp: 139586410 len: 139586414 to MEMORY
2020-05-22 20:56:55,148 INFO reduce.InMemoryMapOutput: Read 139586410 bytes from map-output for attempt_local1602415364_0001_m_000001_0
2020-05-22 20:56:55,148 INFO reduce.MergeManagerImpl: closeInMemoryFile -> map-output of size: 139586410, inMemoryMapOutputs.size() -> 3, commitMemory -> 279172924, usedMemory ->418759334
2020-05-22 20:56:55,431 INFO reduce.LocalFetcher: localfetcher#1 about to shuffle output of map attempt_local1602415364_0001_m_000007_0 decomp: 101240674 len: 101240678 to MEMORY
2020-05-22 20:56:55,510 INFO reduce.InMemoryMapOutput: Read 101240674 bytes from map-output for attempt_local1602415364_0001_m_000007_0
2020-05-22 20:56:55,510 INFO reduce.MergeManagerImpl: closeInMemoryFile -> map-output of size: 101240674, inMemoryMapOutputs.size() -> 4, commitMemory -> 418759334, usedMemory ->520000008
2020-05-22 20:56:55,583 INFO reduce.LocalFetcher: localfetcher#1 about to shuffle output of map attempt_local1602415364_0001_m_000004_0 decomp: 139586410 len: 139586414 to MEMORY
2020-05-22 20:56:55,739 INFO reduce.InMemoryMapOutput: Read 139586410 bytes from map-output for attempt_local1602415364_0001_m_000004_0
2020-05-22 20:56:55,739 INFO reduce.MergeManagerImpl: closeInMemoryFile -> map-output of size: 139586410, inMemoryMapOutputs.size() -> 5, commitMemory -> 520000008, usedMemory ->659586418
2020-05-22 20:56:55,780 INFO reduce.LocalFetcher: localfetcher#1 about to shuffle output of map attempt_local1602415364_0001_m_000005_0 decomp: 139586514 len: 139586518 to MEMORY
2020-05-22 20:56:55,932 INFO reduce.InMemoryMapOutput: Read 139586514 bytes from map-output for attempt_local1602415364_0001_m_000005_0
2020-05-22 20:56:55,932 INFO reduce.MergeManagerImpl: closeInMemoryFile -> map-output of size: 139586514, inMemoryMapOutputs.size() -> 6, commitMemory -> 659586418, usedMemory ->799172932
2020-05-22 20:56:55,973 INFO reduce.LocalFetcher: localfetcher#1 about to shuffle output of map attempt_local1602415364_0001_m_000002_0 decomp: 139586410 len: 139586414 to MEMORY
2020-05-22 20:56:56,115 INFO reduce.InMemoryMapOutput: Read 139586410 bytes from map-output for attempt_local1602415364_0001_m_000002_0
2020-05-22 20:56:56,116 INFO reduce.MergeManagerImpl: closeInMemoryFile -> map-output of size: 139586410, inMemoryMapOutputs.size() -> 7, commitMemory -> 799172932, usedMemory ->938759342
2020-05-22 20:56:56,144 INFO reduce.LocalFetcher: localfetcher#1 about to shuffle output of map attempt_local1602415364_0001_m_000006_0 decomp: 101240674 len: 101240678 to MEMORY
2020-05-22 20:56:56,253 INFO reduce.InMemoryMapOutput: Read 101240674 bytes from map-output for attempt_local1602415364_0001_m_000006_0
2020-05-22 20:56:56,253 INFO reduce.MergeManagerImpl: closeInMemoryFile -> map-output of size: 101240674, inMemoryMapOutputs.size() -> 8, commitMemory -> 938759342, usedMemory ->1040000016
2020-05-22 20:56:56,254 INFO reduce.EventFetcher: EventFetcher is interrupted.. Returning
2020-05-22 20:56:56,255 INFO mapred.LocalJobRunner: 8 / 8 copied.
2020-05-22 20:56:56,255 INFO reduce.MergeManagerImpl: finalMerge called with 8 in-memory map-outputs and 0 on-disk map-outputs
2020-05-22 20:56:56,257 INFO mapred.Merger: Merging 8 sorted segments
2020-05-22 20:56:56,258 INFO mapred.Merger: Down to the last merge-pass, with 8 segments left of total size: 1039999912 bytes
2020-05-22 20:57:01,663 INFO reduce.MergeManagerImpl: Merged 8 segments, 1040000016 bytes to disk to satisfy reduce memory limit
2020-05-22 20:57:01,663 INFO reduce.MergeManagerImpl: Merging 1 files, 1040000006 bytes from disk
2020-05-22 20:57:01,665 INFO reduce.MergeManagerImpl: Merging 0 segments, 0 bytes from memory into reduce
2020-05-22 20:57:01,665 INFO mapred.Merger: Merging 1 sorted segments
2020-05-22 20:57:01,665 INFO mapred.Merger: Down to the last merge-pass, with 1 segments left of total size: 1039999989 bytes
2020-05-22 20:57:01,666 INFO mapred.LocalJobRunner: 8 / 8 copied.
2020-05-22 20:57:01,690 INFO Configuration.deprecation: mapred.skip.on is deprecated. Instead, use mapreduce.job.skiprecords
2020-05-22 20:57:01,755 INFO sasl.SaslDataTransferClient: SASL encryption trust check: localHostTrusted = false, remoteHostTrusted = false
2020-05-22 20:57:03,107 INFO sasl.SaslDataTransferClient: SASL encryption trust check: localHostTrusted = false, remoteHostTrusted = false
2020-05-22 20:57:04,449 INFO sasl.SaslDataTransferClient: SASL encryption trust check: localHostTrusted = false, remoteHostTrusted = false
2020-05-22 20:57:06,281 INFO sasl.SaslDataTransferClient: SASL encryption trust check: localHostTrusted = false, remoteHostTrusted = false
2020-05-22 20:57:06,400 INFO mapred.LocalJobRunner: reduce > reduce
2020-05-22 20:57:06,474 INFO mapreduce.Job:  map 100% reduce 81%
2020-05-22 20:57:07,740 INFO sasl.SaslDataTransferClient: SASL encryption trust check: localHostTrusted = false, remoteHostTrusted = false
2020-05-22 20:57:08,790 INFO sasl.SaslDataTransferClient: SASL encryption trust check: localHostTrusted = false, remoteHostTrusted = false
2020-05-22 20:57:11,215 INFO sasl.SaslDataTransferClient: SASL encryption trust check: localHostTrusted = false, remoteHostTrusted = false
2020-05-22 20:57:12,402 INFO mapred.LocalJobRunner: reduce > reduce
2020-05-22 20:57:12,477 INFO mapreduce.Job:  map 100% reduce 97%
2020-05-22 20:57:12,582 INFO sasl.SaslDataTransferClient: SASL encryption trust check: localHostTrusted = false, remoteHostTrusted = false
2020-05-22 20:57:14,390 INFO mapred.Task: Task:attempt_local1602415364_0001_r_000000_0 is done. And is in the process of committing
2020-05-22 20:57:14,395 INFO mapred.LocalJobRunner: reduce > reduce
2020-05-22 20:57:14,395 INFO mapred.Task: Task attempt_local1602415364_0001_r_000000_0 is allowed to commit now
2020-05-22 20:57:14,417 INFO output.FileOutputCommitter: Saved output of task 'attempt_local1602415364_0001_r_000000_0' to hdfs://localhost:9000/hadoop/terasort/terasort-out
2020-05-22 20:57:14,418 INFO mapred.LocalJobRunner: reduce > reduce
2020-05-22 20:57:14,418 INFO mapred.Task: Task 'attempt_local1602415364_0001_r_000000_0' done.
2020-05-22 20:57:14,420 INFO mapred.Task: Final Counters for attempt_local1602415364_0001_r_000000_0: Counters: 30
	File System Counters
		FILE: Number of bytes read=3120323327
		FILE: Number of bytes written=3120846588
		FILE: Number of read operations=0
		FILE: Number of large read operations=0
		FILE: Number of write operations=0
		HDFS: Number of bytes read=1010000000
		HDFS: Number of bytes written=1000000000
		HDFS: Number of read operations=46
		HDFS: Number of large read operations=0
		HDFS: Number of write operations=4
		HDFS: Number of bytes read erasure-coded=0
	Map-Reduce Framework
		Combine input records=0
		Combine output records=0
		Reduce input groups=10000000
		Reduce shuffle bytes=1040000048
		Reduce input records=10000000
		Reduce output records=10000000
		Spilled Records=10000000
		Shuffled Maps =8
		Failed Shuffles=0
		Merged Map outputs=8
		GC time elapsed (ms)=555
		Total committed heap usage (bytes)=3303538688
	Shuffle Errors
		BAD_ID=0
		CONNECTION=0
		IO_ERROR=0
		WRONG_LENGTH=0
		WRONG_MAP=0
		WRONG_REDUCE=0
	File Output Format Counters 
		Bytes Written=1000000000
2020-05-22 20:57:14,421 INFO mapred.LocalJobRunner: Finishing task: attempt_local1602415364_0001_r_000000_0
2020-05-22 20:57:14,421 INFO mapred.LocalJobRunner: reduce task executor complete.
2020-05-22 20:57:14,479 INFO mapreduce.Job:  map 100% reduce 100%
2020-05-22 20:57:15,480 INFO mapreduce.Job: Job job_local1602415364_0001 completed successfully
2020-05-22 20:57:15,503 INFO mapreduce.Job: Counters: 36
	File System Counters
		FILE: Number of bytes read=8032963923
		FILE: Number of bytes written=12947767092
		FILE: Number of read operations=0
		FILE: Number of large read operations=0
		FILE: Number of write operations=0
		HDFS: Number of bytes read=5811225600
		HDFS: Number of bytes written=1000000000
		HDFS: Number of read operations=318
		HDFS: Number of large read operations=0
		HDFS: Number of write operations=20
		HDFS: Number of bytes read erasure-coded=0
	Map-Reduce Framework
		Map input records=10000000
		Map output records=10000000
		Map output bytes=1020000000
		Map output materialized bytes=1040000048
		Input split bytes=1016
		Combine input records=0
		Combine output records=0
		Reduce input groups=10000000
		Reduce shuffle bytes=1040000048
		Reduce input records=10000000
		Reduce output records=10000000
		Spilled Records=30000000
		Shuffled Maps =8
		Failed Shuffles=0
		Merged Map outputs=8
		GC time elapsed (ms)=1324
		Total committed heap usage (bytes)=16681271296
	Shuffle Errors
		BAD_ID=0
		CONNECTION=0
		IO_ERROR=0
		WRONG_LENGTH=0
		WRONG_MAP=0
		WRONG_REDUCE=0
	File Input Format Counters 
		Bytes Read=1000000000
	File Output Format Counters 
		Bytes Written=1000000000
2020-05-22 20:57:15,503 INFO terasort.TeraSort: done
1590161235505 Running java agent shutdown
1590161235505 Running periodic profiler (last run): com.uber.profiling.profilers.CpuAndMemoryProfiler@76a4d6c
1590161235512 Ran periodic profiler (last run): com.uber.profiling.profilers.CpuAndMemoryProfiler@76a4d6c
1590161235512 Closing reporter com.uber.profiling.reporters.FileOutputReporter@66ce21b6
1590161235513 Closed reporter com.uber.profiling.reporters.FileOutputReporter@66ce21b6
