2020-05-22 21:02:06,363 INFO terasort.TeraSort: starting
2020-05-22 21:02:10,733 INFO input.FileInputFormat: Total input files to process : 2
2020-05-22 21:02:10,816 INFO sasl.SaslDataTransferClient: SASL encryption trust check: localHostTrusted = false, remoteHostTrusted = false
2020-05-22 21:02:10,816 INFO sasl.SaslDataTransferClient: SASL encryption trust check: localHostTrusted = false, remoteHostTrusted = false
2020-05-22 21:02:10,816 INFO sasl.SaslDataTransferClient: SASL encryption trust check: localHostTrusted = false, remoteHostTrusted = false
2020-05-22 21:02:10,816 INFO sasl.SaslDataTransferClient: SASL encryption trust check: localHostTrusted = false, remoteHostTrusted = false
2020-05-22 21:02:10,816 INFO sasl.SaslDataTransferClient: SASL encryption trust check: localHostTrusted = false, remoteHostTrusted = false
2020-05-22 21:02:10,816 INFO sasl.SaslDataTransferClient: SASL encryption trust check: localHostTrusted = false, remoteHostTrusted = false
2020-05-22 21:02:10,820 INFO sasl.SaslDataTransferClient: SASL encryption trust check: localHostTrusted = false, remoteHostTrusted = false
2020-05-22 21:02:10,820 INFO sasl.SaslDataTransferClient: SASL encryption trust check: localHostTrusted = false, remoteHostTrusted = false
2020-05-22 21:02:11,573 INFO impl.MetricsConfig: Loaded properties from hadoop-metrics2.properties
2020-05-22 21:02:11,595 INFO impl.MetricsSystemImpl: Scheduled Metric snapshot period at 10 second(s).
2020-05-22 21:02:11,595 INFO impl.MetricsSystemImpl: JobTracker metrics system started
2020-05-22 21:02:11,708 INFO mapreduce.JobSubmitter: number of splits:8
2020-05-22 21:02:11,831 INFO mapreduce.JobSubmitter: Submitting tokens for job: job_local1896696004_0001
2020-05-22 21:02:11,831 INFO mapreduce.JobSubmitter: Executing with tokens: []
2020-05-22 21:02:12,035 INFO mapred.LocalDistributedCacheManager: Creating symlink: /disk2/user/hdata_3/mapred/local/job_local1896696004_0001_d64ed62c-4996-47e7-89fb-1fdd378dd535/_partition.lst <- /home/ananth/BigDataBench_V5.0_BigData_MicroBenchmark/Hadoop/Sort/_partition.lst
2020-05-22 21:02:12,038 INFO mapred.LocalDistributedCacheManager: Localized hdfs://localhost:9000/hadoop/terasort/terasort-out/_partition.lst as file:/disk2/user/hdata_3/mapred/local/job_local1896696004_0001_d64ed62c-4996-47e7-89fb-1fdd378dd535/_partition.lst
2020-05-22 21:02:12,120 INFO mapreduce.Job: The url to track the job: http://localhost:8080/
2020-05-22 21:02:12,121 INFO mapreduce.Job: Running job: job_local1896696004_0001
2020-05-22 21:02:12,123 INFO mapred.LocalJobRunner: OutputCommitter set in config null
2020-05-22 21:02:12,127 INFO output.FileOutputCommitter: File Output Committer Algorithm version is 2
2020-05-22 21:02:12,127 INFO output.FileOutputCommitter: FileOutputCommitter skip cleanup _temporary folders under output directory:false, ignore cleanup failures: false
2020-05-22 21:02:12,128 INFO mapred.LocalJobRunner: OutputCommitter is org.apache.hadoop.mapreduce.lib.output.FileOutputCommitter
2020-05-22 21:02:12,209 INFO mapred.LocalJobRunner: Waiting for map tasks
2020-05-22 21:02:12,209 INFO mapred.LocalJobRunner: Starting task: attempt_local1896696004_0001_m_000000_0
2020-05-22 21:02:12,245 INFO output.FileOutputCommitter: File Output Committer Algorithm version is 2
2020-05-22 21:02:12,246 INFO output.FileOutputCommitter: FileOutputCommitter skip cleanup _temporary folders under output directory:false, ignore cleanup failures: false
2020-05-22 21:02:12,267 INFO mapred.Task:  Using ResourceCalculatorProcessTree : [ ]
2020-05-22 21:02:12,270 INFO mapred.MapTask: Processing split: hdfs://localhost:9000/hadoop/terasort/terasort-1G/part-m-00000:0+134217728
2020-05-22 21:02:12,345 INFO mapred.MapTask: (EQUATOR) 0 kvi 26214396(104857584)
2020-05-22 21:02:12,345 INFO mapred.MapTask: mapreduce.task.io.sort.mb: 100
2020-05-22 21:02:12,345 INFO mapred.MapTask: soft limit at 83886080
2020-05-22 21:02:12,345 INFO mapred.MapTask: bufstart = 0; bufvoid = 104857600
2020-05-22 21:02:12,345 INFO mapred.MapTask: kvstart = 26214396; length = 6553600
2020-05-22 21:02:12,349 INFO mapred.MapTask: Map output collector class = org.apache.hadoop.mapred.MapTask$MapOutputBuffer
2020-05-22 21:02:12,361 INFO sasl.SaslDataTransferClient: SASL encryption trust check: localHostTrusted = false, remoteHostTrusted = false
2020-05-22 21:02:13,004 INFO mapred.MapTask: Spilling map output
2020-05-22 21:02:13,004 INFO mapred.MapTask: bufstart = 0; bufend = 72511698; bufvoid = 104857600
2020-05-22 21:02:13,004 INFO mapred.MapTask: kvstart = 26214396(104857584); kvend = 23370804(93483216); length = 2843593/6553600
2020-05-22 21:02:13,004 INFO mapred.MapTask: (EQUATOR) 75355282 kvi 18838816(75355264)
2020-05-22 21:02:13,126 INFO mapreduce.Job: Job job_local1896696004_0001 running in uber mode : false
2020-05-22 21:02:13,129 INFO mapreduce.Job:  map 0% reduce 0%
2020-05-22 21:02:15,134 INFO mapred.MapTask: Finished spill 0
2020-05-22 21:02:15,135 INFO mapred.MapTask: (RESET) equator 75355282 kv 18838816(75355264) kvi 18127932(72511728)
2020-05-22 21:02:15,724 INFO mapred.LocalJobRunner: 
2020-05-22 21:02:15,724 INFO mapred.MapTask: Starting flush of map output
2020-05-22 21:02:15,724 INFO mapred.MapTask: Spilling map output
2020-05-22 21:02:15,724 INFO mapred.MapTask: bufstart = 75355282; bufend = 34888140; bufvoid = 104857600
2020-05-22 21:02:15,725 INFO mapred.MapTask: kvstart = 18838816(75355264); kvend = 16313704(65254816); length = 2525113/6553600
2020-05-22 21:02:17,132 INFO mapred.MapTask: Finished spill 1
2020-05-22 21:02:17,138 INFO mapred.Merger: Merging 2 sorted segments
2020-05-22 21:02:17,143 INFO mapred.Merger: Down to the last merge-pass, with 2 segments left of total size: 139586498 bytes
2020-05-22 21:02:18,176 INFO mapred.Task: Task:attempt_local1896696004_0001_m_000000_0 is done. And is in the process of committing
2020-05-22 21:02:18,184 INFO mapred.LocalJobRunner: map > sort
2020-05-22 21:02:18,184 INFO mapred.Task: Task 'attempt_local1896696004_0001_m_000000_0' done.
2020-05-22 21:02:18,190 INFO mapred.Task: Final Counters for attempt_local1896696004_0001_m_000000_0: Counters: 23
	File System Counters
		FILE: Number of bytes read=139904220
		FILE: Number of bytes written=280019256
		FILE: Number of read operations=0
		FILE: Number of large read operations=0
		FILE: Number of write operations=0
		HDFS: Number of bytes read=144217800
		HDFS: Number of bytes written=0
		HDFS: Number of read operations=27
		HDFS: Number of large read operations=0
		HDFS: Number of write operations=2
		HDFS: Number of bytes read erasure-coded=0
	Map-Reduce Framework
		Map input records=1342178
		Map output records=1342178
		Map output bytes=136902156
		Map output materialized bytes=139586518
		Input split bytes=127
		Combine input records=0
		Spilled Records=2684356
		Failed Shuffles=0
		Merged Map outputs=0
		GC time elapsed (ms)=178
		Total committed heap usage (bytes)=1304952832
	File Input Format Counters 
		Bytes Read=134217800
2020-05-22 21:02:18,190 INFO mapred.LocalJobRunner: Finishing task: attempt_local1896696004_0001_m_000000_0
2020-05-22 21:02:18,191 INFO mapred.LocalJobRunner: Starting task: attempt_local1896696004_0001_m_000001_0
2020-05-22 21:02:18,193 INFO output.FileOutputCommitter: File Output Committer Algorithm version is 2
2020-05-22 21:02:18,194 INFO output.FileOutputCommitter: FileOutputCommitter skip cleanup _temporary folders under output directory:false, ignore cleanup failures: false
2020-05-22 21:02:18,195 INFO mapred.Task:  Using ResourceCalculatorProcessTree : [ ]
2020-05-22 21:02:18,197 INFO mapred.MapTask: Processing split: hdfs://localhost:9000/hadoop/terasort/terasort-1G/part-m-00000:134217728+134217728
2020-05-22 21:02:18,323 INFO mapred.MapTask: (EQUATOR) 0 kvi 26214396(104857584)
2020-05-22 21:02:18,323 INFO mapred.MapTask: mapreduce.task.io.sort.mb: 100
2020-05-22 21:02:18,323 INFO mapred.MapTask: soft limit at 83886080
2020-05-22 21:02:18,323 INFO mapred.MapTask: bufstart = 0; bufvoid = 104857600
2020-05-22 21:02:18,324 INFO mapred.MapTask: kvstart = 26214396; length = 6553600
2020-05-22 21:02:18,324 INFO mapred.MapTask: Map output collector class = org.apache.hadoop.mapred.MapTask$MapOutputBuffer
2020-05-22 21:02:18,330 INFO sasl.SaslDataTransferClient: SASL encryption trust check: localHostTrusted = false, remoteHostTrusted = false
2020-05-22 21:02:18,830 INFO mapred.MapTask: Spilling map output
2020-05-22 21:02:18,830 INFO mapred.MapTask: bufstart = 0; bufend = 72511698; bufvoid = 104857600
2020-05-22 21:02:18,830 INFO mapred.MapTask: kvstart = 26214396(104857584); kvend = 23370804(93483216); length = 2843593/6553600
2020-05-22 21:02:18,830 INFO mapred.MapTask: (EQUATOR) 75355282 kvi 18838816(75355264)
2020-05-22 21:02:19,138 INFO mapreduce.Job:  map 100% reduce 0%
2020-05-22 21:02:20,567 INFO mapred.MapTask: Finished spill 0
2020-05-22 21:02:20,567 INFO mapred.MapTask: (RESET) equator 75355282 kv 18838816(75355264) kvi 18127932(72511728)
2020-05-22 21:02:20,895 INFO mapred.LocalJobRunner: 
2020-05-22 21:02:20,895 INFO mapred.MapTask: Starting flush of map output
2020-05-22 21:02:20,895 INFO mapred.MapTask: Spilling map output
2020-05-22 21:02:20,895 INFO mapred.MapTask: bufstart = 75355282; bufend = 34888038; bufvoid = 104857600
2020-05-22 21:02:20,895 INFO mapred.MapTask: kvstart = 18838816(75355264); kvend = 16313708(65254832); length = 2525109/6553600
2020-05-22 21:02:21,141 INFO mapreduce.Job:  map 13% reduce 0%
2020-05-22 21:02:22,123 INFO mapred.MapTask: Finished spill 1
2020-05-22 21:02:22,125 INFO mapred.Merger: Merging 2 sorted segments
2020-05-22 21:02:22,126 INFO mapred.Merger: Down to the last merge-pass, with 2 segments left of total size: 139586394 bytes
2020-05-22 21:02:23,262 INFO mapred.Task: Task:attempt_local1896696004_0001_m_000001_0 is done. And is in the process of committing
2020-05-22 21:02:23,269 INFO mapred.LocalJobRunner: map > sort
2020-05-22 21:02:23,269 INFO mapred.Task: Task 'attempt_local1896696004_0001_m_000001_0' done.
2020-05-22 21:02:23,271 INFO mapred.Task: Final Counters for attempt_local1896696004_0001_m_000001_0: Counters: 23
	File System Counters
		FILE: Number of bytes read=279491679
		FILE: Number of bytes written=559192122
		FILE: Number of read operations=0
		FILE: Number of large read operations=0
		FILE: Number of write operations=0
		HDFS: Number of bytes read=278435500
		HDFS: Number of bytes written=0
		HDFS: Number of read operations=29
		HDFS: Number of large read operations=0
		HDFS: Number of write operations=2
		HDFS: Number of bytes read erasure-coded=0
	Map-Reduce Framework
		Map input records=1342177
		Map output records=1342177
		Map output bytes=136902054
		Map output materialized bytes=139586414
		Input split bytes=127
		Combine input records=0
		Spilled Records=2684354
		Failed Shuffles=0
		Merged Map outputs=0
		GC time elapsed (ms)=0
		Total committed heap usage (bytes)=1304952832
	File Input Format Counters 
		Bytes Read=134217700
2020-05-22 21:02:23,271 INFO mapred.LocalJobRunner: Finishing task: attempt_local1896696004_0001_m_000001_0
2020-05-22 21:02:23,271 INFO mapred.LocalJobRunner: Starting task: attempt_local1896696004_0001_m_000002_0
2020-05-22 21:02:23,273 INFO output.FileOutputCommitter: File Output Committer Algorithm version is 2
2020-05-22 21:02:23,273 INFO output.FileOutputCommitter: FileOutputCommitter skip cleanup _temporary folders under output directory:false, ignore cleanup failures: false
2020-05-22 21:02:23,274 INFO mapred.Task:  Using ResourceCalculatorProcessTree : [ ]
2020-05-22 21:02:23,277 INFO mapred.MapTask: Processing split: hdfs://localhost:9000/hadoop/terasort/terasort-1G/part-m-00000:268435456+134217728
2020-05-22 21:02:23,361 INFO mapred.MapTask: (EQUATOR) 0 kvi 26214396(104857584)
2020-05-22 21:02:23,361 INFO mapred.MapTask: mapreduce.task.io.sort.mb: 100
2020-05-22 21:02:23,361 INFO mapred.MapTask: soft limit at 83886080
2020-05-22 21:02:23,361 INFO mapred.MapTask: bufstart = 0; bufvoid = 104857600
2020-05-22 21:02:23,361 INFO mapred.MapTask: kvstart = 26214396; length = 6553600
2020-05-22 21:02:23,363 INFO mapred.MapTask: Map output collector class = org.apache.hadoop.mapred.MapTask$MapOutputBuffer
2020-05-22 21:02:23,369 INFO sasl.SaslDataTransferClient: SASL encryption trust check: localHostTrusted = false, remoteHostTrusted = false
2020-05-22 21:02:23,955 INFO mapred.MapTask: Spilling map output
2020-05-22 21:02:23,955 INFO mapred.MapTask: bufstart = 0; bufend = 72511698; bufvoid = 104857600
2020-05-22 21:02:23,955 INFO mapred.MapTask: kvstart = 26214396(104857584); kvend = 23370804(93483216); length = 2843593/6553600
2020-05-22 21:02:23,955 INFO mapred.MapTask: (EQUATOR) 75355282 kvi 18838816(75355264)
2020-05-22 21:02:24,144 INFO mapreduce.Job:  map 100% reduce 0%
2020-05-22 21:02:25,399 INFO mapred.MapTask: Finished spill 0
2020-05-22 21:02:25,399 INFO mapred.MapTask: (RESET) equator 75355282 kv 18838816(75355264) kvi 18127932(72511728)
2020-05-22 21:02:25,708 INFO mapred.LocalJobRunner: 
2020-05-22 21:02:25,708 INFO mapred.MapTask: Starting flush of map output
2020-05-22 21:02:25,708 INFO mapred.MapTask: Spilling map output
2020-05-22 21:02:25,708 INFO mapred.MapTask: bufstart = 75355282; bufend = 34888038; bufvoid = 104857600
2020-05-22 21:02:25,708 INFO mapred.MapTask: kvstart = 18838816(75355264); kvend = 16313708(65254832); length = 2525109/6553600
2020-05-22 21:02:26,146 INFO mapreduce.Job:  map 25% reduce 0%
2020-05-22 21:02:27,034 INFO mapred.MapTask: Finished spill 1
2020-05-22 21:02:27,036 INFO mapred.Merger: Merging 2 sorted segments
2020-05-22 21:02:27,036 INFO mapred.Merger: Down to the last merge-pass, with 2 segments left of total size: 139586394 bytes
2020-05-22 21:02:28,059 INFO mapred.Task: Task:attempt_local1896696004_0001_m_000002_0 is done. And is in the process of committing
2020-05-22 21:02:28,065 INFO mapred.LocalJobRunner: map > sort
2020-05-22 21:02:28,065 INFO mapred.Task: Task 'attempt_local1896696004_0001_m_000002_0' done.
2020-05-22 21:02:28,067 INFO mapred.Task: Final Counters for attempt_local1896696004_0001_m_000002_0: Counters: 23
	File System Counters
		FILE: Number of bytes read=419079138
		FILE: Number of bytes written=838364988
		FILE: Number of read operations=0
		FILE: Number of large read operations=0
		FILE: Number of write operations=0
		HDFS: Number of bytes read=412653200
		HDFS: Number of bytes written=0
		HDFS: Number of read operations=31
		HDFS: Number of large read operations=0
		HDFS: Number of write operations=2
		HDFS: Number of bytes read erasure-coded=0
	Map-Reduce Framework
		Map input records=1342177
		Map output records=1342177
		Map output bytes=136902054
		Map output materialized bytes=139586414
		Input split bytes=127
		Combine input records=0
		Spilled Records=2684354
		Failed Shuffles=0
		Merged Map outputs=0
		GC time elapsed (ms)=122
		Total committed heap usage (bytes)=1678245888
	File Input Format Counters 
		Bytes Read=134217700
2020-05-22 21:02:28,067 INFO mapred.LocalJobRunner: Finishing task: attempt_local1896696004_0001_m_000002_0
2020-05-22 21:02:28,067 INFO mapred.LocalJobRunner: Starting task: attempt_local1896696004_0001_m_000003_0
2020-05-22 21:02:28,070 INFO output.FileOutputCommitter: File Output Committer Algorithm version is 2
2020-05-22 21:02:28,070 INFO output.FileOutputCommitter: FileOutputCommitter skip cleanup _temporary folders under output directory:false, ignore cleanup failures: false
2020-05-22 21:02:28,071 INFO mapred.Task:  Using ResourceCalculatorProcessTree : [ ]
2020-05-22 21:02:28,074 INFO mapred.MapTask: Processing split: hdfs://localhost:9000/hadoop/terasort/terasort-1G/part-m-00001:268435456+134217728
2020-05-22 21:02:28,148 INFO mapreduce.Job:  map 100% reduce 0%
2020-05-22 21:02:28,161 INFO mapred.MapTask: (EQUATOR) 0 kvi 26214396(104857584)
2020-05-22 21:02:28,162 INFO mapred.MapTask: mapreduce.task.io.sort.mb: 100
2020-05-22 21:02:28,162 INFO mapred.MapTask: soft limit at 83886080
2020-05-22 21:02:28,162 INFO mapred.MapTask: bufstart = 0; bufvoid = 104857600
2020-05-22 21:02:28,162 INFO mapred.MapTask: kvstart = 26214396; length = 6553600
2020-05-22 21:02:28,163 INFO mapred.MapTask: Map output collector class = org.apache.hadoop.mapred.MapTask$MapOutputBuffer
2020-05-22 21:02:28,170 INFO sasl.SaslDataTransferClient: SASL encryption trust check: localHostTrusted = false, remoteHostTrusted = false
2020-05-22 21:02:28,634 INFO mapred.MapTask: Spilling map output
2020-05-22 21:02:28,635 INFO mapred.MapTask: bufstart = 0; bufend = 72511698; bufvoid = 104857600
2020-05-22 21:02:28,635 INFO mapred.MapTask: kvstart = 26214396(104857584); kvend = 23370804(93483216); length = 2843593/6553600
2020-05-22 21:02:28,635 INFO mapred.MapTask: (EQUATOR) 75355282 kvi 18838816(75355264)
2020-05-22 21:02:30,342 INFO mapred.MapTask: Finished spill 0
2020-05-22 21:02:30,342 INFO mapred.MapTask: (RESET) equator 75355282 kv 18838816(75355264) kvi 18127932(72511728)
2020-05-22 21:02:30,650 INFO mapred.LocalJobRunner: 
2020-05-22 21:02:30,650 INFO mapred.MapTask: Starting flush of map output
2020-05-22 21:02:30,650 INFO mapred.MapTask: Spilling map output
2020-05-22 21:02:30,650 INFO mapred.MapTask: bufstart = 75355282; bufend = 34888038; bufvoid = 104857600
2020-05-22 21:02:30,650 INFO mapred.MapTask: kvstart = 18838816(75355264); kvend = 16313708(65254832); length = 2525109/6553600
2020-05-22 21:02:31,164 INFO mapreduce.Job:  map 38% reduce 0%
2020-05-22 21:02:31,783 INFO mapred.MapTask: Finished spill 1
2020-05-22 21:02:31,785 INFO mapred.Merger: Merging 2 sorted segments
2020-05-22 21:02:31,786 INFO mapred.Merger: Down to the last merge-pass, with 2 segments left of total size: 139586394 bytes
2020-05-22 21:02:33,085 INFO mapred.Task: Task:attempt_local1896696004_0001_m_000003_0 is done. And is in the process of committing
2020-05-22 21:02:33,089 INFO mapred.LocalJobRunner: map > sort
2020-05-22 21:02:33,089 INFO mapred.Task: Task 'attempt_local1896696004_0001_m_000003_0' done.
2020-05-22 21:02:33,090 INFO mapred.Task: Final Counters for attempt_local1896696004_0001_m_000003_0: Counters: 23
	File System Counters
		FILE: Number of bytes read=558666597
		FILE: Number of bytes written=1117537854
		FILE: Number of read operations=0
		FILE: Number of large read operations=0
		FILE: Number of write operations=0
		HDFS: Number of bytes read=546870900
		HDFS: Number of bytes written=0
		HDFS: Number of read operations=33
		HDFS: Number of large read operations=0
		HDFS: Number of write operations=2
		HDFS: Number of bytes read erasure-coded=0
	Map-Reduce Framework
		Map input records=1342177
		Map output records=1342177
		Map output bytes=136902054
		Map output materialized bytes=139586414
		Input split bytes=127
		Combine input records=0
		Spilled Records=2684354
		Failed Shuffles=0
		Merged Map outputs=0
		GC time elapsed (ms)=0
		Total committed heap usage (bytes)=1678245888
	File Input Format Counters 
		Bytes Read=134217700
2020-05-22 21:02:33,090 INFO mapred.LocalJobRunner: Finishing task: attempt_local1896696004_0001_m_000003_0
2020-05-22 21:02:33,091 INFO mapred.LocalJobRunner: Starting task: attempt_local1896696004_0001_m_000004_0
2020-05-22 21:02:33,092 INFO output.FileOutputCommitter: File Output Committer Algorithm version is 2
2020-05-22 21:02:33,092 INFO output.FileOutputCommitter: FileOutputCommitter skip cleanup _temporary folders under output directory:false, ignore cleanup failures: false
2020-05-22 21:02:33,093 INFO mapred.Task:  Using ResourceCalculatorProcessTree : [ ]
2020-05-22 21:02:33,094 INFO mapred.MapTask: Processing split: hdfs://localhost:9000/hadoop/terasort/terasort-1G/part-m-00001:134217728+134217728
2020-05-22 21:02:33,165 INFO mapreduce.Job:  map 100% reduce 0%
2020-05-22 21:02:33,177 INFO mapred.MapTask: (EQUATOR) 0 kvi 26214396(104857584)
2020-05-22 21:02:33,178 INFO mapred.MapTask: mapreduce.task.io.sort.mb: 100
2020-05-22 21:02:33,178 INFO mapred.MapTask: soft limit at 83886080
2020-05-22 21:02:33,178 INFO mapred.MapTask: bufstart = 0; bufvoid = 104857600
2020-05-22 21:02:33,178 INFO mapred.MapTask: kvstart = 26214396; length = 6553600
2020-05-22 21:02:33,179 INFO mapred.MapTask: Map output collector class = org.apache.hadoop.mapred.MapTask$MapOutputBuffer
2020-05-22 21:02:33,185 INFO sasl.SaslDataTransferClient: SASL encryption trust check: localHostTrusted = false, remoteHostTrusted = false
2020-05-22 21:02:33,678 INFO mapred.MapTask: Spilling map output
2020-05-22 21:02:33,678 INFO mapred.MapTask: bufstart = 0; bufend = 72511698; bufvoid = 104857600
2020-05-22 21:02:33,678 INFO mapred.MapTask: kvstart = 26214396(104857584); kvend = 23370804(93483216); length = 2843593/6553600
2020-05-22 21:02:33,678 INFO mapred.MapTask: (EQUATOR) 75355282 kvi 18838816(75355264)
2020-05-22 21:02:35,334 INFO mapred.MapTask: Finished spill 0
2020-05-22 21:02:35,334 INFO mapred.MapTask: (RESET) equator 75355282 kv 18838816(75355264) kvi 18127932(72511728)
2020-05-22 21:02:35,650 INFO mapred.LocalJobRunner: 
2020-05-22 21:02:35,650 INFO mapred.MapTask: Starting flush of map output
2020-05-22 21:02:35,650 INFO mapred.MapTask: Spilling map output
2020-05-22 21:02:35,650 INFO mapred.MapTask: bufstart = 75355282; bufend = 34888038; bufvoid = 104857600
2020-05-22 21:02:35,650 INFO mapred.MapTask: kvstart = 18838816(75355264); kvend = 16313708(65254832); length = 2525109/6553600
2020-05-22 21:02:36,179 INFO mapreduce.Job:  map 50% reduce 0%
2020-05-22 21:02:36,790 INFO mapred.MapTask: Finished spill 1
2020-05-22 21:02:36,792 INFO mapred.Merger: Merging 2 sorted segments
2020-05-22 21:02:36,792 INFO mapred.Merger: Down to the last merge-pass, with 2 segments left of total size: 139586394 bytes
2020-05-22 21:02:37,723 INFO mapred.Task: Task:attempt_local1896696004_0001_m_000004_0 is done. And is in the process of committing
2020-05-22 21:02:37,730 INFO mapred.LocalJobRunner: map > sort
2020-05-22 21:02:37,730 INFO mapred.Task: Task 'attempt_local1896696004_0001_m_000004_0' done.
2020-05-22 21:02:37,731 INFO mapred.Task: Final Counters for attempt_local1896696004_0001_m_000004_0: Counters: 23
	File System Counters
		FILE: Number of bytes read=698253544
		FILE: Number of bytes written=1396710720
		FILE: Number of read operations=0
		FILE: Number of large read operations=0
		FILE: Number of write operations=0
		HDFS: Number of bytes read=681088600
		HDFS: Number of bytes written=0
		HDFS: Number of read operations=35
		HDFS: Number of large read operations=0
		HDFS: Number of write operations=2
		HDFS: Number of bytes read erasure-coded=0
	Map-Reduce Framework
		Map input records=1342177
		Map output records=1342177
		Map output bytes=136902054
		Map output materialized bytes=139586414
		Input split bytes=127
		Combine input records=0
		Spilled Records=2684354
		Failed Shuffles=0
		Merged Map outputs=0
		GC time elapsed (ms)=0
		Total committed heap usage (bytes)=1678245888
	File Input Format Counters 
		Bytes Read=134217700
2020-05-22 21:02:37,731 INFO mapred.LocalJobRunner: Finishing task: attempt_local1896696004_0001_m_000004_0
2020-05-22 21:02:37,732 INFO mapred.LocalJobRunner: Starting task: attempt_local1896696004_0001_m_000005_0
2020-05-22 21:02:37,735 INFO output.FileOutputCommitter: File Output Committer Algorithm version is 2
2020-05-22 21:02:37,735 INFO output.FileOutputCommitter: FileOutputCommitter skip cleanup _temporary folders under output directory:false, ignore cleanup failures: false
2020-05-22 21:02:37,736 INFO mapred.Task:  Using ResourceCalculatorProcessTree : [ ]
2020-05-22 21:02:37,738 INFO mapred.MapTask: Processing split: hdfs://localhost:9000/hadoop/terasort/terasort-1G/part-m-00001:0+134217728
2020-05-22 21:02:37,829 INFO mapred.MapTask: (EQUATOR) 0 kvi 26214396(104857584)
2020-05-22 21:02:37,830 INFO mapred.MapTask: mapreduce.task.io.sort.mb: 100
2020-05-22 21:02:37,830 INFO mapred.MapTask: soft limit at 83886080
2020-05-22 21:02:37,830 INFO mapred.MapTask: bufstart = 0; bufvoid = 104857600
2020-05-22 21:02:37,830 INFO mapred.MapTask: kvstart = 26214396; length = 6553600
2020-05-22 21:02:37,831 INFO mapred.MapTask: Map output collector class = org.apache.hadoop.mapred.MapTask$MapOutputBuffer
2020-05-22 21:02:37,839 INFO sasl.SaslDataTransferClient: SASL encryption trust check: localHostTrusted = false, remoteHostTrusted = false
2020-05-22 21:02:38,181 INFO mapreduce.Job:  map 100% reduce 0%
2020-05-22 21:02:38,219 INFO mapred.MapTask: Spilling map output
2020-05-22 21:02:38,219 INFO mapred.MapTask: bufstart = 0; bufend = 72511698; bufvoid = 104857600
2020-05-22 21:02:38,219 INFO mapred.MapTask: kvstart = 26214396(104857584); kvend = 23370804(93483216); length = 2843593/6553600
2020-05-22 21:02:38,219 INFO mapred.MapTask: (EQUATOR) 75355282 kvi 18838816(75355264)
2020-05-22 21:02:40,048 INFO mapred.MapTask: Finished spill 0
2020-05-22 21:02:40,048 INFO mapred.MapTask: (RESET) equator 75355282 kv 18838816(75355264) kvi 18127932(72511728)
2020-05-22 21:02:40,368 INFO mapred.LocalJobRunner: 
2020-05-22 21:02:40,368 INFO mapred.MapTask: Starting flush of map output
2020-05-22 21:02:40,368 INFO mapred.MapTask: Spilling map output
2020-05-22 21:02:40,369 INFO mapred.MapTask: bufstart = 75355282; bufend = 34888140; bufvoid = 104857600
2020-05-22 21:02:40,369 INFO mapred.MapTask: kvstart = 18838816(75355264); kvend = 16313704(65254816); length = 2525113/6553600
2020-05-22 21:02:41,185 INFO mapreduce.Job:  map 63% reduce 0%
2020-05-22 21:02:41,593 INFO mapred.MapTask: Finished spill 1
2020-05-22 21:02:41,595 INFO mapred.Merger: Merging 2 sorted segments
2020-05-22 21:02:41,596 INFO mapred.Merger: Down to the last merge-pass, with 2 segments left of total size: 139586498 bytes
2020-05-22 21:02:42,762 INFO mapred.Task: Task:attempt_local1896696004_0001_m_000005_0 is done. And is in the process of committing
2020-05-22 21:02:42,767 INFO mapred.LocalJobRunner: map > sort
2020-05-22 21:02:42,767 INFO mapred.Task: Task 'attempt_local1896696004_0001_m_000005_0' done.
2020-05-22 21:02:42,768 INFO mapred.Task: Final Counters for attempt_local1896696004_0001_m_000005_0: Counters: 23
	File System Counters
		FILE: Number of bytes read=837840595
		FILE: Number of bytes written=1675883794
		FILE: Number of read operations=0
		FILE: Number of large read operations=0
		FILE: Number of write operations=0
		HDFS: Number of bytes read=815306400
		HDFS: Number of bytes written=0
		HDFS: Number of read operations=37
		HDFS: Number of large read operations=0
		HDFS: Number of write operations=2
		HDFS: Number of bytes read erasure-coded=0
	Map-Reduce Framework
		Map input records=1342178
		Map output records=1342178
		Map output bytes=136902156
		Map output materialized bytes=139586518
		Input split bytes=127
		Combine input records=0
		Spilled Records=2684356
		Failed Shuffles=0
		Merged Map outputs=0
		GC time elapsed (ms)=0
		Total committed heap usage (bytes)=1678245888
	File Input Format Counters 
		Bytes Read=134217800
2020-05-22 21:02:42,768 INFO mapred.LocalJobRunner: Finishing task: attempt_local1896696004_0001_m_000005_0
2020-05-22 21:02:42,769 INFO mapred.LocalJobRunner: Starting task: attempt_local1896696004_0001_m_000006_0
2020-05-22 21:02:42,771 INFO output.FileOutputCommitter: File Output Committer Algorithm version is 2
2020-05-22 21:02:42,771 INFO output.FileOutputCommitter: FileOutputCommitter skip cleanup _temporary folders under output directory:false, ignore cleanup failures: false
2020-05-22 21:02:42,772 INFO mapred.Task:  Using ResourceCalculatorProcessTree : [ ]
2020-05-22 21:02:42,774 INFO mapred.MapTask: Processing split: hdfs://localhost:9000/hadoop/terasort/terasort-1G/part-m-00000:402653184+97346816
2020-05-22 21:02:42,869 INFO mapred.MapTask: (EQUATOR) 0 kvi 26214396(104857584)
2020-05-22 21:02:42,869 INFO mapred.MapTask: mapreduce.task.io.sort.mb: 100
2020-05-22 21:02:42,869 INFO mapred.MapTask: soft limit at 83886080
2020-05-22 21:02:42,869 INFO mapred.MapTask: bufstart = 0; bufvoid = 104857600
2020-05-22 21:02:42,869 INFO mapred.MapTask: kvstart = 26214396; length = 6553600
2020-05-22 21:02:42,870 INFO mapred.MapTask: Map output collector class = org.apache.hadoop.mapred.MapTask$MapOutputBuffer
2020-05-22 21:02:42,876 INFO sasl.SaslDataTransferClient: SASL encryption trust check: localHostTrusted = false, remoteHostTrusted = false
2020-05-22 21:02:43,187 INFO mapreduce.Job:  map 100% reduce 0%
2020-05-22 21:02:43,344 INFO mapred.MapTask: Spilling map output
2020-05-22 21:02:43,344 INFO mapred.MapTask: bufstart = 0; bufend = 72511698; bufvoid = 104857600
2020-05-22 21:02:43,344 INFO mapred.MapTask: kvstart = 26214396(104857584); kvend = 23370804(93483216); length = 2843593/6553600
2020-05-22 21:02:43,344 INFO mapred.MapTask: (EQUATOR) 75355282 kvi 18838816(75355264)
2020-05-22 21:02:45,037 INFO mapred.MapTask: Finished spill 0
2020-05-22 21:02:45,037 INFO mapred.MapTask: (RESET) equator 75355282 kv 18838816(75355264) kvi 18127932(72511728)
2020-05-22 21:02:45,112 INFO mapred.LocalJobRunner: 
2020-05-22 21:02:45,112 INFO mapred.MapTask: Starting flush of map output
2020-05-22 21:02:45,112 INFO mapred.MapTask: Spilling map output
2020-05-22 21:02:45,112 INFO mapred.MapTask: bufstart = 75355282; bufend = 102137320; bufvoid = 104857600
2020-05-22 21:02:45,112 INFO mapred.MapTask: kvstart = 18838816(75355264); kvend = 17788544(71154176); length = 1050273/6553600
2020-05-22 21:02:45,189 INFO mapreduce.Job:  map 75% reduce 0%
2020-05-22 21:02:45,656 INFO mapred.MapTask: Finished spill 1
2020-05-22 21:02:45,659 INFO mapred.Merger: Merging 2 sorted segments
2020-05-22 21:02:45,660 INFO mapred.Merger: Down to the last merge-pass, with 2 segments left of total size: 101240658 bytes
2020-05-22 21:02:46,339 INFO mapred.Task: Task:attempt_local1896696004_0001_m_000006_0 is done. And is in the process of committing
2020-05-22 21:02:46,344 INFO mapred.LocalJobRunner: map > sort
2020-05-22 21:02:46,345 INFO mapred.Task: Task 'attempt_local1896696004_0001_m_000006_0' done.
2020-05-22 21:02:46,345 INFO mapred.Task: Final Counters for attempt_local1896696004_0001_m_000006_0: Counters: 23
	File System Counters
		FILE: Number of bytes read=939081806
		FILE: Number of bytes written=1878365188
		FILE: Number of read operations=0
		FILE: Number of large read operations=0
		FILE: Number of write operations=0
		HDFS: Number of bytes read=912653200
		HDFS: Number of bytes written=0
		HDFS: Number of read operations=39
		HDFS: Number of large read operations=0
		HDFS: Number of write operations=2
		HDFS: Number of bytes read erasure-coded=0
	Map-Reduce Framework
		Map input records=973468
		Map output records=973468
		Map output bytes=99293736
		Map output materialized bytes=101240678
		Input split bytes=127
		Combine input records=0
		Spilled Records=1946936
		Failed Shuffles=0
		Merged Map outputs=0
		GC time elapsed (ms)=9
		Total committed heap usage (bytes)=1678245888
	File Input Format Counters 
		Bytes Read=97346800
2020-05-22 21:02:46,346 INFO mapred.LocalJobRunner: Finishing task: attempt_local1896696004_0001_m_000006_0
2020-05-22 21:02:46,346 INFO mapred.LocalJobRunner: Starting task: attempt_local1896696004_0001_m_000007_0
2020-05-22 21:02:46,349 INFO output.FileOutputCommitter: File Output Committer Algorithm version is 2
2020-05-22 21:02:46,349 INFO output.FileOutputCommitter: FileOutputCommitter skip cleanup _temporary folders under output directory:false, ignore cleanup failures: false
2020-05-22 21:02:46,350 INFO mapred.Task:  Using ResourceCalculatorProcessTree : [ ]
2020-05-22 21:02:46,352 INFO mapred.MapTask: Processing split: hdfs://localhost:9000/hadoop/terasort/terasort-1G/part-m-00001:402653184+97346816
2020-05-22 21:02:46,448 INFO mapred.MapTask: (EQUATOR) 0 kvi 26214396(104857584)
2020-05-22 21:02:46,448 INFO mapred.MapTask: mapreduce.task.io.sort.mb: 100
2020-05-22 21:02:46,448 INFO mapred.MapTask: soft limit at 83886080
2020-05-22 21:02:46,448 INFO mapred.MapTask: bufstart = 0; bufvoid = 104857600
2020-05-22 21:02:46,448 INFO mapred.MapTask: kvstart = 26214396; length = 6553600
2020-05-22 21:02:46,449 INFO mapred.MapTask: Map output collector class = org.apache.hadoop.mapred.MapTask$MapOutputBuffer
2020-05-22 21:02:46,920 INFO mapred.MapTask: Spilling map output
2020-05-22 21:02:46,920 INFO mapred.MapTask: bufstart = 0; bufend = 72511698; bufvoid = 104857600
2020-05-22 21:02:46,920 INFO mapred.MapTask: kvstart = 26214396(104857584); kvend = 23370804(93483216); length = 2843593/6553600
2020-05-22 21:02:46,920 INFO mapred.MapTask: (EQUATOR) 75355282 kvi 18838816(75355264)
2020-05-22 21:02:47,191 INFO mapreduce.Job:  map 100% reduce 0%
2020-05-22 21:02:48,669 INFO mapred.MapTask: Finished spill 0
2020-05-22 21:02:48,669 INFO mapred.MapTask: (RESET) equator 75355282 kv 18838816(75355264) kvi 18127932(72511728)
2020-05-22 21:02:48,750 INFO mapred.LocalJobRunner: 
2020-05-22 21:02:48,750 INFO mapred.MapTask: Starting flush of map output
2020-05-22 21:02:48,750 INFO mapred.MapTask: Spilling map output
2020-05-22 21:02:48,750 INFO mapred.MapTask: bufstart = 75355282; bufend = 102137320; bufvoid = 104857600
2020-05-22 21:02:48,751 INFO mapred.MapTask: kvstart = 18838816(75355264); kvend = 17788544(71154176); length = 1050273/6553600
2020-05-22 21:02:49,193 INFO mapreduce.Job:  map 88% reduce 0%
2020-05-22 21:02:49,300 INFO mapred.MapTask: Finished spill 1
2020-05-22 21:02:49,301 INFO mapred.Merger: Merging 2 sorted segments
2020-05-22 21:02:49,302 INFO mapred.Merger: Down to the last merge-pass, with 2 segments left of total size: 101240658 bytes
2020-05-22 21:02:50,003 INFO mapred.Task: Task:attempt_local1896696004_0001_m_000007_0 is done. And is in the process of committing
2020-05-22 21:02:50,009 INFO mapred.LocalJobRunner: map > sort
2020-05-22 21:02:50,009 INFO mapred.Task: Task 'attempt_local1896696004_0001_m_000007_0' done.
2020-05-22 21:02:50,011 INFO mapred.Task: Final Counters for attempt_local1896696004_0001_m_000007_0: Counters: 23
	File System Counters
		FILE: Number of bytes read=1040323017
		FILE: Number of bytes written=2080846582
		FILE: Number of read operations=0
		FILE: Number of large read operations=0
		FILE: Number of write operations=0
		HDFS: Number of bytes read=1010000000
		HDFS: Number of bytes written=0
		HDFS: Number of read operations=41
		HDFS: Number of large read operations=0
		HDFS: Number of write operations=2
		HDFS: Number of bytes read erasure-coded=0
	Map-Reduce Framework
		Map input records=973468
		Map output records=973468
		Map output bytes=99293736
		Map output materialized bytes=101240678
		Input split bytes=127
		Combine input records=0
		Spilled Records=1946936
		Failed Shuffles=0
		Merged Map outputs=0
		GC time elapsed (ms)=0
		Total committed heap usage (bytes)=1678245888
	File Input Format Counters 
		Bytes Read=97346800
2020-05-22 21:02:50,011 INFO mapred.LocalJobRunner: Finishing task: attempt_local1896696004_0001_m_000007_0
2020-05-22 21:02:50,011 INFO mapred.LocalJobRunner: map task executor complete.
2020-05-22 21:02:50,027 INFO mapred.LocalJobRunner: Waiting for reduce tasks
2020-05-22 21:02:50,027 INFO mapred.LocalJobRunner: Starting task: attempt_local1896696004_0001_r_000000_0
2020-05-22 21:02:50,041 INFO output.FileOutputCommitter: File Output Committer Algorithm version is 2
2020-05-22 21:02:50,041 INFO output.FileOutputCommitter: FileOutputCommitter skip cleanup _temporary folders under output directory:false, ignore cleanup failures: false
2020-05-22 21:02:50,041 INFO mapred.Task:  Using ResourceCalculatorProcessTree : [ ]
2020-05-22 21:02:50,046 INFO mapred.ReduceTask: Using ShuffleConsumerPlugin: org.apache.hadoop.mapreduce.task.reduce.Shuffle@1eb41ea4
2020-05-22 21:02:50,049 WARN impl.MetricsSystemImpl: JobTracker metrics system already initialized!
2020-05-22 21:02:50,076 INFO reduce.MergeManagerImpl: The max number of bytes for a single in-memory shuffle cannot be larger than Integer.MAX_VALUE. Setting it to Integer.MAX_VALUE
2020-05-22 21:02:50,076 INFO reduce.MergeManagerImpl: MergerManager: memoryLimit=10490373120, maxSingleShuffleLimit=2147483647, mergeThreshold=6923646464, ioSortFactor=10, memToMemMergeOutputsThreshold=10
2020-05-22 21:02:50,080 INFO reduce.EventFetcher: attempt_local1896696004_0001_r_000000_0 Thread started: EventFetcher for fetching Map Completion Events
2020-05-22 21:02:50,194 INFO mapreduce.Job:  map 100% reduce 0%
2020-05-22 21:02:50,209 INFO reduce.LocalFetcher: localfetcher#1 about to shuffle output of map attempt_local1896696004_0001_m_000006_0 decomp: 101240674 len: 101240678 to MEMORY
2020-05-22 21:02:50,331 INFO reduce.InMemoryMapOutput: Read 101240674 bytes from map-output for attempt_local1896696004_0001_m_000006_0
2020-05-22 21:02:50,333 INFO reduce.MergeManagerImpl: closeInMemoryFile -> map-output of size: 101240674, inMemoryMapOutputs.size() -> 1, commitMemory -> 0, usedMemory ->101240674
2020-05-22 21:02:50,425 INFO reduce.LocalFetcher: localfetcher#1 about to shuffle output of map attempt_local1896696004_0001_m_000003_0 decomp: 139586410 len: 139586414 to MEMORY
2020-05-22 21:02:50,566 INFO reduce.InMemoryMapOutput: Read 139586410 bytes from map-output for attempt_local1896696004_0001_m_000003_0
2020-05-22 21:02:50,566 INFO reduce.MergeManagerImpl: closeInMemoryFile -> map-output of size: 139586410, inMemoryMapOutputs.size() -> 2, commitMemory -> 101240674, usedMemory ->240827084
2020-05-22 21:02:50,654 INFO reduce.LocalFetcher: localfetcher#1 about to shuffle output of map attempt_local1896696004_0001_m_000002_0 decomp: 139586410 len: 139586414 to MEMORY
2020-05-22 21:02:50,792 INFO reduce.InMemoryMapOutput: Read 139586410 bytes from map-output for attempt_local1896696004_0001_m_000002_0
2020-05-22 21:02:50,792 INFO reduce.MergeManagerImpl: closeInMemoryFile -> map-output of size: 139586410, inMemoryMapOutputs.size() -> 3, commitMemory -> 240827084, usedMemory ->380413494
2020-05-22 21:02:51,192 INFO reduce.LocalFetcher: localfetcher#1 about to shuffle output of map attempt_local1896696004_0001_m_000005_0 decomp: 139586514 len: 139586518 to MEMORY
2020-05-22 21:02:51,314 INFO reduce.InMemoryMapOutput: Read 139586514 bytes from map-output for attempt_local1896696004_0001_m_000005_0
2020-05-22 21:02:51,314 INFO reduce.MergeManagerImpl: closeInMemoryFile -> map-output of size: 139586514, inMemoryMapOutputs.size() -> 4, commitMemory -> 380413494, usedMemory ->520000008
2020-05-22 21:02:51,385 INFO reduce.LocalFetcher: localfetcher#1 about to shuffle output of map attempt_local1896696004_0001_m_000004_0 decomp: 139586410 len: 139586414 to MEMORY
2020-05-22 21:02:51,496 INFO reduce.InMemoryMapOutput: Read 139586410 bytes from map-output for attempt_local1896696004_0001_m_000004_0
2020-05-22 21:02:51,496 INFO reduce.MergeManagerImpl: closeInMemoryFile -> map-output of size: 139586410, inMemoryMapOutputs.size() -> 5, commitMemory -> 520000008, usedMemory ->659586418
2020-05-22 21:02:51,555 INFO reduce.LocalFetcher: localfetcher#1 about to shuffle output of map attempt_local1896696004_0001_m_000001_0 decomp: 139586410 len: 139586414 to MEMORY
2020-05-22 21:02:51,665 INFO reduce.InMemoryMapOutput: Read 139586410 bytes from map-output for attempt_local1896696004_0001_m_000001_0
2020-05-22 21:02:51,665 INFO reduce.MergeManagerImpl: closeInMemoryFile -> map-output of size: 139586410, inMemoryMapOutputs.size() -> 6, commitMemory -> 659586418, usedMemory ->799172828
2020-05-22 21:02:51,687 INFO reduce.LocalFetcher: localfetcher#1 about to shuffle output of map attempt_local1896696004_0001_m_000007_0 decomp: 101240674 len: 101240678 to MEMORY
2020-05-22 21:02:51,766 INFO reduce.InMemoryMapOutput: Read 101240674 bytes from map-output for attempt_local1896696004_0001_m_000007_0
2020-05-22 21:02:51,766 INFO reduce.MergeManagerImpl: closeInMemoryFile -> map-output of size: 101240674, inMemoryMapOutputs.size() -> 7, commitMemory -> 799172828, usedMemory ->900413502
2020-05-22 21:02:51,792 INFO reduce.LocalFetcher: localfetcher#1 about to shuffle output of map attempt_local1896696004_0001_m_000000_0 decomp: 139586514 len: 139586518 to MEMORY
2020-05-22 21:02:51,902 INFO reduce.InMemoryMapOutput: Read 139586514 bytes from map-output for attempt_local1896696004_0001_m_000000_0
2020-05-22 21:02:51,902 INFO reduce.MergeManagerImpl: closeInMemoryFile -> map-output of size: 139586514, inMemoryMapOutputs.size() -> 8, commitMemory -> 900413502, usedMemory ->1040000016
2020-05-22 21:02:51,902 INFO reduce.EventFetcher: EventFetcher is interrupted.. Returning
2020-05-22 21:02:51,903 INFO mapred.LocalJobRunner: 8 / 8 copied.
2020-05-22 21:02:51,904 INFO reduce.MergeManagerImpl: finalMerge called with 8 in-memory map-outputs and 0 on-disk map-outputs
2020-05-22 21:02:51,905 INFO mapred.Merger: Merging 8 sorted segments
2020-05-22 21:02:51,905 INFO mapred.Merger: Down to the last merge-pass, with 8 segments left of total size: 1039999912 bytes
2020-05-22 21:02:57,181 INFO reduce.MergeManagerImpl: Merged 8 segments, 1040000016 bytes to disk to satisfy reduce memory limit
2020-05-22 21:02:57,182 INFO reduce.MergeManagerImpl: Merging 1 files, 1040000006 bytes from disk
2020-05-22 21:02:57,184 INFO reduce.MergeManagerImpl: Merging 0 segments, 0 bytes from memory into reduce
2020-05-22 21:02:57,184 INFO mapred.Merger: Merging 1 sorted segments
2020-05-22 21:02:57,184 INFO mapred.Merger: Down to the last merge-pass, with 1 segments left of total size: 1039999989 bytes
2020-05-22 21:02:57,186 INFO mapred.LocalJobRunner: 8 / 8 copied.
2020-05-22 21:02:57,218 INFO Configuration.deprecation: mapred.skip.on is deprecated. Instead, use mapreduce.job.skiprecords
2020-05-22 21:02:57,288 INFO sasl.SaslDataTransferClient: SASL encryption trust check: localHostTrusted = false, remoteHostTrusted = false
2020-05-22 21:02:58,825 INFO sasl.SaslDataTransferClient: SASL encryption trust check: localHostTrusted = false, remoteHostTrusted = false
2020-05-22 21:03:00,159 INFO sasl.SaslDataTransferClient: SASL encryption trust check: localHostTrusted = false, remoteHostTrusted = false
2020-05-22 21:03:02,063 INFO mapred.LocalJobRunner: reduce > reduce
2020-05-22 21:03:02,200 INFO mapreduce.Job:  map 100% reduce 79%
2020-05-22 21:03:02,334 INFO sasl.SaslDataTransferClient: SASL encryption trust check: localHostTrusted = false, remoteHostTrusted = false
2020-05-22 21:03:03,777 INFO sasl.SaslDataTransferClient: SASL encryption trust check: localHostTrusted = false, remoteHostTrusted = false
2020-05-22 21:03:04,917 INFO sasl.SaslDataTransferClient: SASL encryption trust check: localHostTrusted = false, remoteHostTrusted = false
2020-05-22 21:03:07,042 INFO sasl.SaslDataTransferClient: SASL encryption trust check: localHostTrusted = false, remoteHostTrusted = false
2020-05-22 21:03:08,065 INFO mapred.LocalJobRunner: reduce > reduce
2020-05-22 21:03:08,205 INFO mapreduce.Job:  map 100% reduce 97%
2020-05-22 21:03:08,467 INFO sasl.SaslDataTransferClient: SASL encryption trust check: localHostTrusted = false, remoteHostTrusted = false
2020-05-22 21:03:10,350 INFO mapred.Task: Task:attempt_local1896696004_0001_r_000000_0 is done. And is in the process of committing
2020-05-22 21:03:10,354 INFO mapred.LocalJobRunner: reduce > reduce
2020-05-22 21:03:10,355 INFO mapred.Task: Task attempt_local1896696004_0001_r_000000_0 is allowed to commit now
2020-05-22 21:03:10,378 INFO output.FileOutputCommitter: Saved output of task 'attempt_local1896696004_0001_r_000000_0' to hdfs://localhost:9000/hadoop/terasort/terasort-out
2020-05-22 21:03:10,380 INFO mapred.LocalJobRunner: reduce > reduce
2020-05-22 21:03:10,381 INFO mapred.Task: Task 'attempt_local1896696004_0001_r_000000_0' done.
2020-05-22 21:03:10,382 INFO mapred.Task: Final Counters for attempt_local1896696004_0001_r_000000_0: Counters: 30
	File System Counters
		FILE: Number of bytes read=3120323327
		FILE: Number of bytes written=3120846588
		FILE: Number of read operations=0
		FILE: Number of large read operations=0
		FILE: Number of write operations=0
		HDFS: Number of bytes read=1010000000
		HDFS: Number of bytes written=1000000000
		HDFS: Number of read operations=46
		HDFS: Number of large read operations=0
		HDFS: Number of write operations=4
		HDFS: Number of bytes read erasure-coded=0
	Map-Reduce Framework
		Combine input records=0
		Combine output records=0
		Reduce input groups=10000000
		Reduce shuffle bytes=1040000048
		Reduce input records=10000000
		Reduce output records=10000000
		Spilled Records=10000000
		Shuffled Maps =8
		Failed Shuffles=0
		Merged Map outputs=8
		GC time elapsed (ms)=1019
		Total committed heap usage (bytes)=3204972544
	Shuffle Errors
		BAD_ID=0
		CONNECTION=0
		IO_ERROR=0
		WRONG_LENGTH=0
		WRONG_MAP=0
		WRONG_REDUCE=0
	File Output Format Counters 
		Bytes Written=1000000000
2020-05-22 21:03:10,382 INFO mapred.LocalJobRunner: Finishing task: attempt_local1896696004_0001_r_000000_0
2020-05-22 21:03:10,383 INFO mapred.LocalJobRunner: reduce task executor complete.
2020-05-22 21:03:11,207 INFO mapreduce.Job:  map 100% reduce 100%
2020-05-22 21:03:11,208 INFO mapreduce.Job: Job job_local1896696004_0001 completed successfully
2020-05-22 21:03:11,235 INFO mapreduce.Job: Counters: 36
	File System Counters
		FILE: Number of bytes read=8032963923
		FILE: Number of bytes written=12947767092
		FILE: Number of read operations=0
		FILE: Number of large read operations=0
		FILE: Number of write operations=0
		HDFS: Number of bytes read=5811225600
		HDFS: Number of bytes written=1000000000
		HDFS: Number of read operations=318
		HDFS: Number of large read operations=0
		HDFS: Number of write operations=20
		HDFS: Number of bytes read erasure-coded=0
	Map-Reduce Framework
		Map input records=10000000
		Map output records=10000000
		Map output bytes=1020000000
		Map output materialized bytes=1040000048
		Input split bytes=1016
		Combine input records=0
		Combine output records=0
		Reduce input groups=10000000
		Reduce shuffle bytes=1040000048
		Reduce input records=10000000
		Reduce output records=10000000
		Spilled Records=30000000
		Shuffled Maps =8
		Failed Shuffles=0
		Merged Map outputs=8
		GC time elapsed (ms)=1328
		Total committed heap usage (bytes)=15884353536
	Shuffle Errors
		BAD_ID=0
		CONNECTION=0
		IO_ERROR=0
		WRONG_LENGTH=0
		WRONG_MAP=0
		WRONG_REDUCE=0
	File Input Format Counters 
		Bytes Read=1000000000
	File Output Format Counters 
		Bytes Written=1000000000
2020-05-22 21:03:11,235 INFO terasort.TeraSort: done
1590161591237 Running java agent shutdown
1590161591237 Running periodic profiler (last run): com.uber.profiling.profilers.CpuAndMemoryProfiler@76a4d6c
1590161591246 Ran periodic profiler (last run): com.uber.profiling.profilers.CpuAndMemoryProfiler@76a4d6c
1590161591246 Closing reporter com.uber.profiling.reporters.FileOutputReporter@56a4ee7a
1590161591247 Closed reporter com.uber.profiling.reporters.FileOutputReporter@56a4ee7a
