
===== cc : prep ======
Will measure complete system.
Using level 3.
perf stat -x\; -I 1000 -e '{cpu/event=0x3c,umask=0x0,any=1/,cpu/event=0x9c,umask=0x1/,cpu/event=0xc2,umask=0x2/,cpu/event=0xd,umask=0x3,any=1,cmask=1/,cpu/event=0xe,umask=0x1/},{cpu/event=0x3c,umask=0x0,any=1/,cpu/event=0x79,umask=0x30/,cpu/event=0x9c,umask=0x1,cmask=4/,cpu/event=0xc2,umask=0x2/,cpu/event=0xe,umask=0x1/},{cpu/event=0xc3,umask=0x1,edge=1,cmask=1/,cpu/event=0xc5,umask=0x0/},{cpu/event=0x3c,umask=0x0,any=1/,cpu/event=0x9c,umask=0x1,cmask=4/,instructions},cycles,{cpu/event=0xa2,umask=0x8/,cpu/event=0xa3,umask=0x4,cmask=4/,cpu/event=0xa3,umask=0x6,cmask=6/,cpu/event=0xb1,umask=0x1,cmask=1/},{cpu/event=0x5e,umask=0x1/,cpu/event=0x9c,umask=0x1,cmask=4/,cpu/event=0xb1,umask=0x1,cmask=2/,cpu/event=0xb1,umask=0x1,cmask=3/,cycles,instructions},{cpu/event=0x79,umask=0x30,edge=1,cmask=1/,cpu/event=0x80,umask=0x4/,cpu/event=0x87,umask=0x1/,cpu/event=0xab,umask=0x2/,cycles},{cpu/event=0xa2,umask=0x8/,cycles},{cpu/event=0x14,umask=0x1/,cpu/event=0x3c,umask=0x0,any=1/,cpu/event=0x79,umask=0x24,cmask=1/,cpu/event=0x79,umask=0x24,cmask=4/,cpu/event=0xc1,umask=0x40/},{cpu/event=0x3c,umask=0x0,any=1/,cpu/event=0x79,umask=0x18,cmask=1/,cpu/event=0x79,umask=0x18,cmask=4/},{cpu/event=0x85,umask=0x10,cmask=1/,cpu/event=0x85,umask=0x60/,cpu/event=0x85,umask=0xe/,cycles},{cpu/event=0xc3,umask=0x1,edge=1,cmask=1/,cpu/event=0xc5,umask=0x0/,cpu/event=0xe6,umask=0x1f/,cycles},{cpu/event=0xa3,umask=0x5,cmask=5/,cpu/event=0xa3,umask=0x6,cmask=6/,cpu/event=0xa3,umask=0xc,cmask=12/,cycles},{cpu/event=0xa3,umask=0x5,cmask=5/,cpu/event=0xd1,umask=0x20/,cpu/event=0xd1,umask=0x4/,cycles},{cpu/event=0xc0,umask=0x2/,cpu/event=0xc2,umask=0x2/,cpu/event=0xc7,umask=0x1/,cpu/event=0xc7,umask=0x2/,instructions},{cpu/event=0xc7,umask=0x10/,cpu/event=0xc7,umask=0x20/,cpu/event=0xc7,umask=0x4/,cpu/event=0xc7,umask=0x8/},{cpu/event=0xa3,umask=0x4,cmask=4/,cpu/event=0xb1,umask=0x1,cmask=1/,cpu/event=0xb1,umask=0x1,cmask=2/,cpu/event=0xb1,umask=0x1,cmask=3/},{cpu/event=0x5e,umask=0x1/,cpu/event=0xa2,umask=0x8/,cpu/event=0xa3,umask=0x6,cmask=6/,cycles,instructions}' -A -a bash /disk2/user/BigDataBench_V5.0_BigData_MicroBenchmark/Hadoop/CC/genData-cc.sh 11
warning: Mismeasured: Memory_Bound Frontend_Bandwidth Ports_Utilization
Start sleep after prep
===== cc : run ======
Will measure complete system.
Using level 3.
perf stat -x\; -I 1000 -e '{cpu/event=0x3c,umask=0x0,any=1/,cpu/event=0x9c,umask=0x1/,cpu/event=0xc2,umask=0x2/,cpu/event=0xd,umask=0x3,any=1,cmask=1/,cpu/event=0xe,umask=0x1/},{cpu/event=0x3c,umask=0x0,any=1/,cpu/event=0x79,umask=0x30/,cpu/event=0x9c,umask=0x1,cmask=4/,cpu/event=0xc2,umask=0x2/,cpu/event=0xe,umask=0x1/},{cpu/event=0xc3,umask=0x1,edge=1,cmask=1/,cpu/event=0xc5,umask=0x0/},{cpu/event=0x3c,umask=0x0,any=1/,cpu/event=0x9c,umask=0x1,cmask=4/,instructions},cycles,{cpu/event=0xa2,umask=0x8/,cpu/event=0xa3,umask=0x4,cmask=4/,cpu/event=0xa3,umask=0x6,cmask=6/,cpu/event=0xb1,umask=0x1,cmask=1/},{cpu/event=0x5e,umask=0x1/,cpu/event=0x9c,umask=0x1,cmask=4/,cpu/event=0xb1,umask=0x1,cmask=2/,cpu/event=0xb1,umask=0x1,cmask=3/,cycles,instructions},{cpu/event=0x79,umask=0x30,edge=1,cmask=1/,cpu/event=0x80,umask=0x4/,cpu/event=0x87,umask=0x1/,cpu/event=0xab,umask=0x2/,cycles},{cpu/event=0xa2,umask=0x8/,cycles},{cpu/event=0x14,umask=0x1/,cpu/event=0x3c,umask=0x0,any=1/,cpu/event=0x79,umask=0x24,cmask=1/,cpu/event=0x79,umask=0x24,cmask=4/,cpu/event=0xc1,umask=0x40/},{cpu/event=0x3c,umask=0x0,any=1/,cpu/event=0x79,umask=0x18,cmask=1/,cpu/event=0x79,umask=0x18,cmask=4/},{cpu/event=0x85,umask=0x10,cmask=1/,cpu/event=0x85,umask=0x60/,cpu/event=0x85,umask=0xe/,cycles},{cpu/event=0xc3,umask=0x1,edge=1,cmask=1/,cpu/event=0xc5,umask=0x0/,cpu/event=0xe6,umask=0x1f/,cycles},{cpu/event=0xa3,umask=0x5,cmask=5/,cpu/event=0xa3,umask=0x6,cmask=6/,cpu/event=0xa3,umask=0xc,cmask=12/,cycles},{cpu/event=0xa3,umask=0x5,cmask=5/,cpu/event=0xd1,umask=0x20/,cpu/event=0xd1,umask=0x4/,cycles},{cpu/event=0xc0,umask=0x2/,cpu/event=0xc2,umask=0x2/,cpu/event=0xc7,umask=0x1/,cpu/event=0xc7,umask=0x2/,instructions},{cpu/event=0xc7,umask=0x10/,cpu/event=0xc7,umask=0x20/,cpu/event=0xc7,umask=0x4/,cpu/event=0xc7,umask=0x8/},{cpu/event=0xa3,umask=0x4,cmask=4/,cpu/event=0xb1,umask=0x1,cmask=1/,cpu/event=0xb1,umask=0x1,cmask=2/,cpu/event=0xb1,umask=0x1,cmask=3/},{cpu/event=0x5e,umask=0x1/,cpu/event=0xa2,umask=0x8/,cpu/event=0xa3,umask=0x6,cmask=6/,cycles,instructions}' -A -a bash /disk2/user/BigDataBench_V5.0_BigData_MicroBenchmark/Hadoop/CC/run-cc.sh 11
Deleted concmpt_curbm

-----===[PEGASUS: A Peta-Scale Graph Mining System]===-----

[PEGASUS] Computing connected component. Edge path = /hadoop/cc/Google_genGraph_11.txt, Newbm = new, Reducers = 24
Generating initial component vector for 11 nodes creating bitmask generation cmd for node 0 ~ 11
.....
 done
Hop 1 : changed = 210, unchanged = 1627
Hop 2 : changed = 655, unchanged = 1182
Hop 3 : changed = 1059, unchanged = 778
Hop 4 : changed = 795, unchanged = 1042
Hop 5 : changed = 202, unchanged = 1635
Hop 6 : changed = 36, unchanged = 1801
Hop 7 : changed = 8, unchanged = 1829
Hop 8 : changed = 4, unchanged = 1833
Hop 9 : changed = 0, unchanged = 1837
All the component ids converged. Finishing...
Summarizing connected components information...
hadoop cc end
warning: Mismeasured: Memory_Bound Core_Bound Ports_Utilization
Start sleep after run
Deleted /hadoop/cc
===== fft0_5 : prep ======
Will measure complete system.
Using level 3.
perf stat -x\; -I 1000 -e '{cpu/event=0x3c,umask=0x0,any=1/,cpu/event=0x9c,umask=0x1/,cpu/event=0xc2,umask=0x2/,cpu/event=0xd,umask=0x3,any=1,cmask=1/,cpu/event=0xe,umask=0x1/},{cpu/event=0x3c,umask=0x0,any=1/,cpu/event=0x79,umask=0x30/,cpu/event=0x9c,umask=0x1,cmask=4/,cpu/event=0xc2,umask=0x2/,cpu/event=0xe,umask=0x1/},{cpu/event=0xc3,umask=0x1,edge=1,cmask=1/,cpu/event=0xc5,umask=0x0/},{cpu/event=0x3c,umask=0x0,any=1/,cpu/event=0x9c,umask=0x1,cmask=4/,instructions},cycles,{cpu/event=0xa2,umask=0x8/,cpu/event=0xa3,umask=0x4,cmask=4/,cpu/event=0xa3,umask=0x6,cmask=6/,cpu/event=0xb1,umask=0x1,cmask=1/},{cpu/event=0x5e,umask=0x1/,cpu/event=0x9c,umask=0x1,cmask=4/,cpu/event=0xb1,umask=0x1,cmask=2/,cpu/event=0xb1,umask=0x1,cmask=3/,cycles,instructions},{cpu/event=0x79,umask=0x30,edge=1,cmask=1/,cpu/event=0x80,umask=0x4/,cpu/event=0x87,umask=0x1/,cpu/event=0xab,umask=0x2/,cycles},{cpu/event=0xa2,umask=0x8/,cycles},{cpu/event=0x14,umask=0x1/,cpu/event=0x3c,umask=0x0,any=1/,cpu/event=0x79,umask=0x24,cmask=1/,cpu/event=0x79,umask=0x24,cmask=4/,cpu/event=0xc1,umask=0x40/},{cpu/event=0x3c,umask=0x0,any=1/,cpu/event=0x79,umask=0x18,cmask=1/,cpu/event=0x79,umask=0x18,cmask=4/},{cpu/event=0x85,umask=0x10,cmask=1/,cpu/event=0x85,umask=0x60/,cpu/event=0x85,umask=0xe/,cycles},{cpu/event=0xc3,umask=0x1,edge=1,cmask=1/,cpu/event=0xc5,umask=0x0/,cpu/event=0xe6,umask=0x1f/,cycles},{cpu/event=0xa3,umask=0x5,cmask=5/,cpu/event=0xa3,umask=0x6,cmask=6/,cpu/event=0xa3,umask=0xc,cmask=12/,cycles},{cpu/event=0xa3,umask=0x5,cmask=5/,cpu/event=0xd1,umask=0x20/,cpu/event=0xd1,umask=0x4/,cycles},{cpu/event=0xc0,umask=0x2/,cpu/event=0xc2,umask=0x2/,cpu/event=0xc7,umask=0x1/,cpu/event=0xc7,umask=0x2/,instructions},{cpu/event=0xc7,umask=0x10/,cpu/event=0xc7,umask=0x20/,cpu/event=0xc7,umask=0x4/,cpu/event=0xc7,umask=0x8/},{cpu/event=0xa3,umask=0x4,cmask=4/,cpu/event=0xb1,umask=0x1,cmask=1/,cpu/event=0xb1,umask=0x1,cmask=2/,cpu/event=0xb1,umask=0x1,cmask=3/},{cpu/event=0x5e,umask=0x1/,cpu/event=0xa2,umask=0x8/,cpu/event=0xa3,umask=0x6,cmask=6/,cycles,instructions}' -A -a bash /disk2/user/BigDataBench_V5.0_BigData_MicroBenchmark/Hadoop/FFT/genData-fft.sh 2048 2048 0.5
2048
warning: Mismeasured: Frontend_Bandwidth Backend_Bound Ports_Utilization
Start sleep after prep
===== fft0_5 : run ======
Will measure complete system.
Using level 3.
perf stat -x\; -I 1000 -e '{cpu/event=0x3c,umask=0x0,any=1/,cpu/event=0x9c,umask=0x1/,cpu/event=0xc2,umask=0x2/,cpu/event=0xd,umask=0x3,any=1,cmask=1/,cpu/event=0xe,umask=0x1/},{cpu/event=0x3c,umask=0x0,any=1/,cpu/event=0x79,umask=0x30/,cpu/event=0x9c,umask=0x1,cmask=4/,cpu/event=0xc2,umask=0x2/,cpu/event=0xe,umask=0x1/},{cpu/event=0xc3,umask=0x1,edge=1,cmask=1/,cpu/event=0xc5,umask=0x0/},{cpu/event=0x3c,umask=0x0,any=1/,cpu/event=0x9c,umask=0x1,cmask=4/,instructions},cycles,{cpu/event=0xa2,umask=0x8/,cpu/event=0xa3,umask=0x4,cmask=4/,cpu/event=0xa3,umask=0x6,cmask=6/,cpu/event=0xb1,umask=0x1,cmask=1/},{cpu/event=0x5e,umask=0x1/,cpu/event=0x9c,umask=0x1,cmask=4/,cpu/event=0xb1,umask=0x1,cmask=2/,cpu/event=0xb1,umask=0x1,cmask=3/,cycles,instructions},{cpu/event=0x79,umask=0x30,edge=1,cmask=1/,cpu/event=0x80,umask=0x4/,cpu/event=0x87,umask=0x1/,cpu/event=0xab,umask=0x2/,cycles},{cpu/event=0xa2,umask=0x8/,cycles},{cpu/event=0x14,umask=0x1/,cpu/event=0x3c,umask=0x0,any=1/,cpu/event=0x79,umask=0x24,cmask=1/,cpu/event=0x79,umask=0x24,cmask=4/,cpu/event=0xc1,umask=0x40/},{cpu/event=0x3c,umask=0x0,any=1/,cpu/event=0x79,umask=0x18,cmask=1/,cpu/event=0x79,umask=0x18,cmask=4/},{cpu/event=0x85,umask=0x10,cmask=1/,cpu/event=0x85,umask=0x60/,cpu/event=0x85,umask=0xe/,cycles},{cpu/event=0xc3,umask=0x1,edge=1,cmask=1/,cpu/event=0xc5,umask=0x0/,cpu/event=0xe6,umask=0x1f/,cycles},{cpu/event=0xa3,umask=0x5,cmask=5/,cpu/event=0xa3,umask=0x6,cmask=6/,cpu/event=0xa3,umask=0xc,cmask=12/,cycles},{cpu/event=0xa3,umask=0x5,cmask=5/,cpu/event=0xd1,umask=0x20/,cpu/event=0xd1,umask=0x4/,cycles},{cpu/event=0xc0,umask=0x2/,cpu/event=0xc2,umask=0x2/,cpu/event=0xc7,umask=0x1/,cpu/event=0xc7,umask=0x2/,instructions},{cpu/event=0xc7,umask=0x10/,cpu/event=0xc7,umask=0x20/,cpu/event=0xc7,umask=0x4/,cpu/event=0xc7,umask=0x8/},{cpu/event=0xa3,umask=0x4,cmask=4/,cpu/event=0xb1,umask=0x1,cmask=1/,cpu/event=0xb1,umask=0x1,cmask=2/,cpu/event=0xb1,umask=0x1,cmask=3/},{cpu/event=0x5e,umask=0x1/,cpu/event=0xa2,umask=0x8/,cpu/event=0xa3,umask=0x6,cmask=6/,cycles,instructions}' -A -a bash /disk2/user/BigDataBench_V5.0_BigData_MicroBenchmark/Hadoop/FFT/run-fft.sh 2048 2048 0.5
11
running fft
hadoop fft end
warning: Mismeasured: Memory_Bound Core_Bound Ports_Utilization
Start sleep after run
Deleted /hadoop/fft
===== grep : prep ======
Will measure complete system.
Using level 3.
perf stat -x\; -I 1000 -e '{cpu/event=0x3c,umask=0x0,any=1/,cpu/event=0x9c,umask=0x1/,cpu/event=0xc2,umask=0x2/,cpu/event=0xd,umask=0x3,any=1,cmask=1/,cpu/event=0xe,umask=0x1/},{cpu/event=0x3c,umask=0x0,any=1/,cpu/event=0x79,umask=0x30/,cpu/event=0x9c,umask=0x1,cmask=4/,cpu/event=0xc2,umask=0x2/,cpu/event=0xe,umask=0x1/},{cpu/event=0xc3,umask=0x1,edge=1,cmask=1/,cpu/event=0xc5,umask=0x0/},{cpu/event=0x3c,umask=0x0,any=1/,cpu/event=0x9c,umask=0x1,cmask=4/,instructions},cycles,{cpu/event=0xa2,umask=0x8/,cpu/event=0xa3,umask=0x4,cmask=4/,cpu/event=0xa3,umask=0x6,cmask=6/,cpu/event=0xb1,umask=0x1,cmask=1/},{cpu/event=0x5e,umask=0x1/,cpu/event=0x9c,umask=0x1,cmask=4/,cpu/event=0xb1,umask=0x1,cmask=2/,cpu/event=0xb1,umask=0x1,cmask=3/,cycles,instructions},{cpu/event=0x79,umask=0x30,edge=1,cmask=1/,cpu/event=0x80,umask=0x4/,cpu/event=0x87,umask=0x1/,cpu/event=0xab,umask=0x2/,cycles},{cpu/event=0xa2,umask=0x8/,cycles},{cpu/event=0x14,umask=0x1/,cpu/event=0x3c,umask=0x0,any=1/,cpu/event=0x79,umask=0x24,cmask=1/,cpu/event=0x79,umask=0x24,cmask=4/,cpu/event=0xc1,umask=0x40/},{cpu/event=0x3c,umask=0x0,any=1/,cpu/event=0x79,umask=0x18,cmask=1/,cpu/event=0x79,umask=0x18,cmask=4/},{cpu/event=0x85,umask=0x10,cmask=1/,cpu/event=0x85,umask=0x60/,cpu/event=0x85,umask=0xe/,cycles},{cpu/event=0xc3,umask=0x1,edge=1,cmask=1/,cpu/event=0xc5,umask=0x0/,cpu/event=0xe6,umask=0x1f/,cycles},{cpu/event=0xa3,umask=0x5,cmask=5/,cpu/event=0xa3,umask=0x6,cmask=6/,cpu/event=0xa3,umask=0xc,cmask=12/,cycles},{cpu/event=0xa3,umask=0x5,cmask=5/,cpu/event=0xd1,umask=0x20/,cpu/event=0xd1,umask=0x4/,cycles},{cpu/event=0xc0,umask=0x2/,cpu/event=0xc2,umask=0x2/,cpu/event=0xc7,umask=0x1/,cpu/event=0xc7,umask=0x2/,instructions},{cpu/event=0xc7,umask=0x10/,cpu/event=0xc7,umask=0x20/,cpu/event=0xc7,umask=0x4/,cpu/event=0xc7,umask=0x8/},{cpu/event=0xa3,umask=0x4,cmask=4/,cpu/event=0xb1,umask=0x1,cmask=1/,cpu/event=0xb1,umask=0x1,cmask=2/,cpu/event=0xb1,umask=0x1,cmask=3/},{cpu/event=0x5e,umask=0x1/,cpu/event=0xa2,umask=0x8/,cpu/event=0xa3,umask=0x6,cmask=6/,cycles,instructions}' -A -a bash /disk2/user/BigDataBench_V5.0_BigData_MicroBenchmark/Hadoop/Grep/genData-grep.sh 5
:/disk2/user/BigDataBench_V5.0_BigData_MicroBenchmark/BigDataGeneratorSuite/Text_datagen/gsl-1.15/.libs/:/disk2/user/BigDataBench_V5.0_BigData_MicroBenchmark/BigDataGeneratorSuite/Text_datagen/gsl-1.15/cblas/.libs/
warning: Mismeasured: Memory_Bound Frontend_Bandwidth Core_Bound Ports_Utilization
Start sleep after prep
===== grep : run ======
Will measure complete system.
Using level 3.
perf stat -x\; -I 1000 -e '{cpu/event=0x3c,umask=0x0,any=1/,cpu/event=0x9c,umask=0x1/,cpu/event=0xc2,umask=0x2/,cpu/event=0xd,umask=0x3,any=1,cmask=1/,cpu/event=0xe,umask=0x1/},{cpu/event=0x3c,umask=0x0,any=1/,cpu/event=0x79,umask=0x30/,cpu/event=0x9c,umask=0x1,cmask=4/,cpu/event=0xc2,umask=0x2/,cpu/event=0xe,umask=0x1/},{cpu/event=0xc3,umask=0x1,edge=1,cmask=1/,cpu/event=0xc5,umask=0x0/},{cpu/event=0x3c,umask=0x0,any=1/,cpu/event=0x9c,umask=0x1,cmask=4/,instructions},cycles,{cpu/event=0xa2,umask=0x8/,cpu/event=0xa3,umask=0x4,cmask=4/,cpu/event=0xa3,umask=0x6,cmask=6/,cpu/event=0xb1,umask=0x1,cmask=1/},{cpu/event=0x5e,umask=0x1/,cpu/event=0x9c,umask=0x1,cmask=4/,cpu/event=0xb1,umask=0x1,cmask=2/,cpu/event=0xb1,umask=0x1,cmask=3/,cycles,instructions},{cpu/event=0x79,umask=0x30,edge=1,cmask=1/,cpu/event=0x80,umask=0x4/,cpu/event=0x87,umask=0x1/,cpu/event=0xab,umask=0x2/,cycles},{cpu/event=0xa2,umask=0x8/,cycles},{cpu/event=0x14,umask=0x1/,cpu/event=0x3c,umask=0x0,any=1/,cpu/event=0x79,umask=0x24,cmask=1/,cpu/event=0x79,umask=0x24,cmask=4/,cpu/event=0xc1,umask=0x40/},{cpu/event=0x3c,umask=0x0,any=1/,cpu/event=0x79,umask=0x18,cmask=1/,cpu/event=0x79,umask=0x18,cmask=4/},{cpu/event=0x85,umask=0x10,cmask=1/,cpu/event=0x85,umask=0x60/,cpu/event=0x85,umask=0xe/,cycles},{cpu/event=0xc3,umask=0x1,edge=1,cmask=1/,cpu/event=0xc5,umask=0x0/,cpu/event=0xe6,umask=0x1f/,cycles},{cpu/event=0xa3,umask=0x5,cmask=5/,cpu/event=0xa3,umask=0x6,cmask=6/,cpu/event=0xa3,umask=0xc,cmask=12/,cycles},{cpu/event=0xa3,umask=0x5,cmask=5/,cpu/event=0xd1,umask=0x20/,cpu/event=0xd1,umask=0x4/,cycles},{cpu/event=0xc0,umask=0x2/,cpu/event=0xc2,umask=0x2/,cpu/event=0xc7,umask=0x1/,cpu/event=0xc7,umask=0x2/,instructions},{cpu/event=0xc7,umask=0x10/,cpu/event=0xc7,umask=0x20/,cpu/event=0xc7,umask=0x4/,cpu/event=0xc7,umask=0x8/},{cpu/event=0xa3,umask=0x4,cmask=4/,cpu/event=0xb1,umask=0x1,cmask=1/,cpu/event=0xb1,umask=0x1,cmask=2/,cpu/event=0xb1,umask=0x1,cmask=3/},{cpu/event=0x5e,umask=0x1/,cpu/event=0xa2,umask=0x8/,cpu/event=0xa3,umask=0x6,cmask=6/,cycles,instructions}' -A -a bash /disk2/user/BigDataBench_V5.0_BigData_MicroBenchmark/Hadoop/Grep/run-grep.sh 5
running hadoop grep
hadop grep end
warning: Mismeasured: Memory_Bound Backend_Bound Core_Bound Ports_Utilization Frontend_Bandwidth
Start sleep after run
Deleted /hadoop/grep
===== matmult0_5 : prep ======
Will measure complete system.
Using level 3.
perf stat -x\; -I 1000 -e '{cpu/event=0x3c,umask=0x0,any=1/,cpu/event=0x9c,umask=0x1/,cpu/event=0xc2,umask=0x2/,cpu/event=0xd,umask=0x3,any=1,cmask=1/,cpu/event=0xe,umask=0x1/},{cpu/event=0x3c,umask=0x0,any=1/,cpu/event=0x79,umask=0x30/,cpu/event=0x9c,umask=0x1,cmask=4/,cpu/event=0xc2,umask=0x2/,cpu/event=0xe,umask=0x1/},{cpu/event=0xc3,umask=0x1,edge=1,cmask=1/,cpu/event=0xc5,umask=0x0/},{cpu/event=0x3c,umask=0x0,any=1/,cpu/event=0x9c,umask=0x1,cmask=4/,instructions},cycles,{cpu/event=0xa2,umask=0x8/,cpu/event=0xa3,umask=0x4,cmask=4/,cpu/event=0xa3,umask=0x6,cmask=6/,cpu/event=0xb1,umask=0x1,cmask=1/},{cpu/event=0x5e,umask=0x1/,cpu/event=0x9c,umask=0x1,cmask=4/,cpu/event=0xb1,umask=0x1,cmask=2/,cpu/event=0xb1,umask=0x1,cmask=3/,cycles,instructions},{cpu/event=0x79,umask=0x30,edge=1,cmask=1/,cpu/event=0x80,umask=0x4/,cpu/event=0x87,umask=0x1/,cpu/event=0xab,umask=0x2/,cycles},{cpu/event=0xa2,umask=0x8/,cycles},{cpu/event=0x14,umask=0x1/,cpu/event=0x3c,umask=0x0,any=1/,cpu/event=0x79,umask=0x24,cmask=1/,cpu/event=0x79,umask=0x24,cmask=4/,cpu/event=0xc1,umask=0x40/},{cpu/event=0x3c,umask=0x0,any=1/,cpu/event=0x79,umask=0x18,cmask=1/,cpu/event=0x79,umask=0x18,cmask=4/},{cpu/event=0x85,umask=0x10,cmask=1/,cpu/event=0x85,umask=0x60/,cpu/event=0x85,umask=0xe/,cycles},{cpu/event=0xc3,umask=0x1,edge=1,cmask=1/,cpu/event=0xc5,umask=0x0/,cpu/event=0xe6,umask=0x1f/,cycles},{cpu/event=0xa3,umask=0x5,cmask=5/,cpu/event=0xa3,umask=0x6,cmask=6/,cpu/event=0xa3,umask=0xc,cmask=12/,cycles},{cpu/event=0xa3,umask=0x5,cmask=5/,cpu/event=0xd1,umask=0x20/,cpu/event=0xd1,umask=0x4/,cycles},{cpu/event=0xc0,umask=0x2/,cpu/event=0xc2,umask=0x2/,cpu/event=0xc7,umask=0x1/,cpu/event=0xc7,umask=0x2/,instructions},{cpu/event=0xc7,umask=0x10/,cpu/event=0xc7,umask=0x20/,cpu/event=0xc7,umask=0x4/,cpu/event=0xc7,umask=0x8/},{cpu/event=0xa3,umask=0x4,cmask=4/,cpu/event=0xb1,umask=0x1,cmask=1/,cpu/event=0xb1,umask=0x1,cmask=2/,cpu/event=0xb1,umask=0x1,cmask=3/},{cpu/event=0x5e,umask=0x1/,cpu/event=0xa2,umask=0x8/,cpu/event=0xa3,umask=0x6,cmask=6/,cycles,instructions}' -A -a bash /disk2/user/BigDataBench_V5.0_BigData_MicroBenchmark/Hadoop/MatrixMult/genData-matMult.sh 0.5 1000 1000 1000
warning: Mismeasured: Memory_Bound Frontend_Bandwidth Core_Bound Ports_Utilization
Start sleep after prep
===== matmult0_5 : run ======
Will measure complete system.
Using level 3.
perf stat -x\; -I 1000 -e '{cpu/event=0x3c,umask=0x0,any=1/,cpu/event=0x9c,umask=0x1/,cpu/event=0xc2,umask=0x2/,cpu/event=0xd,umask=0x3,any=1,cmask=1/,cpu/event=0xe,umask=0x1/},{cpu/event=0x3c,umask=0x0,any=1/,cpu/event=0x79,umask=0x30/,cpu/event=0x9c,umask=0x1,cmask=4/,cpu/event=0xc2,umask=0x2/,cpu/event=0xe,umask=0x1/},{cpu/event=0xc3,umask=0x1,edge=1,cmask=1/,cpu/event=0xc5,umask=0x0/},{cpu/event=0x3c,umask=0x0,any=1/,cpu/event=0x9c,umask=0x1,cmask=4/,instructions},cycles,{cpu/event=0xa2,umask=0x8/,cpu/event=0xa3,umask=0x4,cmask=4/,cpu/event=0xa3,umask=0x6,cmask=6/,cpu/event=0xb1,umask=0x1,cmask=1/},{cpu/event=0x5e,umask=0x1/,cpu/event=0x9c,umask=0x1,cmask=4/,cpu/event=0xb1,umask=0x1,cmask=2/,cpu/event=0xb1,umask=0x1,cmask=3/,cycles,instructions},{cpu/event=0x79,umask=0x30,edge=1,cmask=1/,cpu/event=0x80,umask=0x4/,cpu/event=0x87,umask=0x1/,cpu/event=0xab,umask=0x2/,cycles},{cpu/event=0xa2,umask=0x8/,cycles},{cpu/event=0x14,umask=0x1/,cpu/event=0x3c,umask=0x0,any=1/,cpu/event=0x79,umask=0x24,cmask=1/,cpu/event=0x79,umask=0x24,cmask=4/,cpu/event=0xc1,umask=0x40/},{cpu/event=0x3c,umask=0x0,any=1/,cpu/event=0x79,umask=0x18,cmask=1/,cpu/event=0x79,umask=0x18,cmask=4/},{cpu/event=0x85,umask=0x10,cmask=1/,cpu/event=0x85,umask=0x60/,cpu/event=0x85,umask=0xe/,cycles},{cpu/event=0xc3,umask=0x1,edge=1,cmask=1/,cpu/event=0xc5,umask=0x0/,cpu/event=0xe6,umask=0x1f/,cycles},{cpu/event=0xa3,umask=0x5,cmask=5/,cpu/event=0xa3,umask=0x6,cmask=6/,cpu/event=0xa3,umask=0xc,cmask=12/,cycles},{cpu/event=0xa3,umask=0x5,cmask=5/,cpu/event=0xd1,umask=0x20/,cpu/event=0xd1,umask=0x4/,cycles},{cpu/event=0xc0,umask=0x2/,cpu/event=0xc2,umask=0x2/,cpu/event=0xc7,umask=0x1/,cpu/event=0xc7,umask=0x2/,instructions},{cpu/event=0xc7,umask=0x10/,cpu/event=0xc7,umask=0x20/,cpu/event=0xc7,umask=0x4/,cpu/event=0xc7,umask=0x8/},{cpu/event=0xa3,umask=0x4,cmask=4/,cpu/event=0xb1,umask=0x1,cmask=1/,cpu/event=0xb1,umask=0x1,cmask=2/,cpu/event=0xb1,umask=0x1,cmask=3/},{cpu/event=0x5e,umask=0x1/,cpu/event=0xa2,umask=0x8/,cpu/event=0xa3,umask=0x6,cmask=6/,cycles,instructions}' -A -a bash /disk2/user/BigDataBench_V5.0_BigData_MicroBenchmark/Hadoop/MatrixMult/run-matMult.sh 0.5 1000 1000 1000
running matMult
Running on hadoop, using /disk2/user/hadoops/hadoop-2.10.0/bin/hadoop and HADOOP_CONF_DIR=
MAHOUT-JOB: /disk2/user/BigDataBench_V5.0_BigData_MicroBenchmark/Hadoop/apache-mahout-0.10.2-compile/examples/target/mahout-examples-0.10.2-job.jar
Running on hadoop, using /disk2/user/hadoops/hadoop-2.10.0/bin/hadoop and HADOOP_CONF_DIR=
MAHOUT-JOB: /disk2/user/BigDataBench_V5.0_BigData_MicroBenchmark/Hadoop/apache-mahout-0.10.2-compile/examples/target/mahout-examples-0.10.2-job.jar
Running on hadoop, using /disk2/user/hadoops/hadoop-2.10.0/bin/hadoop and HADOOP_CONF_DIR=
MAHOUT-JOB: /disk2/user/BigDataBench_V5.0_BigData_MicroBenchmark/Hadoop/apache-mahout-0.10.2-compile/examples/target/mahout-examples-0.10.2-job.jar
hadoop matrix mulitiply end
warning: Mismeasured: Memory_Bound Frontend_Bandwidth Core_Bound Ports_Utilization
Start sleep after run
Deleted /hadoop/matMult
===== md5 : prep ======
Will measure complete system.
Using level 3.
perf stat -x\; -I 1000 -e '{cpu/event=0x3c,umask=0x0,any=1/,cpu/event=0x9c,umask=0x1/,cpu/event=0xc2,umask=0x2/,cpu/event=0xd,umask=0x3,any=1,cmask=1/,cpu/event=0xe,umask=0x1/},{cpu/event=0x3c,umask=0x0,any=1/,cpu/event=0x79,umask=0x30/,cpu/event=0x9c,umask=0x1,cmask=4/,cpu/event=0xc2,umask=0x2/,cpu/event=0xe,umask=0x1/},{cpu/event=0xc3,umask=0x1,edge=1,cmask=1/,cpu/event=0xc5,umask=0x0/},{cpu/event=0x3c,umask=0x0,any=1/,cpu/event=0x9c,umask=0x1,cmask=4/,instructions},cycles,{cpu/event=0xa2,umask=0x8/,cpu/event=0xa3,umask=0x4,cmask=4/,cpu/event=0xa3,umask=0x6,cmask=6/,cpu/event=0xb1,umask=0x1,cmask=1/},{cpu/event=0x5e,umask=0x1/,cpu/event=0x9c,umask=0x1,cmask=4/,cpu/event=0xb1,umask=0x1,cmask=2/,cpu/event=0xb1,umask=0x1,cmask=3/,cycles,instructions},{cpu/event=0x79,umask=0x30,edge=1,cmask=1/,cpu/event=0x80,umask=0x4/,cpu/event=0x87,umask=0x1/,cpu/event=0xab,umask=0x2/,cycles},{cpu/event=0xa2,umask=0x8/,cycles},{cpu/event=0x14,umask=0x1/,cpu/event=0x3c,umask=0x0,any=1/,cpu/event=0x79,umask=0x24,cmask=1/,cpu/event=0x79,umask=0x24,cmask=4/,cpu/event=0xc1,umask=0x40/},{cpu/event=0x3c,umask=0x0,any=1/,cpu/event=0x79,umask=0x18,cmask=1/,cpu/event=0x79,umask=0x18,cmask=4/},{cpu/event=0x85,umask=0x10,cmask=1/,cpu/event=0x85,umask=0x60/,cpu/event=0x85,umask=0xe/,cycles},{cpu/event=0xc3,umask=0x1,edge=1,cmask=1/,cpu/event=0xc5,umask=0x0/,cpu/event=0xe6,umask=0x1f/,cycles},{cpu/event=0xa3,umask=0x5,cmask=5/,cpu/event=0xa3,umask=0x6,cmask=6/,cpu/event=0xa3,umask=0xc,cmask=12/,cycles},{cpu/event=0xa3,umask=0x5,cmask=5/,cpu/event=0xd1,umask=0x20/,cpu/event=0xd1,umask=0x4/,cycles},{cpu/event=0xc0,umask=0x2/,cpu/event=0xc2,umask=0x2/,cpu/event=0xc7,umask=0x1/,cpu/event=0xc7,umask=0x2/,instructions},{cpu/event=0xc7,umask=0x10/,cpu/event=0xc7,umask=0x20/,cpu/event=0xc7,umask=0x4/,cpu/event=0xc7,umask=0x8/},{cpu/event=0xa3,umask=0x4,cmask=4/,cpu/event=0xb1,umask=0x1,cmask=1/,cpu/event=0xb1,umask=0x1,cmask=2/,cpu/event=0xb1,umask=0x1,cmask=3/},{cpu/event=0x5e,umask=0x1/,cpu/event=0xa2,umask=0x8/,cpu/event=0xa3,umask=0x6,cmask=6/,cycles,instructions}' -A -a bash /disk2/user/BigDataBench_V5.0_BigData_MicroBenchmark/Hadoop/MD5/genData-md5.sh 5
Thu Apr 16 12:31:03 IST 2020
Thu Apr 16 12:32:37 IST 2020
warning: Mismeasured: Core_Bound Ports_Utilization
Start sleep after prep
===== md5 : run ======
Will measure complete system.
Using level 3.
perf stat -x\; -I 1000 -e '{cpu/event=0x3c,umask=0x0,any=1/,cpu/event=0x9c,umask=0x1/,cpu/event=0xc2,umask=0x2/,cpu/event=0xd,umask=0x3,any=1,cmask=1/,cpu/event=0xe,umask=0x1/},{cpu/event=0x3c,umask=0x0,any=1/,cpu/event=0x79,umask=0x30/,cpu/event=0x9c,umask=0x1,cmask=4/,cpu/event=0xc2,umask=0x2/,cpu/event=0xe,umask=0x1/},{cpu/event=0xc3,umask=0x1,edge=1,cmask=1/,cpu/event=0xc5,umask=0x0/},{cpu/event=0x3c,umask=0x0,any=1/,cpu/event=0x9c,umask=0x1,cmask=4/,instructions},cycles,{cpu/event=0xa2,umask=0x8/,cpu/event=0xa3,umask=0x4,cmask=4/,cpu/event=0xa3,umask=0x6,cmask=6/,cpu/event=0xb1,umask=0x1,cmask=1/},{cpu/event=0x5e,umask=0x1/,cpu/event=0x9c,umask=0x1,cmask=4/,cpu/event=0xb1,umask=0x1,cmask=2/,cpu/event=0xb1,umask=0x1,cmask=3/,cycles,instructions},{cpu/event=0x79,umask=0x30,edge=1,cmask=1/,cpu/event=0x80,umask=0x4/,cpu/event=0x87,umask=0x1/,cpu/event=0xab,umask=0x2/,cycles},{cpu/event=0xa2,umask=0x8/,cycles},{cpu/event=0x14,umask=0x1/,cpu/event=0x3c,umask=0x0,any=1/,cpu/event=0x79,umask=0x24,cmask=1/,cpu/event=0x79,umask=0x24,cmask=4/,cpu/event=0xc1,umask=0x40/},{cpu/event=0x3c,umask=0x0,any=1/,cpu/event=0x79,umask=0x18,cmask=1/,cpu/event=0x79,umask=0x18,cmask=4/},{cpu/event=0x85,umask=0x10,cmask=1/,cpu/event=0x85,umask=0x60/,cpu/event=0x85,umask=0xe/,cycles},{cpu/event=0xc3,umask=0x1,edge=1,cmask=1/,cpu/event=0xc5,umask=0x0/,cpu/event=0xe6,umask=0x1f/,cycles},{cpu/event=0xa3,umask=0x5,cmask=5/,cpu/event=0xa3,umask=0x6,cmask=6/,cpu/event=0xa3,umask=0xc,cmask=12/,cycles},{cpu/event=0xa3,umask=0x5,cmask=5/,cpu/event=0xd1,umask=0x20/,cpu/event=0xd1,umask=0x4/,cycles},{cpu/event=0xc0,umask=0x2/,cpu/event=0xc2,umask=0x2/,cpu/event=0xc7,umask=0x1/,cpu/event=0xc7,umask=0x2/,instructions},{cpu/event=0xc7,umask=0x10/,cpu/event=0xc7,umask=0x20/,cpu/event=0xc7,umask=0x4/,cpu/event=0xc7,umask=0x8/},{cpu/event=0xa3,umask=0x4,cmask=4/,cpu/event=0xb1,umask=0x1,cmask=1/,cpu/event=0xb1,umask=0x1,cmask=2/,cpu/event=0xb1,umask=0x1,cmask=3/},{cpu/event=0x5e,umask=0x1/,cpu/event=0xa2,umask=0x8/,cpu/event=0xa3,umask=0x6,cmask=6/,cycles,instructions}' -A -a bash /disk2/user/BigDataBench_V5.0_BigData_MicroBenchmark/Hadoop/MD5/run-md5.sh 5
hadoop md5 end
warning: Mismeasured: Memory_Bound Frontend_Bandwidth Core_Bound Ports_Utilization
Start sleep after run
Deleted /hadoop/md5
===== randsample : prep ======
Will measure complete system.
Using level 3.
perf stat -x\; -I 1000 -e '{cpu/event=0x3c,umask=0x0,any=1/,cpu/event=0x9c,umask=0x1/,cpu/event=0xc2,umask=0x2/,cpu/event=0xd,umask=0x3,any=1,cmask=1/,cpu/event=0xe,umask=0x1/},{cpu/event=0x3c,umask=0x0,any=1/,cpu/event=0x79,umask=0x30/,cpu/event=0x9c,umask=0x1,cmask=4/,cpu/event=0xc2,umask=0x2/,cpu/event=0xe,umask=0x1/},{cpu/event=0xc3,umask=0x1,edge=1,cmask=1/,cpu/event=0xc5,umask=0x0/},{cpu/event=0x3c,umask=0x0,any=1/,cpu/event=0x9c,umask=0x1,cmask=4/,instructions},cycles,{cpu/event=0xa2,umask=0x8/,cpu/event=0xa3,umask=0x4,cmask=4/,cpu/event=0xa3,umask=0x6,cmask=6/,cpu/event=0xb1,umask=0x1,cmask=1/},{cpu/event=0x5e,umask=0x1/,cpu/event=0x9c,umask=0x1,cmask=4/,cpu/event=0xb1,umask=0x1,cmask=2/,cpu/event=0xb1,umask=0x1,cmask=3/,cycles,instructions},{cpu/event=0x79,umask=0x30,edge=1,cmask=1/,cpu/event=0x80,umask=0x4/,cpu/event=0x87,umask=0x1/,cpu/event=0xab,umask=0x2/,cycles},{cpu/event=0xa2,umask=0x8/,cycles},{cpu/event=0x14,umask=0x1/,cpu/event=0x3c,umask=0x0,any=1/,cpu/event=0x79,umask=0x24,cmask=1/,cpu/event=0x79,umask=0x24,cmask=4/,cpu/event=0xc1,umask=0x40/},{cpu/event=0x3c,umask=0x0,any=1/,cpu/event=0x79,umask=0x18,cmask=1/,cpu/event=0x79,umask=0x18,cmask=4/},{cpu/event=0x85,umask=0x10,cmask=1/,cpu/event=0x85,umask=0x60/,cpu/event=0x85,umask=0xe/,cycles},{cpu/event=0xc3,umask=0x1,edge=1,cmask=1/,cpu/event=0xc5,umask=0x0/,cpu/event=0xe6,umask=0x1f/,cycles},{cpu/event=0xa3,umask=0x5,cmask=5/,cpu/event=0xa3,umask=0x6,cmask=6/,cpu/event=0xa3,umask=0xc,cmask=12/,cycles},{cpu/event=0xa3,umask=0x5,cmask=5/,cpu/event=0xd1,umask=0x20/,cpu/event=0xd1,umask=0x4/,cycles},{cpu/event=0xc0,umask=0x2/,cpu/event=0xc2,umask=0x2/,cpu/event=0xc7,umask=0x1/,cpu/event=0xc7,umask=0x2/,instructions},{cpu/event=0xc7,umask=0x10/,cpu/event=0xc7,umask=0x20/,cpu/event=0xc7,umask=0x4/,cpu/event=0xc7,umask=0x8/},{cpu/event=0xa3,umask=0x4,cmask=4/,cpu/event=0xb1,umask=0x1,cmask=1/,cpu/event=0xb1,umask=0x1,cmask=2/,cpu/event=0xb1,umask=0x1,cmask=3/},{cpu/event=0x5e,umask=0x1/,cpu/event=0xa2,umask=0x8/,cpu/event=0xa3,umask=0x6,cmask=6/,cycles,instructions}' -A -a bash /disk2/user/BigDataBench_V5.0_BigData_MicroBenchmark/Hadoop/randSample/genData-randSample.sh 5
:/disk2/user/BigDataBench_V5.0_BigData_MicroBenchmark/BigDataGeneratorSuite/Text_datagen/gsl-1.15/.libs/:/disk2/user/BigDataBench_V5.0_BigData_MicroBenchmark/BigDataGeneratorSuite/Text_datagen/gsl-1.15/cblas/.libs/
warning: Mismeasured: Frontend_Bandwidth Memory_Bound Core_Bound Ports_Utilization
Start sleep after prep
===== randsample : run ======
Will measure complete system.
Using level 3.
perf stat -x\; -I 1000 -e '{cpu/event=0x3c,umask=0x0,any=1/,cpu/event=0x9c,umask=0x1/,cpu/event=0xc2,umask=0x2/,cpu/event=0xd,umask=0x3,any=1,cmask=1/,cpu/event=0xe,umask=0x1/},{cpu/event=0x3c,umask=0x0,any=1/,cpu/event=0x79,umask=0x30/,cpu/event=0x9c,umask=0x1,cmask=4/,cpu/event=0xc2,umask=0x2/,cpu/event=0xe,umask=0x1/},{cpu/event=0xc3,umask=0x1,edge=1,cmask=1/,cpu/event=0xc5,umask=0x0/},{cpu/event=0x3c,umask=0x0,any=1/,cpu/event=0x9c,umask=0x1,cmask=4/,instructions},cycles,{cpu/event=0xa2,umask=0x8/,cpu/event=0xa3,umask=0x4,cmask=4/,cpu/event=0xa3,umask=0x6,cmask=6/,cpu/event=0xb1,umask=0x1,cmask=1/},{cpu/event=0x5e,umask=0x1/,cpu/event=0x9c,umask=0x1,cmask=4/,cpu/event=0xb1,umask=0x1,cmask=2/,cpu/event=0xb1,umask=0x1,cmask=3/,cycles,instructions},{cpu/event=0x79,umask=0x30,edge=1,cmask=1/,cpu/event=0x80,umask=0x4/,cpu/event=0x87,umask=0x1/,cpu/event=0xab,umask=0x2/,cycles},{cpu/event=0xa2,umask=0x8/,cycles},{cpu/event=0x14,umask=0x1/,cpu/event=0x3c,umask=0x0,any=1/,cpu/event=0x79,umask=0x24,cmask=1/,cpu/event=0x79,umask=0x24,cmask=4/,cpu/event=0xc1,umask=0x40/},{cpu/event=0x3c,umask=0x0,any=1/,cpu/event=0x79,umask=0x18,cmask=1/,cpu/event=0x79,umask=0x18,cmask=4/},{cpu/event=0x85,umask=0x10,cmask=1/,cpu/event=0x85,umask=0x60/,cpu/event=0x85,umask=0xe/,cycles},{cpu/event=0xc3,umask=0x1,edge=1,cmask=1/,cpu/event=0xc5,umask=0x0/,cpu/event=0xe6,umask=0x1f/,cycles},{cpu/event=0xa3,umask=0x5,cmask=5/,cpu/event=0xa3,umask=0x6,cmask=6/,cpu/event=0xa3,umask=0xc,cmask=12/,cycles},{cpu/event=0xa3,umask=0x5,cmask=5/,cpu/event=0xd1,umask=0x20/,cpu/event=0xd1,umask=0x4/,cycles},{cpu/event=0xc0,umask=0x2/,cpu/event=0xc2,umask=0x2/,cpu/event=0xc7,umask=0x1/,cpu/event=0xc7,umask=0x2/,instructions},{cpu/event=0xc7,umask=0x10/,cpu/event=0xc7,umask=0x20/,cpu/event=0xc7,umask=0x4/,cpu/event=0xc7,umask=0x8/},{cpu/event=0xa3,umask=0x4,cmask=4/,cpu/event=0xb1,umask=0x1,cmask=1/,cpu/event=0xb1,umask=0x1,cmask=2/,cpu/event=0xb1,umask=0x1,cmask=3/},{cpu/event=0x5e,umask=0x1/,cpu/event=0xa2,umask=0x8/,cpu/event=0xa3,umask=0x6,cmask=6/,cycles,instructions}' -A -a bash /disk2/user/BigDataBench_V5.0_BigData_MicroBenchmark/Hadoop/randSample/run-randSample.sh 5 0.5
running randsample
hadoop rand sampling end
warning: Mismeasured: Memory_Bound Backend_Bound Core_Bound Ports_Utilization Frontend_Bandwidth
Start sleep after run
Deleted /hadoop/randsample
===== sort : prep ======
Will measure complete system.
Using level 3.
perf stat -x\; -I 1000 -e '{cpu/event=0x3c,umask=0x0,any=1/,cpu/event=0x9c,umask=0x1/,cpu/event=0xc2,umask=0x2/,cpu/event=0xd,umask=0x3,any=1,cmask=1/,cpu/event=0xe,umask=0x1/},{cpu/event=0x3c,umask=0x0,any=1/,cpu/event=0x79,umask=0x30/,cpu/event=0x9c,umask=0x1,cmask=4/,cpu/event=0xc2,umask=0x2/,cpu/event=0xe,umask=0x1/},{cpu/event=0xc3,umask=0x1,edge=1,cmask=1/,cpu/event=0xc5,umask=0x0/},{cpu/event=0x3c,umask=0x0,any=1/,cpu/event=0x9c,umask=0x1,cmask=4/,instructions},cycles,{cpu/event=0xa2,umask=0x8/,cpu/event=0xa3,umask=0x4,cmask=4/,cpu/event=0xa3,umask=0x6,cmask=6/,cpu/event=0xb1,umask=0x1,cmask=1/},{cpu/event=0x5e,umask=0x1/,cpu/event=0x9c,umask=0x1,cmask=4/,cpu/event=0xb1,umask=0x1,cmask=2/,cpu/event=0xb1,umask=0x1,cmask=3/,cycles,instructions},{cpu/event=0x79,umask=0x30,edge=1,cmask=1/,cpu/event=0x80,umask=0x4/,cpu/event=0x87,umask=0x1/,cpu/event=0xab,umask=0x2/,cycles},{cpu/event=0xa2,umask=0x8/,cycles},{cpu/event=0x14,umask=0x1/,cpu/event=0x3c,umask=0x0,any=1/,cpu/event=0x79,umask=0x24,cmask=1/,cpu/event=0x79,umask=0x24,cmask=4/,cpu/event=0xc1,umask=0x40/},{cpu/event=0x3c,umask=0x0,any=1/,cpu/event=0x79,umask=0x18,cmask=1/,cpu/event=0x79,umask=0x18,cmask=4/},{cpu/event=0x85,umask=0x10,cmask=1/,cpu/event=0x85,umask=0x60/,cpu/event=0x85,umask=0xe/,cycles},{cpu/event=0xc3,umask=0x1,edge=1,cmask=1/,cpu/event=0xc5,umask=0x0/,cpu/event=0xe6,umask=0x1f/,cycles},{cpu/event=0xa3,umask=0x5,cmask=5/,cpu/event=0xa3,umask=0x6,cmask=6/,cpu/event=0xa3,umask=0xc,cmask=12/,cycles},{cpu/event=0xa3,umask=0x5,cmask=5/,cpu/event=0xd1,umask=0x20/,cpu/event=0xd1,umask=0x4/,cycles},{cpu/event=0xc0,umask=0x2/,cpu/event=0xc2,umask=0x2/,cpu/event=0xc7,umask=0x1/,cpu/event=0xc7,umask=0x2/,instructions},{cpu/event=0xc7,umask=0x10/,cpu/event=0xc7,umask=0x20/,cpu/event=0xc7,umask=0x4/,cpu/event=0xc7,umask=0x8/},{cpu/event=0xa3,umask=0x4,cmask=4/,cpu/event=0xb1,umask=0x1,cmask=1/,cpu/event=0xb1,umask=0x1,cmask=2/,cpu/event=0xb1,umask=0x1,cmask=3/},{cpu/event=0x5e,umask=0x1/,cpu/event=0xa2,umask=0x8/,cpu/event=0xa3,umask=0x6,cmask=6/,cycles,instructions}' -A -a bash /disk2/user/BigDataBench_V5.0_BigData_MicroBenchmark/Hadoop/Sort/genData-sort.sh 5
warning: Mismeasured: Memory_Bound Frontend_Bandwidth Core_Bound Ports_Utilization
Start sleep after prep
===== sort : run ======
Will measure complete system.
Using level 3.
perf stat -x\; -I 1000 -e '{cpu/event=0x3c,umask=0x0,any=1/,cpu/event=0x9c,umask=0x1/,cpu/event=0xc2,umask=0x2/,cpu/event=0xd,umask=0x3,any=1,cmask=1/,cpu/event=0xe,umask=0x1/},{cpu/event=0x3c,umask=0x0,any=1/,cpu/event=0x79,umask=0x30/,cpu/event=0x9c,umask=0x1,cmask=4/,cpu/event=0xc2,umask=0x2/,cpu/event=0xe,umask=0x1/},{cpu/event=0xc3,umask=0x1,edge=1,cmask=1/,cpu/event=0xc5,umask=0x0/},{cpu/event=0x3c,umask=0x0,any=1/,cpu/event=0x9c,umask=0x1,cmask=4/,instructions},cycles,{cpu/event=0xa2,umask=0x8/,cpu/event=0xa3,umask=0x4,cmask=4/,cpu/event=0xa3,umask=0x6,cmask=6/,cpu/event=0xb1,umask=0x1,cmask=1/},{cpu/event=0x5e,umask=0x1/,cpu/event=0x9c,umask=0x1,cmask=4/,cpu/event=0xb1,umask=0x1,cmask=2/,cpu/event=0xb1,umask=0x1,cmask=3/,cycles,instructions},{cpu/event=0x79,umask=0x30,edge=1,cmask=1/,cpu/event=0x80,umask=0x4/,cpu/event=0x87,umask=0x1/,cpu/event=0xab,umask=0x2/,cycles},{cpu/event=0xa2,umask=0x8/,cycles},{cpu/event=0x14,umask=0x1/,cpu/event=0x3c,umask=0x0,any=1/,cpu/event=0x79,umask=0x24,cmask=1/,cpu/event=0x79,umask=0x24,cmask=4/,cpu/event=0xc1,umask=0x40/},{cpu/event=0x3c,umask=0x0,any=1/,cpu/event=0x79,umask=0x18,cmask=1/,cpu/event=0x79,umask=0x18,cmask=4/},{cpu/event=0x85,umask=0x10,cmask=1/,cpu/event=0x85,umask=0x60/,cpu/event=0x85,umask=0xe/,cycles},{cpu/event=0xc3,umask=0x1,edge=1,cmask=1/,cpu/event=0xc5,umask=0x0/,cpu/event=0xe6,umask=0x1f/,cycles},{cpu/event=0xa3,umask=0x5,cmask=5/,cpu/event=0xa3,umask=0x6,cmask=6/,cpu/event=0xa3,umask=0xc,cmask=12/,cycles},{cpu/event=0xa3,umask=0x5,cmask=5/,cpu/event=0xd1,umask=0x20/,cpu/event=0xd1,umask=0x4/,cycles},{cpu/event=0xc0,umask=0x2/,cpu/event=0xc2,umask=0x2/,cpu/event=0xc7,umask=0x1/,cpu/event=0xc7,umask=0x2/,instructions},{cpu/event=0xc7,umask=0x10/,cpu/event=0xc7,umask=0x20/,cpu/event=0xc7,umask=0x4/,cpu/event=0xc7,umask=0x8/},{cpu/event=0xa3,umask=0x4,cmask=4/,cpu/event=0xb1,umask=0x1,cmask=1/,cpu/event=0xb1,umask=0x1,cmask=2/,cpu/event=0xb1,umask=0x1,cmask=3/},{cpu/event=0x5e,umask=0x1/,cpu/event=0xa2,umask=0x8/,cpu/event=0xa3,umask=0x6,cmask=6/,cycles,instructions}' -A -a bash /disk2/user/BigDataBench_V5.0_BigData_MicroBenchmark/Hadoop/Sort/run-terasort.sh 5
Spent 143ms computing base-splits.
Spent 3ms computing TeraScheduler splits.
Computing input splits took 147ms
Sampling 10 splits of 38
Making 1 from 100000 sampled records
Computing parititions took 440ms
Spent 590ms computing partitions.
terasort end, kill monitor script
warning: Mismeasured: Memory_Bound Frontend_Bandwidth Core_Bound Ports_Utilization
Start sleep after run
Deleted /hadoop/terasort
===== wc : prep ======
Will measure complete system.
Using level 3.
perf stat -x\; -I 1000 -e '{cpu/event=0x3c,umask=0x0,any=1/,cpu/event=0x9c,umask=0x1/,cpu/event=0xc2,umask=0x2/,cpu/event=0xd,umask=0x3,any=1,cmask=1/,cpu/event=0xe,umask=0x1/},{cpu/event=0x3c,umask=0x0,any=1/,cpu/event=0x79,umask=0x30/,cpu/event=0x9c,umask=0x1,cmask=4/,cpu/event=0xc2,umask=0x2/,cpu/event=0xe,umask=0x1/},{cpu/event=0xc3,umask=0x1,edge=1,cmask=1/,cpu/event=0xc5,umask=0x0/},{cpu/event=0x3c,umask=0x0,any=1/,cpu/event=0x9c,umask=0x1,cmask=4/,instructions},cycles,{cpu/event=0xa2,umask=0x8/,cpu/event=0xa3,umask=0x4,cmask=4/,cpu/event=0xa3,umask=0x6,cmask=6/,cpu/event=0xb1,umask=0x1,cmask=1/},{cpu/event=0x5e,umask=0x1/,cpu/event=0x9c,umask=0x1,cmask=4/,cpu/event=0xb1,umask=0x1,cmask=2/,cpu/event=0xb1,umask=0x1,cmask=3/,cycles,instructions},{cpu/event=0x79,umask=0x30,edge=1,cmask=1/,cpu/event=0x80,umask=0x4/,cpu/event=0x87,umask=0x1/,cpu/event=0xab,umask=0x2/,cycles},{cpu/event=0xa2,umask=0x8/,cycles},{cpu/event=0x14,umask=0x1/,cpu/event=0x3c,umask=0x0,any=1/,cpu/event=0x79,umask=0x24,cmask=1/,cpu/event=0x79,umask=0x24,cmask=4/,cpu/event=0xc1,umask=0x40/},{cpu/event=0x3c,umask=0x0,any=1/,cpu/event=0x79,umask=0x18,cmask=1/,cpu/event=0x79,umask=0x18,cmask=4/},{cpu/event=0x85,umask=0x10,cmask=1/,cpu/event=0x85,umask=0x60/,cpu/event=0x85,umask=0xe/,cycles},{cpu/event=0xc3,umask=0x1,edge=1,cmask=1/,cpu/event=0xc5,umask=0x0/,cpu/event=0xe6,umask=0x1f/,cycles},{cpu/event=0xa3,umask=0x5,cmask=5/,cpu/event=0xa3,umask=0x6,cmask=6/,cpu/event=0xa3,umask=0xc,cmask=12/,cycles},{cpu/event=0xa3,umask=0x5,cmask=5/,cpu/event=0xd1,umask=0x20/,cpu/event=0xd1,umask=0x4/,cycles},{cpu/event=0xc0,umask=0x2/,cpu/event=0xc2,umask=0x2/,cpu/event=0xc7,umask=0x1/,cpu/event=0xc7,umask=0x2/,instructions},{cpu/event=0xc7,umask=0x10/,cpu/event=0xc7,umask=0x20/,cpu/event=0xc7,umask=0x4/,cpu/event=0xc7,umask=0x8/},{cpu/event=0xa3,umask=0x4,cmask=4/,cpu/event=0xb1,umask=0x1,cmask=1/,cpu/event=0xb1,umask=0x1,cmask=2/,cpu/event=0xb1,umask=0x1,cmask=3/},{cpu/event=0x5e,umask=0x1/,cpu/event=0xa2,umask=0x8/,cpu/event=0xa3,umask=0x6,cmask=6/,cycles,instructions}' -A -a bash /disk2/user/BigDataBench_V5.0_BigData_MicroBenchmark/Hadoop/wordcount/genData-wc.sh 5
warning: Mismeasured: Memory_Bound Frontend_Bandwidth Ports_Utilization
Start sleep after prep
===== wc : run ======
Will measure complete system.
Using level 3.
perf stat -x\; -I 1000 -e '{cpu/event=0x3c,umask=0x0,any=1/,cpu/event=0x9c,umask=0x1/,cpu/event=0xc2,umask=0x2/,cpu/event=0xd,umask=0x3,any=1,cmask=1/,cpu/event=0xe,umask=0x1/},{cpu/event=0x3c,umask=0x0,any=1/,cpu/event=0x79,umask=0x30/,cpu/event=0x9c,umask=0x1,cmask=4/,cpu/event=0xc2,umask=0x2/,cpu/event=0xe,umask=0x1/},{cpu/event=0xc3,umask=0x1,edge=1,cmask=1/,cpu/event=0xc5,umask=0x0/},{cpu/event=0x3c,umask=0x0,any=1/,cpu/event=0x9c,umask=0x1,cmask=4/,instructions},cycles,{cpu/event=0xa2,umask=0x8/,cpu/event=0xa3,umask=0x4,cmask=4/,cpu/event=0xa3,umask=0x6,cmask=6/,cpu/event=0xb1,umask=0x1,cmask=1/},{cpu/event=0x5e,umask=0x1/,cpu/event=0x9c,umask=0x1,cmask=4/,cpu/event=0xb1,umask=0x1,cmask=2/,cpu/event=0xb1,umask=0x1,cmask=3/,cycles,instructions},{cpu/event=0x79,umask=0x30,edge=1,cmask=1/,cpu/event=0x80,umask=0x4/,cpu/event=0x87,umask=0x1/,cpu/event=0xab,umask=0x2/,cycles},{cpu/event=0xa2,umask=0x8/,cycles},{cpu/event=0x14,umask=0x1/,cpu/event=0x3c,umask=0x0,any=1/,cpu/event=0x79,umask=0x24,cmask=1/,cpu/event=0x79,umask=0x24,cmask=4/,cpu/event=0xc1,umask=0x40/},{cpu/event=0x3c,umask=0x0,any=1/,cpu/event=0x79,umask=0x18,cmask=1/,cpu/event=0x79,umask=0x18,cmask=4/},{cpu/event=0x85,umask=0x10,cmask=1/,cpu/event=0x85,umask=0x60/,cpu/event=0x85,umask=0xe/,cycles},{cpu/event=0xc3,umask=0x1,edge=1,cmask=1/,cpu/event=0xc5,umask=0x0/,cpu/event=0xe6,umask=0x1f/,cycles},{cpu/event=0xa3,umask=0x5,cmask=5/,cpu/event=0xa3,umask=0x6,cmask=6/,cpu/event=0xa3,umask=0xc,cmask=12/,cycles},{cpu/event=0xa3,umask=0x5,cmask=5/,cpu/event=0xd1,umask=0x20/,cpu/event=0xd1,umask=0x4/,cycles},{cpu/event=0xc0,umask=0x2/,cpu/event=0xc2,umask=0x2/,cpu/event=0xc7,umask=0x1/,cpu/event=0xc7,umask=0x2/,instructions},{cpu/event=0xc7,umask=0x10/,cpu/event=0xc7,umask=0x20/,cpu/event=0xc7,umask=0x4/,cpu/event=0xc7,umask=0x8/},{cpu/event=0xa3,umask=0x4,cmask=4/,cpu/event=0xb1,umask=0x1,cmask=1/,cpu/event=0xb1,umask=0x1,cmask=2/,cpu/event=0xb1,umask=0x1,cmask=3/},{cpu/event=0x5e,umask=0x1/,cpu/event=0xa2,umask=0x8/,cpu/event=0xa3,umask=0x6,cmask=6/,cycles,instructions}' -A -a bash /disk2/user/BigDataBench_V5.0_BigData_MicroBenchmark/Hadoop/wordcount/run-wordcount.sh 5
running wordcount
hadoop wordcount end
warning: Mismeasured: Memory_Bound Frontend_Bandwidth Ports_Utilization
Start sleep after run
Deleted /hadoop/wd
