
Deleted /user/ananth/concmpt_curbm
Deleted /user/ananth/concmpt_summaryout
===== cc : prep ======
Executing: /usr/bin/time -f %e,%S,%U,%W,%c,%w -o timeout perf stat -e intel_cqm/llc_occupancy/ -e intel_cqm/local_bytes/ -e intel_cqm/total_bytes/ -e instructions -e r00c4  -e r00c5  -e r4f2e -e r412e -e cycles -e rff88  -x "," -o $file -I $delay bash /disk2/user/BigDataBench_V5.0_BigData_MicroBenchmark/Hadoop/CC/genData-cc.sh 11  &
HADOOP_HOME is set to: /disk2/user/hadoops/hadoop-2.10.0
Perfpid: 105919 Bash: 105926 Java: 106007
killing sar
killing pidstat
Start sleep after prep
===== cc : run ======
Executing: /usr/bin/time -f %e,%S,%U,%W,%c,%w -o timeout perf stat -e intel_cqm/llc_occupancy/ -e intel_cqm/local_bytes/ -e intel_cqm/total_bytes/ -e instructions -e r00c4  -e r00c5  -e r4f2e -e r412e -e cycles -e rff88  -x "," -o $file -I $delay bash /disk2/user/BigDataBench_V5.0_BigData_MicroBenchmark/Hadoop/CC/run-cc.sh 11  &
HADOOP_HOME is set to: /disk2/user/hadoops/hadoop-2.10.0

-----===[PEGASUS: A Peta-Scale Graph Mining System]===-----

[PEGASUS] Computing connected component. Edge path = /hadoop/cc/Google_genGraph_11.txt, Newbm = new, Reducers = 24
Generating initial component vector for 11 nodes creating bitmask generation cmd for node 0 ~ 11
.....
Perfpid: 106254 Bash: 106261 Java: 106340
 done
Hop 1 : changed = 208, unchanged = 1629
Hop 2 : changed = 650, unchanged = 1187
Hop 3 : changed = 1071, unchanged = 766
Hop 4 : changed = 796, unchanged = 1041
Hop 5 : changed = 204, unchanged = 1633
Hop 6 : changed = 41, unchanged = 1796
Hop 7 : changed = 16, unchanged = 1821
Hop 8 : changed = 3, unchanged = 1834
Hop 9 : changed = 0, unchanged = 1837
All the component ids converged. Finishing...
Summarizing connected components information...

[PEGASUS] Connected component computed.
[PEGASUS] Total Iteration = 9
[PEGASUS] Connected component information is saved in the HDFS concmpt_curbm as
"node_id	'msf'component_id" format
[PEGASUS] Connected component distribution is saved in the HDFS concmpt_summaryout as
"component_id	number_of_nodes" format.

hadoop cc end
killing sar
killing pidstat
Start sleep after run
Deleted /hadoop/cc
===== fft0_5 : prep ======
Executing: /usr/bin/time -f %e,%S,%U,%W,%c,%w -o timeout perf stat -e intel_cqm/llc_occupancy/ -e intel_cqm/local_bytes/ -e intel_cqm/total_bytes/ -e instructions -e r00c4  -e r00c5  -e r4f2e -e r412e -e cycles -e rff88  -x "," -o $file -I $delay bash /disk2/user/BigDataBench_V5.0_BigData_MicroBenchmark/Hadoop/FFT/genData-fft.sh 2048 2048 0.5  &
HADOOP_HOME is set to: /disk2/user/hadoops/hadoop-2.10.0
2048
Perfpid: 18728 Bash: 18734 Java: 18814
killing sar
killing pidstat
Start sleep after prep
===== fft0_5 : run ======
Executing: /usr/bin/time -f %e,%S,%U,%W,%c,%w -o timeout perf stat -e intel_cqm/llc_occupancy/ -e intel_cqm/local_bytes/ -e intel_cqm/total_bytes/ -e instructions -e r00c4  -e r00c5  -e r4f2e -e r412e -e cycles -e rff88  -x "," -o $file -I $delay bash /disk2/user/BigDataBench_V5.0_BigData_MicroBenchmark/Hadoop/FFT/run-fft.sh 2048 2048 0.5  &
HADOOP_HOME is set to: /disk2/user/hadoops/hadoop-2.10.0
11
running fft
Perfpid: 18983 Bash: 18990 Java: 19073
hadoop fft end
killing sar
killing pidstat
Start sleep after run
Deleted /hadoop/fft
===== grep : prep ======
Executing: /usr/bin/time -f %e,%S,%U,%W,%c,%w -o timeout perf stat -e intel_cqm/llc_occupancy/ -e intel_cqm/local_bytes/ -e intel_cqm/total_bytes/ -e instructions -e r00c4  -e r00c5  -e r4f2e -e r412e -e cycles -e rff88  -x "," -o $file -I $delay bash /disk2/user/BigDataBench_V5.0_BigData_MicroBenchmark/Hadoop/Grep/genData-grep.sh 5  &
HADOOP_HOME is set to: /disk2/user/hadoops/hadoop-2.10.0
:/disk2/user/BigDataBench_V5.0_BigData_MicroBenchmark/BigDataGeneratorSuite/Text_datagen/gsl-1.15/.libs/:/disk2/user/BigDataBench_V5.0_BigData_MicroBenchmark/BigDataGeneratorSuite/Text_datagen/gsl-1.15/cblas/.libs/
Perfpid:  Bash:  Java: 192311
killing sar
killing pidstat
Start sleep after prep
===== grep : run ======
Executing: /usr/bin/time -f %e,%S,%U,%W,%c,%w -o timeout perf stat -e intel_cqm/llc_occupancy/ -e intel_cqm/local_bytes/ -e intel_cqm/total_bytes/ -e instructions -e r00c4  -e r00c5  -e r4f2e -e r412e -e cycles -e rff88  -x "," -o $file -I $delay bash /disk2/user/BigDataBench_V5.0_BigData_MicroBenchmark/Hadoop/Grep/run-grep.sh 5  &
HADOOP_HOME is set to: /disk2/user/hadoops/hadoop-2.10.0
running hadoop grep
Perfpid:  Bash:  Java: 192311
hadop grep end
killing sar
killing pidstat
Start sleep after run
Deleted /hadoop/grep
===== matmult0_5 : prep ======
Executing: /usr/bin/time -f %e,%S,%U,%W,%c,%w -o timeout perf stat -e intel_cqm/llc_occupancy/ -e intel_cqm/local_bytes/ -e intel_cqm/total_bytes/ -e instructions -e r00c4  -e r00c5  -e r4f2e -e r412e -e cycles -e rff88  -x "," -o $file -I $delay bash /disk2/user/BigDataBench_V5.0_BigData_MicroBenchmark/Hadoop/MatrixMult/genData-matMult.sh 0.5 1000 1000 1000  &
HADOOP_HOME is set to: /disk2/user/hadoops/hadoop-2.10.0
Perfpid: 24957 Bash: 24964 Java: 25045
killing sar
killing pidstat
Start sleep after prep
===== matmult0_5 : run ======
Executing: /usr/bin/time -f %e,%S,%U,%W,%c,%w -o timeout perf stat -e intel_cqm/llc_occupancy/ -e intel_cqm/local_bytes/ -e intel_cqm/total_bytes/ -e instructions -e r00c4  -e r00c5  -e r4f2e -e r412e -e cycles -e rff88  -x "," -o $file -I $delay bash /disk2/user/BigDataBench_V5.0_BigData_MicroBenchmark/Hadoop/MatrixMult/run-matMult.sh 0.5 1000 1000 1000  &
HADOOP_HOME is set to: /disk2/user/hadoops/hadoop-2.10.0
running matMult
Running on hadoop, using /disk2/user/hadoops/hadoop-2.10.0/bin/hadoop and HADOOP_CONF_DIR=
MAHOUT-JOB: /disk2/user/BigDataBench_V5.0_BigData_MicroBenchmark/Hadoop/apache-mahout-0.10.2-compile/examples/target/mahout-examples-0.10.2-job.jar
Perfpid: 25226 Bash: 25233 Java: 25312
Running on hadoop, using /disk2/user/hadoops/hadoop-2.10.0/bin/hadoop and HADOOP_CONF_DIR=
MAHOUT-JOB: /disk2/user/BigDataBench_V5.0_BigData_MicroBenchmark/Hadoop/apache-mahout-0.10.2-compile/examples/target/mahout-examples-0.10.2-job.jar
Running on hadoop, using /disk2/user/hadoops/hadoop-2.10.0/bin/hadoop and HADOOP_CONF_DIR=
MAHOUT-JOB: /disk2/user/BigDataBench_V5.0_BigData_MicroBenchmark/Hadoop/apache-mahout-0.10.2-compile/examples/target/mahout-examples-0.10.2-job.jar
hadoop matrix mulitiply end
killing sar
killing pidstat
Start sleep after run
Deleted /hadoop/matMult
===== md5 : prep ======
Executing: /usr/bin/time -f %e,%S,%U,%W,%c,%w -o timeout perf stat -e intel_cqm/llc_occupancy/ -e intel_cqm/local_bytes/ -e intel_cqm/total_bytes/ -e instructions -e r00c4  -e r00c5  -e r4f2e -e r412e -e cycles -e rff88  -x "," -o $file -I $delay bash /disk2/user/BigDataBench_V5.0_BigData_MicroBenchmark/Hadoop/MD5/genData-md5.sh 5  &
HADOOP_HOME is set to: /disk2/user/hadoops/hadoop-2.10.0
Mon May 25 14:13:43 IST 2020
Perfpid: 26747 Bash: 26754 Java: 26755
Mon May 25 14:15:16 IST 2020
killing sar
killing pidstat
Start sleep after prep
===== md5 : run ======
Executing: /usr/bin/time -f %e,%S,%U,%W,%c,%w -o timeout perf stat -e intel_cqm/llc_occupancy/ -e intel_cqm/local_bytes/ -e intel_cqm/total_bytes/ -e instructions -e r00c4  -e r00c5  -e r4f2e -e r412e -e cycles -e rff88  -x "," -o $file -I $delay bash /disk2/user/BigDataBench_V5.0_BigData_MicroBenchmark/Hadoop/MD5/run-md5.sh 5  &
HADOOP_HOME is set to: /disk2/user/hadoops/hadoop-2.10.0
Perfpid: 27171 Bash: 27177 Java: 27256
hadoop md5 end
killing sar
killing pidstat
Start sleep after run
Deleted /hadoop/md5
===== randsample : prep ======
Executing: /usr/bin/time -f %e,%S,%U,%W,%c,%w -o timeout perf stat -e intel_cqm/llc_occupancy/ -e intel_cqm/local_bytes/ -e intel_cqm/total_bytes/ -e instructions -e r00c4  -e r00c5  -e r4f2e -e r412e -e cycles -e rff88  -x "," -o $file -I $delay bash /disk2/user/BigDataBench_V5.0_BigData_MicroBenchmark/Hadoop/randSample/genData-randSample.sh 5  &
HADOOP_HOME is set to: /disk2/user/hadoops/hadoop-2.10.0
:/disk2/user/BigDataBench_V5.0_BigData_MicroBenchmark/BigDataGeneratorSuite/Text_datagen/gsl-1.15/.libs/:/disk2/user/BigDataBench_V5.0_BigData_MicroBenchmark/BigDataGeneratorSuite/Text_datagen/gsl-1.15/cblas/.libs/
Perfpid: 31265 Bash: 31272 Java: 31352
killing sar
killing pidstat
Start sleep after prep
===== randsample : run ======
Executing: /usr/bin/time -f %e,%S,%U,%W,%c,%w -o timeout perf stat -e intel_cqm/llc_occupancy/ -e intel_cqm/local_bytes/ -e intel_cqm/total_bytes/ -e instructions -e r00c4  -e r00c5  -e r4f2e -e r412e -e cycles -e rff88  -x "," -o $file -I $delay bash /disk2/user/BigDataBench_V5.0_BigData_MicroBenchmark/Hadoop/randSample/run-randSample.sh 5 0.5  &
HADOOP_HOME is set to: /disk2/user/hadoops/hadoop-2.10.0
running randsample
Perfpid: 31656 Bash: 31663 Java: 31744
hadoop rand sampling end
killing sar
killing pidstat
Start sleep after run
Deleted /hadoop/randsample
===== sort : prep ======
Executing: /usr/bin/time -f %e,%S,%U,%W,%c,%w -o timeout perf stat -e intel_cqm/llc_occupancy/ -e intel_cqm/local_bytes/ -e intel_cqm/total_bytes/ -e instructions -e r00c4  -e r00c5  -e r4f2e -e r412e -e cycles -e rff88  -x "," -o $file -I $delay bash /disk2/user/BigDataBench_V5.0_BigData_MicroBenchmark/Hadoop/Sort/genData-sort.sh 5  &
HADOOP_HOME is set to: /disk2/user/hadoops/hadoop-2.10.0
Perfpid: 35734 Bash: 35741 Java: 35838
killing sar
killing pidstat
Start sleep after prep
===== sort : run ======
Executing: /usr/bin/time -f %e,%S,%U,%W,%c,%w -o timeout perf stat -e intel_cqm/llc_occupancy/ -e intel_cqm/local_bytes/ -e intel_cqm/total_bytes/ -e instructions -e r00c4  -e r00c5  -e r4f2e -e r412e -e cycles -e rff88  -x "," -o $file -I $delay bash /disk2/user/BigDataBench_V5.0_BigData_MicroBenchmark/Hadoop/Sort/run-terasort.sh 5  &
HADOOP_HOME is set to: /disk2/user/hadoops/hadoop-2.10.0
Spent 167ms computing base-splits.
Spent 4ms computing TeraScheduler splits.
Computing input splits took 172ms
Sampling 10 splits of 38
Making 1 from 100000 sampled records
Computing parititions took 551ms
Spent 727ms computing partitions.
Perfpid: 36248 Bash: 36254 Java: 36255
terasort end, kill monitor script
killing sar
killing pidstat
Start sleep after run
Deleted /hadoop/terasort
===== wc : prep ======
Executing: /usr/bin/time -f %e,%S,%U,%W,%c,%w -o timeout perf stat -e intel_cqm/llc_occupancy/ -e intel_cqm/local_bytes/ -e intel_cqm/total_bytes/ -e instructions -e r00c4  -e r00c5  -e r4f2e -e r412e -e cycles -e rff88  -x "," -o $file -I $delay bash /disk2/user/BigDataBench_V5.0_BigData_MicroBenchmark/Hadoop/wordcount/genData-wc.sh 5  &
HADOOP_HOME is set to: /disk2/user/hadoops/hadoop-2.10.0
Perfpid: 40440 Bash: 40446 Java: 40526
killing sar
killing pidstat
Start sleep after prep
===== wc : run ======
Executing: /usr/bin/time -f %e,%S,%U,%W,%c,%w -o timeout perf stat -e intel_cqm/llc_occupancy/ -e intel_cqm/local_bytes/ -e intel_cqm/total_bytes/ -e instructions -e r00c4  -e r00c5  -e r4f2e -e r412e -e cycles -e rff88  -x "," -o $file -I $delay bash /disk2/user/BigDataBench_V5.0_BigData_MicroBenchmark/Hadoop/wordcount/run-wordcount.sh 5  &
HADOOP_HOME is set to: /disk2/user/hadoops/hadoop-2.10.0
running wordcount
Perfpid: 40828 Bash: 40834 Java: 40913
hadoop wordcount end
killing sar
killing pidstat
Start sleep after run
Deleted /hadoop/wd
