
Deleted /user/ananth/concmpt_curbm
Deleted /user/ananth/concmpt_summaryout
===== cc : prep ======
Executing: /usr/bin/time -f %e,%S,%U,%W,%c,%w -o timeout perf stat -e instructions -e cycles -e r2124 -e r4124 -e r5024 -e r3024 -e rff89 -e context-switches -e page-faults  -x "," -o $file -I $delay bash /disk2/user/BigDataBench_V5.0_BigData_MicroBenchmark/Hadoop/CC/genData-cc.sh 11  &
HADOOP_HOME is set to: /disk2/user/hadoops/hadoop-2.10.0
Perfpid: 45421 Bash: 45427 Java: 45508
killing sar
killing pidstat
Start sleep after prep
===== cc : run ======
Executing: /usr/bin/time -f %e,%S,%U,%W,%c,%w -o timeout perf stat -e instructions -e cycles -e r2124 -e r4124 -e r5024 -e r3024 -e rff89 -e context-switches -e page-faults  -x "," -o $file -I $delay bash /disk2/user/BigDataBench_V5.0_BigData_MicroBenchmark/Hadoop/CC/run-cc.sh 11  &
HADOOP_HOME is set to: /disk2/user/hadoops/hadoop-2.10.0

-----===[PEGASUS: A Peta-Scale Graph Mining System]===-----

[PEGASUS] Computing connected component. Edge path = /hadoop/cc/Google_genGraph_11.txt, Newbm = new, Reducers = 24
Generating initial component vector for 11 nodes creating bitmask generation cmd for node 0 ~ 11
.....
Perfpid: 45675 Bash: 45682 Java: 45761
 done
Hop 1 : changed = 209, unchanged = 1628
Hop 2 : changed = 658, unchanged = 1179
Hop 3 : changed = 1080, unchanged = 757
Hop 4 : changed = 815, unchanged = 1022
Hop 5 : changed = 222, unchanged = 1615
Hop 6 : changed = 37, unchanged = 1800
Hop 7 : changed = 14, unchanged = 1823
Hop 8 : changed = 3, unchanged = 1834
Hop 9 : changed = 2, unchanged = 1835
Hop 10 : changed = 0, unchanged = 1837
All the component ids converged. Finishing...
Summarizing connected components information...

[PEGASUS] Connected component computed.
[PEGASUS] Total Iteration = 10
[PEGASUS] Connected component information is saved in the HDFS concmpt_curbm as
"node_id	'msf'component_id" format
[PEGASUS] Connected component distribution is saved in the HDFS concmpt_summaryout as
"component_id	number_of_nodes" format.

hadoop cc end
killing sar
killing pidstat
Start sleep after run
Deleted /hadoop/cc
===== fft0_5 : prep ======
Executing: /usr/bin/time -f %e,%S,%U,%W,%c,%w -o timeout perf stat -e instructions -e cycles -e r2124 -e r4124 -e r5024 -e r3024 -e rff89 -e context-switches -e page-faults  -x "," -o $file -I $delay bash /disk2/user/BigDataBench_V5.0_BigData_MicroBenchmark/Hadoop/FFT/genData-fft.sh 2048 2048 0.5  &
HADOOP_HOME is set to: /disk2/user/hadoops/hadoop-2.10.0
2048
Perfpid: 166530 Bash: 166535 Java: 166617
killing sar
killing pidstat
Start sleep after prep
===== fft0_5 : run ======
Executing: /usr/bin/time -f %e,%S,%U,%W,%c,%w -o timeout perf stat -e instructions -e cycles -e r2124 -e r4124 -e r5024 -e r3024 -e rff89 -e context-switches -e page-faults  -x "," -o $file -I $delay bash /disk2/user/BigDataBench_V5.0_BigData_MicroBenchmark/Hadoop/FFT/run-fft.sh 2048 2048 0.5  &
HADOOP_HOME is set to: /disk2/user/hadoops/hadoop-2.10.0
11
running fft
Perfpid: 166785 Bash: 166792 Java: 166875
hadoop fft end
killing sar
killing pidstat
Start sleep after run
Deleted /hadoop/fft
===== grep : prep ======
Executing: /usr/bin/time -f %e,%S,%U,%W,%c,%w -o timeout perf stat -e instructions -e cycles -e r2124 -e r4124 -e r5024 -e r3024 -e rff89 -e context-switches -e page-faults  -x "," -o $file -I $delay bash /disk2/user/BigDataBench_V5.0_BigData_MicroBenchmark/Hadoop/Grep/genData-grep.sh 5  &
HADOOP_HOME is set to: /disk2/user/hadoops/hadoop-2.10.0
:/disk2/user/BigDataBench_V5.0_BigData_MicroBenchmark/BigDataGeneratorSuite/Text_datagen/gsl-1.15/.libs/:/disk2/user/BigDataBench_V5.0_BigData_MicroBenchmark/BigDataGeneratorSuite/Text_datagen/gsl-1.15/cblas/.libs/
Perfpid:  Bash:  Java: 189718
killing sar
killing pidstat
Start sleep after prep
===== grep : run ======
Executing: /usr/bin/time -f %e,%S,%U,%W,%c,%w -o timeout perf stat -e instructions -e cycles -e r2124 -e r4124 -e r5024 -e r3024 -e rff89 -e context-switches -e page-faults  -x "," -o $file -I $delay bash /disk2/user/BigDataBench_V5.0_BigData_MicroBenchmark/Hadoop/Grep/run-grep.sh 5  &
HADOOP_HOME is set to: /disk2/user/hadoops/hadoop-2.10.0
running hadoop grep
Perfpid:  Bash:  Java: 189718
hadop grep end
killing sar
killing pidstat
Start sleep after run
Deleted /hadoop/grep
===== matmult0_5 : prep ======
Executing: /usr/bin/time -f %e,%S,%U,%W,%c,%w -o timeout perf stat -e instructions -e cycles -e r2124 -e r4124 -e r5024 -e r3024 -e rff89 -e context-switches -e page-faults  -x "," -o $file -I $delay bash /disk2/user/BigDataBench_V5.0_BigData_MicroBenchmark/Hadoop/MatrixMult/genData-matMult.sh 0.5 1000 1000 1000  &
HADOOP_HOME is set to: /disk2/user/hadoops/hadoop-2.10.0
Perfpid: 172753 Bash: 172759 Java: 172842
killing sar
killing pidstat
Start sleep after prep
===== matmult0_5 : run ======
Executing: /usr/bin/time -f %e,%S,%U,%W,%c,%w -o timeout perf stat -e instructions -e cycles -e r2124 -e r4124 -e r5024 -e r3024 -e rff89 -e context-switches -e page-faults  -x "," -o $file -I $delay bash /disk2/user/BigDataBench_V5.0_BigData_MicroBenchmark/Hadoop/MatrixMult/run-matMult.sh 0.5 1000 1000 1000  &
HADOOP_HOME is set to: /disk2/user/hadoops/hadoop-2.10.0
running matMult
Running on hadoop, using /disk2/user/hadoops/hadoop-2.10.0/bin/hadoop and HADOOP_CONF_DIR=
MAHOUT-JOB: /disk2/user/BigDataBench_V5.0_BigData_MicroBenchmark/Hadoop/apache-mahout-0.10.2-compile/examples/target/mahout-examples-0.10.2-job.jar
Perfpid: 173022 Bash: 173029 Java: 173108
Running on hadoop, using /disk2/user/hadoops/hadoop-2.10.0/bin/hadoop and HADOOP_CONF_DIR=
MAHOUT-JOB: /disk2/user/BigDataBench_V5.0_BigData_MicroBenchmark/Hadoop/apache-mahout-0.10.2-compile/examples/target/mahout-examples-0.10.2-job.jar
Running on hadoop, using /disk2/user/hadoops/hadoop-2.10.0/bin/hadoop and HADOOP_CONF_DIR=
MAHOUT-JOB: /disk2/user/BigDataBench_V5.0_BigData_MicroBenchmark/Hadoop/apache-mahout-0.10.2-compile/examples/target/mahout-examples-0.10.2-job.jar
hadoop matrix mulitiply end
killing sar
killing pidstat
Start sleep after run
Deleted /hadoop/matMult
===== md5 : prep ======
Executing: /usr/bin/time -f %e,%S,%U,%W,%c,%w -o timeout perf stat -e instructions -e cycles -e r2124 -e r4124 -e r5024 -e r3024 -e rff89 -e context-switches -e page-faults  -x "," -o $file -I $delay bash /disk2/user/BigDataBench_V5.0_BigData_MicroBenchmark/Hadoop/MD5/genData-md5.sh 5  &
HADOOP_HOME is set to: /disk2/user/hadoops/hadoop-2.10.0
Mon May 25 15:08:27 IST 2020
Perfpid: 174552 Bash: 174559 Java: 174560
Mon May 25 15:10:13 IST 2020
killing sar
killing pidstat
Start sleep after prep
===== md5 : run ======
Executing: /usr/bin/time -f %e,%S,%U,%W,%c,%w -o timeout perf stat -e instructions -e cycles -e r2124 -e r4124 -e r5024 -e r3024 -e rff89 -e context-switches -e page-faults  -x "," -o $file -I $delay bash /disk2/user/BigDataBench_V5.0_BigData_MicroBenchmark/Hadoop/MD5/run-md5.sh 5  &
HADOOP_HOME is set to: /disk2/user/hadoops/hadoop-2.10.0
Perfpid: 174980 Bash: 174987 Java: 175066
hadoop md5 end
killing sar
killing pidstat
Start sleep after run
Deleted /hadoop/md5
===== randsample : prep ======
Executing: /usr/bin/time -f %e,%S,%U,%W,%c,%w -o timeout perf stat -e instructions -e cycles -e r2124 -e r4124 -e r5024 -e r3024 -e rff89 -e context-switches -e page-faults  -x "," -o $file -I $delay bash /disk2/user/BigDataBench_V5.0_BigData_MicroBenchmark/Hadoop/randSample/genData-randSample.sh 5  &
HADOOP_HOME is set to: /disk2/user/hadoops/hadoop-2.10.0
:/disk2/user/BigDataBench_V5.0_BigData_MicroBenchmark/BigDataGeneratorSuite/Text_datagen/gsl-1.15/.libs/:/disk2/user/BigDataBench_V5.0_BigData_MicroBenchmark/BigDataGeneratorSuite/Text_datagen/gsl-1.15/cblas/.libs/
Perfpid: 179066 Bash: 179072 Java: 179152
killing sar
killing pidstat
Start sleep after prep
===== randsample : run ======
Executing: /usr/bin/time -f %e,%S,%U,%W,%c,%w -o timeout perf stat -e instructions -e cycles -e r2124 -e r4124 -e r5024 -e r3024 -e rff89 -e context-switches -e page-faults  -x "," -o $file -I $delay bash /disk2/user/BigDataBench_V5.0_BigData_MicroBenchmark/Hadoop/randSample/run-randSample.sh 5 0.5  &
HADOOP_HOME is set to: /disk2/user/hadoops/hadoop-2.10.0
running randsample
Perfpid: 179451 Bash: 179458 Java: 179543
hadoop rand sampling end
killing sar
killing pidstat
Start sleep after run
Deleted /hadoop/randsample
===== sort : prep ======
Executing: /usr/bin/time -f %e,%S,%U,%W,%c,%w -o timeout perf stat -e instructions -e cycles -e r2124 -e r4124 -e r5024 -e r3024 -e rff89 -e context-switches -e page-faults  -x "," -o $file -I $delay bash /disk2/user/BigDataBench_V5.0_BigData_MicroBenchmark/Hadoop/Sort/genData-sort.sh 5  &
HADOOP_HOME is set to: /disk2/user/hadoops/hadoop-2.10.0
Perfpid: 183546 Bash: 183552 Java: 183649
killing sar
killing pidstat
Start sleep after prep
===== sort : run ======
Executing: /usr/bin/time -f %e,%S,%U,%W,%c,%w -o timeout perf stat -e instructions -e cycles -e r2124 -e r4124 -e r5024 -e r3024 -e rff89 -e context-switches -e page-faults  -x "," -o $file -I $delay bash /disk2/user/BigDataBench_V5.0_BigData_MicroBenchmark/Hadoop/Sort/run-terasort.sh 5  &
HADOOP_HOME is set to: /disk2/user/hadoops/hadoop-2.10.0
Spent 153ms computing base-splits.
Spent 3ms computing TeraScheduler splits.
Computing input splits took 158ms
Sampling 10 splits of 38
Making 1 from 100000 sampled records
Computing parititions took 500ms
Spent 660ms computing partitions.
Perfpid: 184068 Bash: 184074 Java: 184075
terasort end, kill monitor script
killing sar
killing pidstat
Start sleep after run
Deleted /hadoop/terasort
===== wc : prep ======
Executing: /usr/bin/time -f %e,%S,%U,%W,%c,%w -o timeout perf stat -e instructions -e cycles -e r2124 -e r4124 -e r5024 -e r3024 -e rff89 -e context-switches -e page-faults  -x "," -o $file -I $delay bash /disk2/user/BigDataBench_V5.0_BigData_MicroBenchmark/Hadoop/wordcount/genData-wc.sh 5  &
HADOOP_HOME is set to: /disk2/user/hadoops/hadoop-2.10.0
Perfpid: 188255 Bash: 188261 Java: 188341
killing sar
killing pidstat
Start sleep after prep
===== wc : run ======
Executing: /usr/bin/time -f %e,%S,%U,%W,%c,%w -o timeout perf stat -e instructions -e cycles -e r2124 -e r4124 -e r5024 -e r3024 -e rff89 -e context-switches -e page-faults  -x "," -o $file -I $delay bash /disk2/user/BigDataBench_V5.0_BigData_MicroBenchmark/Hadoop/wordcount/run-wordcount.sh 5  &
HADOOP_HOME is set to: /disk2/user/hadoops/hadoop-2.10.0
running wordcount
Perfpid: 188640 Bash: 188647 Java: 188726
hadoop wordcount end
killing sar
killing pidstat
Start sleep after run
Deleted /hadoop/wd
