
Deleted /user/ananth/concmpt_curbm
Deleted /user/ananth/concmpt_summaryout
===== cc : prep ======
Executing: /usr/bin/time -f %e,%S,%U,%W,%c,%w -o timeout perf stat  -e r0149 -e  r0249 -e r1049 -e r2049 -x "," -o $file -I $delay  bash /disk2/user/BigDataBench_V5.0_BigData_MicroBenchmark/Hadoop/CC/genData-cc.sh 11  &
HADOOP_HOME is set to: /disk2/user/hadoops/hadoop-2.10.0
Perfpid: 72927 Bash: 72933 Java: 73014
killing sar
killing pidstat
Start sleep after prep
===== cc : run ======
Executing: /usr/bin/time -f %e,%S,%U,%W,%c,%w -o timeout perf stat  -e r0149 -e  r0249 -e r1049 -e r2049 -x "," -o $file -I $delay  bash /disk2/user/BigDataBench_V5.0_BigData_MicroBenchmark/Hadoop/CC/run-cc.sh 11  &
HADOOP_HOME is set to: /disk2/user/hadoops/hadoop-2.10.0

-----===[PEGASUS: A Peta-Scale Graph Mining System]===-----

[PEGASUS] Computing connected component. Edge path = /hadoop/cc/Google_genGraph_11.txt, Newbm = new, Reducers = 24
Generating initial component vector for 11 nodes creating bitmask generation cmd for node 0 ~ 11
.....
Perfpid: 73183 Bash: 73190 Java: 73269
 done
Hop 1 : changed = 209, unchanged = 1628
Hop 2 : changed = 658, unchanged = 1179
Hop 3 : changed = 1077, unchanged = 760
Hop 4 : changed = 787, unchanged = 1050
Hop 5 : changed = 217, unchanged = 1620
Hop 6 : changed = 39, unchanged = 1798
Hop 7 : changed = 14, unchanged = 1823
Hop 8 : changed = 4, unchanged = 1833
Hop 9 : changed = 0, unchanged = 1837
All the component ids converged. Finishing...
Summarizing connected components information...

[PEGASUS] Connected component computed.
[PEGASUS] Total Iteration = 9
[PEGASUS] Connected component information is saved in the HDFS concmpt_curbm as
"node_id	'msf'component_id" format
[PEGASUS] Connected component distribution is saved in the HDFS concmpt_summaryout as
"component_id	number_of_nodes" format.

hadoop cc end
killing sar
killing pidstat
Start sleep after run
Deleted /hadoop/cc
===== fft0_5 : prep ======
Executing: /usr/bin/time -f %e,%S,%U,%W,%c,%w -o timeout perf stat  -e r0149 -e  r0249 -e r1049 -e r2049 -x "," -o $file -I $delay  bash /disk2/user/BigDataBench_V5.0_BigData_MicroBenchmark/Hadoop/FFT/genData-fft.sh 2048 2048 0.5  &
HADOOP_HOME is set to: /disk2/user/hadoops/hadoop-2.10.0
2048
Perfpid: 182398 Bash: 182404 Java: 182485
killing sar
killing pidstat
Start sleep after prep
===== fft0_5 : run ======
Executing: /usr/bin/time -f %e,%S,%U,%W,%c,%w -o timeout perf stat  -e r0149 -e  r0249 -e r1049 -e r2049 -x "," -o $file -I $delay  bash /disk2/user/BigDataBench_V5.0_BigData_MicroBenchmark/Hadoop/FFT/run-fft.sh 2048 2048 0.5  &
HADOOP_HOME is set to: /disk2/user/hadoops/hadoop-2.10.0
11
running fft
Perfpid: 182651 Bash: 182657 Java: 182740
hadoop fft end
killing sar
killing pidstat
Start sleep after run
Deleted /hadoop/fft
===== grep : prep ======
Executing: /usr/bin/time -f %e,%S,%U,%W,%c,%w -o timeout perf stat  -e r0149 -e  r0249 -e r1049 -e r2049 -x "," -o $file -I $delay  bash /disk2/user/BigDataBench_V5.0_BigData_MicroBenchmark/Hadoop/Grep/genData-grep.sh 5  &
HADOOP_HOME is set to: /disk2/user/hadoops/hadoop-2.10.0
:/disk2/user/BigDataBench_V5.0_BigData_MicroBenchmark/BigDataGeneratorSuite/Text_datagen/gsl-1.15/.libs/:/disk2/user/BigDataBench_V5.0_BigData_MicroBenchmark/BigDataGeneratorSuite/Text_datagen/gsl-1.15/cblas/.libs/
Perfpid:  Bash:  Java: 189718
killing sar
killing pidstat
Start sleep after prep
===== grep : run ======
Executing: /usr/bin/time -f %e,%S,%U,%W,%c,%w -o timeout perf stat  -e r0149 -e  r0249 -e r1049 -e r2049 -x "," -o $file -I $delay  bash /disk2/user/BigDataBench_V5.0_BigData_MicroBenchmark/Hadoop/Grep/run-grep.sh 5  &
HADOOP_HOME is set to: /disk2/user/hadoops/hadoop-2.10.0
running hadoop grep
Perfpid:  Bash:  Java: 189718
hadop grep end
killing sar
killing pidstat
Start sleep after run
Deleted /hadoop/grep
===== matmult0_5 : prep ======
Executing: /usr/bin/time -f %e,%S,%U,%W,%c,%w -o timeout perf stat  -e r0149 -e  r0249 -e r1049 -e r2049 -x "," -o $file -I $delay  bash /disk2/user/BigDataBench_V5.0_BigData_MicroBenchmark/Hadoop/MatrixMult/genData-matMult.sh 0.5 1000 1000 1000  &
HADOOP_HOME is set to: /disk2/user/hadoops/hadoop-2.10.0
Perfpid: 188618 Bash: 188625 Java: 188706
killing sar
killing pidstat
Start sleep after prep
===== matmult0_5 : run ======
Executing: /usr/bin/time -f %e,%S,%U,%W,%c,%w -o timeout perf stat  -e r0149 -e  r0249 -e r1049 -e r2049 -x "," -o $file -I $delay  bash /disk2/user/BigDataBench_V5.0_BigData_MicroBenchmark/Hadoop/MatrixMult/run-matMult.sh 0.5 1000 1000 1000  &
HADOOP_HOME is set to: /disk2/user/hadoops/hadoop-2.10.0
running matMult
Running on hadoop, using /disk2/user/hadoops/hadoop-2.10.0/bin/hadoop and HADOOP_CONF_DIR=
MAHOUT-JOB: /disk2/user/BigDataBench_V5.0_BigData_MicroBenchmark/Hadoop/apache-mahout-0.10.2-compile/examples/target/mahout-examples-0.10.2-job.jar
Perfpid: 188885 Bash: 188891 Java: 188971
Running on hadoop, using /disk2/user/hadoops/hadoop-2.10.0/bin/hadoop and HADOOP_CONF_DIR=
MAHOUT-JOB: /disk2/user/BigDataBench_V5.0_BigData_MicroBenchmark/Hadoop/apache-mahout-0.10.2-compile/examples/target/mahout-examples-0.10.2-job.jar
Running on hadoop, using /disk2/user/hadoops/hadoop-2.10.0/bin/hadoop and HADOOP_CONF_DIR=
MAHOUT-JOB: /disk2/user/BigDataBench_V5.0_BigData_MicroBenchmark/Hadoop/apache-mahout-0.10.2-compile/examples/target/mahout-examples-0.10.2-job.jar
hadoop matrix mulitiply end
killing sar
killing pidstat
Start sleep after run
Deleted /hadoop/matMult
===== md5 : prep ======
Executing: /usr/bin/time -f %e,%S,%U,%W,%c,%w -o timeout perf stat  -e r0149 -e  r0249 -e r1049 -e r2049 -x "," -o $file -I $delay  bash /disk2/user/BigDataBench_V5.0_BigData_MicroBenchmark/Hadoop/MD5/genData-md5.sh 5  &
HADOOP_HOME is set to: /disk2/user/hadoops/hadoop-2.10.0
Mon May 25 17:39:50 IST 2020
Perfpid: 190416 Bash: 190422 Java: 190423
Mon May 25 17:41:24 IST 2020
killing sar
killing pidstat
Start sleep after prep
===== md5 : run ======
Executing: /usr/bin/time -f %e,%S,%U,%W,%c,%w -o timeout perf stat  -e r0149 -e  r0249 -e r1049 -e r2049 -x "," -o $file -I $delay  bash /disk2/user/BigDataBench_V5.0_BigData_MicroBenchmark/Hadoop/MD5/run-md5.sh 5  &
HADOOP_HOME is set to: /disk2/user/hadoops/hadoop-2.10.0
Perfpid: 190819 Bash: 190825 Java: 190904
hadoop md5 end
killing sar
killing pidstat
Start sleep after run
Deleted /hadoop/md5
===== randsample : prep ======
Executing: /usr/bin/time -f %e,%S,%U,%W,%c,%w -o timeout perf stat  -e r0149 -e  r0249 -e r1049 -e r2049 -x "," -o $file -I $delay  bash /disk2/user/BigDataBench_V5.0_BigData_MicroBenchmark/Hadoop/randSample/genData-randSample.sh 5  &
HADOOP_HOME is set to: /disk2/user/hadoops/hadoop-2.10.0
:/disk2/user/BigDataBench_V5.0_BigData_MicroBenchmark/BigDataGeneratorSuite/Text_datagen/gsl-1.15/.libs/:/disk2/user/BigDataBench_V5.0_BigData_MicroBenchmark/BigDataGeneratorSuite/Text_datagen/gsl-1.15/cblas/.libs/
Perfpid: 194900 Bash: 194906 Java: 194986
killing sar
killing pidstat
Start sleep after prep
===== randsample : run ======
Executing: /usr/bin/time -f %e,%S,%U,%W,%c,%w -o timeout perf stat  -e r0149 -e  r0249 -e r1049 -e r2049 -x "," -o $file -I $delay  bash /disk2/user/BigDataBench_V5.0_BigData_MicroBenchmark/Hadoop/randSample/run-randSample.sh 5 0.5  &
HADOOP_HOME is set to: /disk2/user/hadoops/hadoop-2.10.0
running randsample
Perfpid: 195291 Bash: 195298 Java: 195378
hadoop rand sampling end
killing sar
killing pidstat
Start sleep after run
Deleted /hadoop/randsample
===== sort : prep ======
Executing: /usr/bin/time -f %e,%S,%U,%W,%c,%w -o timeout perf stat  -e r0149 -e  r0249 -e r1049 -e r2049 -x "," -o $file -I $delay  bash /disk2/user/BigDataBench_V5.0_BigData_MicroBenchmark/Hadoop/Sort/genData-sort.sh 5  &
HADOOP_HOME is set to: /disk2/user/hadoops/hadoop-2.10.0
Perfpid: 3409 Bash: 3416 Java: 3517
killing sar
killing pidstat
Start sleep after prep
===== sort : run ======
Executing: /usr/bin/time -f %e,%S,%U,%W,%c,%w -o timeout perf stat  -e r0149 -e  r0249 -e r1049 -e r2049 -x "," -o $file -I $delay  bash /disk2/user/BigDataBench_V5.0_BigData_MicroBenchmark/Hadoop/Sort/run-terasort.sh 5  &
HADOOP_HOME is set to: /disk2/user/hadoops/hadoop-2.10.0
Spent 145ms computing base-splits.
Spent 4ms computing TeraScheduler splits.
Computing input splits took 150ms
Sampling 10 splits of 38
Making 1 from 100000 sampled records
Computing parititions took 524ms
Spent 679ms computing partitions.
Perfpid: 3935 Bash: 3942 Java: 3943
terasort end, kill monitor script
killing sar
killing pidstat
Start sleep after run
Deleted /hadoop/terasort
===== wc : prep ======
Executing: /usr/bin/time -f %e,%S,%U,%W,%c,%w -o timeout perf stat  -e r0149 -e  r0249 -e r1049 -e r2049 -x "," -o $file -I $delay  bash /disk2/user/BigDataBench_V5.0_BigData_MicroBenchmark/Hadoop/wordcount/genData-wc.sh 5  &
HADOOP_HOME is set to: /disk2/user/hadoops/hadoop-2.10.0
Perfpid: 8116 Bash: 8122 Java: 8203
killing sar
killing pidstat
Start sleep after prep
===== wc : run ======
Executing: /usr/bin/time -f %e,%S,%U,%W,%c,%w -o timeout perf stat  -e r0149 -e  r0249 -e r1049 -e r2049 -x "," -o $file -I $delay  bash /disk2/user/BigDataBench_V5.0_BigData_MicroBenchmark/Hadoop/wordcount/run-wordcount.sh 5  &
HADOOP_HOME is set to: /disk2/user/hadoops/hadoop-2.10.0
running wordcount
Perfpid: 8504 Bash: 8510 Java: 8589
hadoop wordcount end
killing sar
killing pidstat
Start sleep after run
Deleted /hadoop/wd
