
Deleted /user/ananth/concmpt_curbm
Deleted /user/ananth/concmpt_summaryout
===== cc : prep ======
Executing: /usr/bin/time -f %e,%S,%U,%W,%c,%w -o timeout perf stat -e intel_cqm/llc_occupancy/ -e intel_cqm/local_bytes/ -e intel_cqm/total_bytes/ -e instructions -e r00c4  -e r00c5  -e r4f2e -e r412e -e cycles -e rff88  -x "," -o $file -I $delay bash /disk2/user/BigDataBench_V5.0_BigData_MicroBenchmark/Hadoop/CC/genData-cc.sh 11  &
HADOOP_HOME is set to: /disk2/user/hadoops/hadoop-2.10.0
Perfpid: 26134 Bash: 26137 Java: 26218
killing sar
killing pidstat
Start sleep after prep
===== cc : run ======
Executing: /usr/bin/time -f %e,%S,%U,%W,%c,%w -o timeout perf stat -e intel_cqm/llc_occupancy/ -e intel_cqm/local_bytes/ -e intel_cqm/total_bytes/ -e instructions -e r00c4  -e r00c5  -e r4f2e -e r412e -e cycles -e rff88  -x "," -o $file -I $delay bash /disk2/user/BigDataBench_V5.0_BigData_MicroBenchmark/Hadoop/CC/run-cc.sh 11  &
HADOOP_HOME is set to: /disk2/user/hadoops/hadoop-2.10.0

-----===[PEGASUS: A Peta-Scale Graph Mining System]===-----

[PEGASUS] Computing connected component. Edge path = /hadoop/cc/Google_genGraph_11.txt, Newbm = new, Reducers = 24
Generating initial component vector for 11 nodes creating bitmask generation cmd for node 0 ~ 11
.....
Perfpid: 26392 Bash: 26395 Java: 26474
 done
Hop 1 : changed = 208, unchanged = 1629
Hop 2 : changed = 645, unchanged = 1192
Hop 3 : changed = 1070, unchanged = 767
Hop 4 : changed = 810, unchanged = 1027
Hop 5 : changed = 218, unchanged = 1619
Hop 6 : changed = 37, unchanged = 1800
Hop 7 : changed = 11, unchanged = 1826
Hop 8 : changed = 1, unchanged = 1836
Hop 9 : changed = 3, unchanged = 1834
Hop 10 : changed = 0, unchanged = 1837
All the component ids converged. Finishing...
Summarizing connected components information...

[PEGASUS] Connected component computed.
[PEGASUS] Total Iteration = 10
[PEGASUS] Connected component information is saved in the HDFS concmpt_curbm as
"node_id	'msf'component_id" format
[PEGASUS] Connected component distribution is saved in the HDFS concmpt_summaryout as
"component_id	number_of_nodes" format.

hadoop cc end
killing sar
killing pidstat
Start sleep after run
Deleted /hadoop/cc
===== fft0_5 : prep ======
Executing: /usr/bin/time -f %e,%S,%U,%W,%c,%w -o timeout perf stat -e intel_cqm/llc_occupancy/ -e intel_cqm/local_bytes/ -e intel_cqm/total_bytes/ -e instructions -e r00c4  -e r00c5  -e r4f2e -e r412e -e cycles -e rff88  -x "," -o $file -I $delay bash /disk2/user/BigDataBench_V5.0_BigData_MicroBenchmark/Hadoop/FFT/genData-fft.sh 2048 2048 0.5  &
HADOOP_HOME is set to: /disk2/user/hadoops/hadoop-2.10.0
2048
Perfpid: 146678 Bash: 146685 Java: 146767
killing sar
killing pidstat
Start sleep after prep
===== fft0_5 : run ======
Executing: /usr/bin/time -f %e,%S,%U,%W,%c,%w -o timeout perf stat -e intel_cqm/llc_occupancy/ -e intel_cqm/local_bytes/ -e intel_cqm/total_bytes/ -e instructions -e r00c4  -e r00c5  -e r4f2e -e r412e -e cycles -e rff88  -x "," -o $file -I $delay bash /disk2/user/BigDataBench_V5.0_BigData_MicroBenchmark/Hadoop/FFT/run-fft.sh 2048 2048 0.5  &
HADOOP_HOME is set to: /disk2/user/hadoops/hadoop-2.10.0
11
running fft
Perfpid: 146934 Bash: 146941 Java: 147024
hadoop fft end
killing sar
killing pidstat
Start sleep after run
Deleted /hadoop/fft
===== grep : prep ======
Executing: /usr/bin/time -f %e,%S,%U,%W,%c,%w -o timeout perf stat -e intel_cqm/llc_occupancy/ -e intel_cqm/local_bytes/ -e intel_cqm/total_bytes/ -e instructions -e r00c4  -e r00c5  -e r4f2e -e r412e -e cycles -e rff88  -x "," -o $file -I $delay bash /disk2/user/BigDataBench_V5.0_BigData_MicroBenchmark/Hadoop/Grep/genData-grep.sh 5  &
HADOOP_HOME is set to: /disk2/user/hadoops/hadoop-2.10.0
:/disk2/user/BigDataBench_V5.0_BigData_MicroBenchmark/BigDataGeneratorSuite/Text_datagen/gsl-1.15/.libs/:/disk2/user/BigDataBench_V5.0_BigData_MicroBenchmark/BigDataGeneratorSuite/Text_datagen/gsl-1.15/cblas/.libs/
Perfpid:  Bash:  Java: 189718
killing sar
killing pidstat
Start sleep after prep
===== grep : run ======
Executing: /usr/bin/time -f %e,%S,%U,%W,%c,%w -o timeout perf stat -e intel_cqm/llc_occupancy/ -e intel_cqm/local_bytes/ -e intel_cqm/total_bytes/ -e instructions -e r00c4  -e r00c5  -e r4f2e -e r412e -e cycles -e rff88  -x "," -o $file -I $delay bash /disk2/user/BigDataBench_V5.0_BigData_MicroBenchmark/Hadoop/Grep/run-grep.sh 5  &
HADOOP_HOME is set to: /disk2/user/hadoops/hadoop-2.10.0
running hadoop grep
Perfpid:  Bash:  Java: 189718
hadop grep end
killing sar
killing pidstat
Start sleep after run
Deleted /hadoop/grep
===== matmult0_5 : prep ======
Executing: /usr/bin/time -f %e,%S,%U,%W,%c,%w -o timeout perf stat -e intel_cqm/llc_occupancy/ -e intel_cqm/local_bytes/ -e intel_cqm/total_bytes/ -e instructions -e r00c4  -e r00c5  -e r4f2e -e r412e -e cycles -e rff88  -x "," -o $file -I $delay bash /disk2/user/BigDataBench_V5.0_BigData_MicroBenchmark/Hadoop/MatrixMult/genData-matMult.sh 0.5 1000 1000 1000  &
HADOOP_HOME is set to: /disk2/user/hadoops/hadoop-2.10.0
Perfpid: 152936 Bash: 152942 Java: 153023
killing sar
killing pidstat
Start sleep after prep
===== matmult0_5 : run ======
Executing: /usr/bin/time -f %e,%S,%U,%W,%c,%w -o timeout perf stat -e intel_cqm/llc_occupancy/ -e intel_cqm/local_bytes/ -e intel_cqm/total_bytes/ -e instructions -e r00c4  -e r00c5  -e r4f2e -e r412e -e cycles -e rff88  -x "," -o $file -I $delay bash /disk2/user/BigDataBench_V5.0_BigData_MicroBenchmark/Hadoop/MatrixMult/run-matMult.sh 0.5 1000 1000 1000  &
HADOOP_HOME is set to: /disk2/user/hadoops/hadoop-2.10.0
running matMult
Running on hadoop, using /disk2/user/hadoops/hadoop-2.10.0/bin/hadoop and HADOOP_CONF_DIR=
MAHOUT-JOB: /disk2/user/BigDataBench_V5.0_BigData_MicroBenchmark/Hadoop/apache-mahout-0.10.2-compile/examples/target/mahout-examples-0.10.2-job.jar
Perfpid: 153204 Bash: 153209 Java: 153288
Running on hadoop, using /disk2/user/hadoops/hadoop-2.10.0/bin/hadoop and HADOOP_CONF_DIR=
MAHOUT-JOB: /disk2/user/BigDataBench_V5.0_BigData_MicroBenchmark/Hadoop/apache-mahout-0.10.2-compile/examples/target/mahout-examples-0.10.2-job.jar
Running on hadoop, using /disk2/user/hadoops/hadoop-2.10.0/bin/hadoop and HADOOP_CONF_DIR=
MAHOUT-JOB: /disk2/user/BigDataBench_V5.0_BigData_MicroBenchmark/Hadoop/apache-mahout-0.10.2-compile/examples/target/mahout-examples-0.10.2-job.jar
hadoop matrix mulitiply end
killing sar
killing pidstat
Start sleep after run
Deleted /hadoop/matMult
===== md5 : prep ======
Executing: /usr/bin/time -f %e,%S,%U,%W,%c,%w -o timeout perf stat -e intel_cqm/llc_occupancy/ -e intel_cqm/local_bytes/ -e intel_cqm/total_bytes/ -e instructions -e r00c4  -e r00c5  -e r4f2e -e r412e -e cycles -e rff88  -x "," -o $file -I $delay bash /disk2/user/BigDataBench_V5.0_BigData_MicroBenchmark/Hadoop/MD5/genData-md5.sh 5  &
HADOOP_HOME is set to: /disk2/user/hadoops/hadoop-2.10.0
Tue May 26 06:34:09 IST 2020
Perfpid: 154739 Bash: 154746 Java: 154747
Tue May 26 06:35:45 IST 2020
killing sar
killing pidstat
Start sleep after prep
===== md5 : run ======
Executing: /usr/bin/time -f %e,%S,%U,%W,%c,%w -o timeout perf stat -e intel_cqm/llc_occupancy/ -e intel_cqm/local_bytes/ -e intel_cqm/total_bytes/ -e instructions -e r00c4  -e r00c5  -e r4f2e -e r412e -e cycles -e rff88  -x "," -o $file -I $delay bash /disk2/user/BigDataBench_V5.0_BigData_MicroBenchmark/Hadoop/MD5/run-md5.sh 5  &
HADOOP_HOME is set to: /disk2/user/hadoops/hadoop-2.10.0
Perfpid: 155162 Bash: 155168 Java: 155247
hadoop md5 end
killing sar
killing pidstat
Start sleep after run
Deleted /hadoop/md5
===== randsample : prep ======
Executing: /usr/bin/time -f %e,%S,%U,%W,%c,%w -o timeout perf stat -e intel_cqm/llc_occupancy/ -e intel_cqm/local_bytes/ -e intel_cqm/total_bytes/ -e instructions -e r00c4  -e r00c5  -e r4f2e -e r412e -e cycles -e rff88  -x "," -o $file -I $delay bash /disk2/user/BigDataBench_V5.0_BigData_MicroBenchmark/Hadoop/randSample/genData-randSample.sh 5  &
HADOOP_HOME is set to: /disk2/user/hadoops/hadoop-2.10.0
:/disk2/user/BigDataBench_V5.0_BigData_MicroBenchmark/BigDataGeneratorSuite/Text_datagen/gsl-1.15/.libs/:/disk2/user/BigDataBench_V5.0_BigData_MicroBenchmark/BigDataGeneratorSuite/Text_datagen/gsl-1.15/cblas/.libs/
Perfpid: 159247 Bash: 159253 Java: 159333
killing sar
killing pidstat
Start sleep after prep
===== randsample : run ======
Executing: /usr/bin/time -f %e,%S,%U,%W,%c,%w -o timeout perf stat -e intel_cqm/llc_occupancy/ -e intel_cqm/local_bytes/ -e intel_cqm/total_bytes/ -e instructions -e r00c4  -e r00c5  -e r4f2e -e r412e -e cycles -e rff88  -x "," -o $file -I $delay bash /disk2/user/BigDataBench_V5.0_BigData_MicroBenchmark/Hadoop/randSample/run-randSample.sh 5 0.5  &
HADOOP_HOME is set to: /disk2/user/hadoops/hadoop-2.10.0
running randsample
Perfpid: 159639 Bash: 159644 Java: 159724
hadoop rand sampling end
killing sar
killing pidstat
Start sleep after run
Deleted /hadoop/randsample
===== sort : prep ======
Executing: /usr/bin/time -f %e,%S,%U,%W,%c,%w -o timeout perf stat -e intel_cqm/llc_occupancy/ -e intel_cqm/local_bytes/ -e intel_cqm/total_bytes/ -e instructions -e r00c4  -e r00c5  -e r4f2e -e r412e -e cycles -e rff88  -x "," -o $file -I $delay bash /disk2/user/BigDataBench_V5.0_BigData_MicroBenchmark/Hadoop/Sort/genData-sort.sh 5  &
HADOOP_HOME is set to: /disk2/user/hadoops/hadoop-2.10.0
Perfpid: 163735 Bash: 163742 Java: 163839
killing sar
killing pidstat
Start sleep after prep
===== sort : run ======
Executing: /usr/bin/time -f %e,%S,%U,%W,%c,%w -o timeout perf stat -e intel_cqm/llc_occupancy/ -e intel_cqm/local_bytes/ -e intel_cqm/total_bytes/ -e instructions -e r00c4  -e r00c5  -e r4f2e -e r412e -e cycles -e rff88  -x "," -o $file -I $delay bash /disk2/user/BigDataBench_V5.0_BigData_MicroBenchmark/Hadoop/Sort/run-terasort.sh 5  &
HADOOP_HOME is set to: /disk2/user/hadoops/hadoop-2.10.0
Spent 167ms computing base-splits.
Spent 4ms computing TeraScheduler splits.
Computing input splits took 172ms
Sampling 10 splits of 38
Making 1 from 100000 sampled records
Computing parititions took 519ms
Spent 696ms computing partitions.
Perfpid: 164248 Bash: 164255 Java: 164256
terasort end, kill monitor script
killing sar
killing pidstat
Start sleep after run
Deleted /hadoop/terasort
===== wc : prep ======
Executing: /usr/bin/time -f %e,%S,%U,%W,%c,%w -o timeout perf stat -e intel_cqm/llc_occupancy/ -e intel_cqm/local_bytes/ -e intel_cqm/total_bytes/ -e instructions -e r00c4  -e r00c5  -e r4f2e -e r412e -e cycles -e rff88  -x "," -o $file -I $delay bash /disk2/user/BigDataBench_V5.0_BigData_MicroBenchmark/Hadoop/wordcount/genData-wc.sh 5  &
HADOOP_HOME is set to: /disk2/user/hadoops/hadoop-2.10.0
Perfpid: 168508 Bash: 168514 Java: 168596
killing sar
killing pidstat
Start sleep after prep
===== wc : run ======
Executing: /usr/bin/time -f %e,%S,%U,%W,%c,%w -o timeout perf stat -e intel_cqm/llc_occupancy/ -e intel_cqm/local_bytes/ -e intel_cqm/total_bytes/ -e instructions -e r00c4  -e r00c5  -e r4f2e -e r412e -e cycles -e rff88  -x "," -o $file -I $delay bash /disk2/user/BigDataBench_V5.0_BigData_MicroBenchmark/Hadoop/wordcount/run-wordcount.sh 5  &
HADOOP_HOME is set to: /disk2/user/hadoops/hadoop-2.10.0
running wordcount
Perfpid: 168901 Bash: 168907 Java: 168988
hadoop wordcount end
killing sar
killing pidstat
Start sleep after run
Deleted /hadoop/wd
