
Deleted /user/ananth/concmpt_curbm
Deleted /user/ananth/concmpt_summaryout
===== cc : prep ======
Executing: /usr/bin/time -f %e,%S,%U,%W,%c,%w -o timeout perf stat -e instructions -e cycles -e r81d0 -e r82d0 -e r8002 -e r0151 -e r0480 -x "," -o $file -I $delay  bash /disk2/user/BigDataBench_V5.0_BigData_MicroBenchmark/Hadoop/CC/genData-cc.sh 11  &
HADOOP_HOME is set to: /disk2/user/hadoops/hadoop-2.10.0
Perfpid: 114116 Bash: 114122 Java: 114203
killing sar
killing pidstat
Start sleep after prep
===== cc : run ======
Executing: /usr/bin/time -f %e,%S,%U,%W,%c,%w -o timeout perf stat -e instructions -e cycles -e r81d0 -e r82d0 -e r8002 -e r0151 -e r0480 -x "," -o $file -I $delay  bash /disk2/user/BigDataBench_V5.0_BigData_MicroBenchmark/Hadoop/CC/run-cc.sh 11  &
HADOOP_HOME is set to: /disk2/user/hadoops/hadoop-2.10.0

-----===[PEGASUS: A Peta-Scale Graph Mining System]===-----

[PEGASUS] Computing connected component. Edge path = /hadoop/cc/Google_genGraph_11.txt, Newbm = new, Reducers = 24
Generating initial component vector for 11 nodes creating bitmask generation cmd for node 0 ~ 11
.....
Perfpid: 114376 Bash: 114382 Java: 114461
 done
Hop 1 : changed = 209, unchanged = 1628
Hop 2 : changed = 655, unchanged = 1182
Hop 3 : changed = 1069, unchanged = 768
Hop 4 : changed = 813, unchanged = 1024
Hop 5 : changed = 212, unchanged = 1625
Hop 6 : changed = 41, unchanged = 1796
Hop 7 : changed = 11, unchanged = 1826
Hop 8 : changed = 1, unchanged = 1836
Hop 9 : changed = 0, unchanged = 1837
All the component ids converged. Finishing...
Summarizing connected components information...

[PEGASUS] Connected component computed.
[PEGASUS] Total Iteration = 9
[PEGASUS] Connected component information is saved in the HDFS concmpt_curbm as
"node_id	'msf'component_id" format
[PEGASUS] Connected component distribution is saved in the HDFS concmpt_summaryout as
"component_id	number_of_nodes" format.

hadoop cc end
killing sar
killing pidstat
Start sleep after run
Deleted /hadoop/cc
===== fft0_5 : prep ======
Executing: /usr/bin/time -f %e,%S,%U,%W,%c,%w -o timeout perf stat -e instructions -e cycles -e r81d0 -e r82d0 -e r8002 -e r0151 -e r0480 -x "," -o $file -I $delay  bash /disk2/user/BigDataBench_V5.0_BigData_MicroBenchmark/Hadoop/FFT/genData-fft.sh 2048 2048 0.5  &
HADOOP_HOME is set to: /disk2/user/hadoops/hadoop-2.10.0
2048
Perfpid: 27566 Bash: 27573 Java: 27653
killing sar
killing pidstat
Start sleep after prep
===== fft0_5 : run ======
Executing: /usr/bin/time -f %e,%S,%U,%W,%c,%w -o timeout perf stat -e instructions -e cycles -e r81d0 -e r82d0 -e r8002 -e r0151 -e r0480 -x "," -o $file -I $delay  bash /disk2/user/BigDataBench_V5.0_BigData_MicroBenchmark/Hadoop/FFT/run-fft.sh 2048 2048 0.5  &
HADOOP_HOME is set to: /disk2/user/hadoops/hadoop-2.10.0
11
running fft
Perfpid: 27828 Bash: 27835 Java: 27919
hadoop fft end
killing sar
killing pidstat
Start sleep after run
Deleted /hadoop/fft
===== grep : prep ======
Executing: /usr/bin/time -f %e,%S,%U,%W,%c,%w -o timeout perf stat -e instructions -e cycles -e r81d0 -e r82d0 -e r8002 -e r0151 -e r0480 -x "," -o $file -I $delay  bash /disk2/user/BigDataBench_V5.0_BigData_MicroBenchmark/Hadoop/Grep/genData-grep.sh 5  &
HADOOP_HOME is set to: /disk2/user/hadoops/hadoop-2.10.0
:/disk2/user/BigDataBench_V5.0_BigData_MicroBenchmark/BigDataGeneratorSuite/Text_datagen/gsl-1.15/.libs/:/disk2/user/BigDataBench_V5.0_BigData_MicroBenchmark/BigDataGeneratorSuite/Text_datagen/gsl-1.15/cblas/.libs/
Perfpid:  Bash:  Java: 195546
killing sar
killing pidstat
Start sleep after prep
===== grep : run ======
Executing: /usr/bin/time -f %e,%S,%U,%W,%c,%w -o timeout perf stat -e instructions -e cycles -e r81d0 -e r82d0 -e r8002 -e r0151 -e r0480 -x "," -o $file -I $delay  bash /disk2/user/BigDataBench_V5.0_BigData_MicroBenchmark/Hadoop/Grep/run-grep.sh 5  &
HADOOP_HOME is set to: /disk2/user/hadoops/hadoop-2.10.0
running hadoop grep
Perfpid:  Bash:  Java: 195546
hadop grep end
killing sar
killing pidstat
Start sleep after run
Deleted /hadoop/grep
===== matmult0_5 : prep ======
Executing: /usr/bin/time -f %e,%S,%U,%W,%c,%w -o timeout perf stat -e instructions -e cycles -e r81d0 -e r82d0 -e r8002 -e r0151 -e r0480 -x "," -o $file -I $delay  bash /disk2/user/BigDataBench_V5.0_BigData_MicroBenchmark/Hadoop/MatrixMult/genData-matMult.sh 0.5 1000 1000 1000  &
HADOOP_HOME is set to: /disk2/user/hadoops/hadoop-2.10.0
Perfpid: 33825 Bash: 33832 Java: 33913
killing sar
killing pidstat
Start sleep after prep
===== matmult0_5 : run ======
Executing: /usr/bin/time -f %e,%S,%U,%W,%c,%w -o timeout perf stat -e instructions -e cycles -e r81d0 -e r82d0 -e r8002 -e r0151 -e r0480 -x "," -o $file -I $delay  bash /disk2/user/BigDataBench_V5.0_BigData_MicroBenchmark/Hadoop/MatrixMult/run-matMult.sh 0.5 1000 1000 1000  &
HADOOP_HOME is set to: /disk2/user/hadoops/hadoop-2.10.0
running matMult
Running on hadoop, using /disk2/user/hadoops/hadoop-2.10.0/bin/hadoop and HADOOP_CONF_DIR=
MAHOUT-JOB: /disk2/user/BigDataBench_V5.0_BigData_MicroBenchmark/Hadoop/apache-mahout-0.10.2-compile/examples/target/mahout-examples-0.10.2-job.jar
Perfpid: 34098 Bash: 34106 Java: 34185
Running on hadoop, using /disk2/user/hadoops/hadoop-2.10.0/bin/hadoop and HADOOP_CONF_DIR=
MAHOUT-JOB: /disk2/user/BigDataBench_V5.0_BigData_MicroBenchmark/Hadoop/apache-mahout-0.10.2-compile/examples/target/mahout-examples-0.10.2-job.jar
Running on hadoop, using /disk2/user/hadoops/hadoop-2.10.0/bin/hadoop and HADOOP_CONF_DIR=
MAHOUT-JOB: /disk2/user/BigDataBench_V5.0_BigData_MicroBenchmark/Hadoop/apache-mahout-0.10.2-compile/examples/target/mahout-examples-0.10.2-job.jar
hadoop matrix mulitiply end
killing sar
killing pidstat
Start sleep after run
Deleted /hadoop/matMult
===== md5 : prep ======
Executing: /usr/bin/time -f %e,%S,%U,%W,%c,%w -o timeout perf stat -e instructions -e cycles -e r81d0 -e r82d0 -e r8002 -e r0151 -e r0480 -x "," -o $file -I $delay  bash /disk2/user/BigDataBench_V5.0_BigData_MicroBenchmark/Hadoop/MD5/genData-md5.sh 5  &
HADOOP_HOME is set to: /disk2/user/hadoops/hadoop-2.10.0
Tue May 26 08:14:33 IST 2020
Perfpid: 35627 Bash: 35634 Java: 35635
Tue May 26 08:16:09 IST 2020
killing sar
killing pidstat
Start sleep after prep
===== md5 : run ======
Executing: /usr/bin/time -f %e,%S,%U,%W,%c,%w -o timeout perf stat -e instructions -e cycles -e r81d0 -e r82d0 -e r8002 -e r0151 -e r0480 -x "," -o $file -I $delay  bash /disk2/user/BigDataBench_V5.0_BigData_MicroBenchmark/Hadoop/MD5/run-md5.sh 5  &
HADOOP_HOME is set to: /disk2/user/hadoops/hadoop-2.10.0
Perfpid: 36058 Bash: 36064 Java: 36143
hadoop md5 end
killing sar
killing pidstat
Start sleep after run
Deleted /hadoop/md5
===== randsample : prep ======
Executing: /usr/bin/time -f %e,%S,%U,%W,%c,%w -o timeout perf stat -e instructions -e cycles -e r81d0 -e r82d0 -e r8002 -e r0151 -e r0480 -x "," -o $file -I $delay  bash /disk2/user/BigDataBench_V5.0_BigData_MicroBenchmark/Hadoop/randSample/genData-randSample.sh 5  &
HADOOP_HOME is set to: /disk2/user/hadoops/hadoop-2.10.0
:/disk2/user/BigDataBench_V5.0_BigData_MicroBenchmark/BigDataGeneratorSuite/Text_datagen/gsl-1.15/.libs/:/disk2/user/BigDataBench_V5.0_BigData_MicroBenchmark/BigDataGeneratorSuite/Text_datagen/gsl-1.15/cblas/.libs/
Perfpid: 40150 Bash: 40156 Java: 40236
killing sar
killing pidstat
Start sleep after prep
===== randsample : run ======
Executing: /usr/bin/time -f %e,%S,%U,%W,%c,%w -o timeout perf stat -e instructions -e cycles -e r81d0 -e r82d0 -e r8002 -e r0151 -e r0480 -x "," -o $file -I $delay  bash /disk2/user/BigDataBench_V5.0_BigData_MicroBenchmark/Hadoop/randSample/run-randSample.sh 5 0.5  &
HADOOP_HOME is set to: /disk2/user/hadoops/hadoop-2.10.0
running randsample
Perfpid: 40545 Bash: 40552 Java: 40632
hadoop rand sampling end
killing sar
killing pidstat
Start sleep after run
Deleted /hadoop/randsample
===== sort : prep ======
Executing: /usr/bin/time -f %e,%S,%U,%W,%c,%w -o timeout perf stat -e instructions -e cycles -e r81d0 -e r82d0 -e r8002 -e r0151 -e r0480 -x "," -o $file -I $delay  bash /disk2/user/BigDataBench_V5.0_BigData_MicroBenchmark/Hadoop/Sort/genData-sort.sh 5  &
HADOOP_HOME is set to: /disk2/user/hadoops/hadoop-2.10.0
Perfpid: 44640 Bash: 44647 Java: 44744
killing sar
killing pidstat
Start sleep after prep
===== sort : run ======
Executing: /usr/bin/time -f %e,%S,%U,%W,%c,%w -o timeout perf stat -e instructions -e cycles -e r81d0 -e r82d0 -e r8002 -e r0151 -e r0480 -x "," -o $file -I $delay  bash /disk2/user/BigDataBench_V5.0_BigData_MicroBenchmark/Hadoop/Sort/run-terasort.sh 5  &
HADOOP_HOME is set to: /disk2/user/hadoops/hadoop-2.10.0
Spent 168ms computing base-splits.
Spent 4ms computing TeraScheduler splits.
Computing input splits took 175ms
Sampling 10 splits of 38
Making 1 from 100000 sampled records
Computing parititions took 493ms
Spent 673ms computing partitions.
Perfpid: 45161 Bash: 45166 Java: 45167
terasort end, kill monitor script
killing sar
killing pidstat
Start sleep after run
Deleted /hadoop/terasort
===== wc : prep ======
Executing: /usr/bin/time -f %e,%S,%U,%W,%c,%w -o timeout perf stat -e instructions -e cycles -e r81d0 -e r82d0 -e r8002 -e r0151 -e r0480 -x "," -o $file -I $delay  bash /disk2/user/BigDataBench_V5.0_BigData_MicroBenchmark/Hadoop/wordcount/genData-wc.sh 5  &
HADOOP_HOME is set to: /disk2/user/hadoops/hadoop-2.10.0
Perfpid: 49332 Bash: 49339 Java: 49419
killing sar
killing pidstat
Start sleep after prep
===== wc : run ======
Executing: /usr/bin/time -f %e,%S,%U,%W,%c,%w -o timeout perf stat -e instructions -e cycles -e r81d0 -e r82d0 -e r8002 -e r0151 -e r0480 -x "," -o $file -I $delay  bash /disk2/user/BigDataBench_V5.0_BigData_MicroBenchmark/Hadoop/wordcount/run-wordcount.sh 5  &
HADOOP_HOME is set to: /disk2/user/hadoops/hadoop-2.10.0
running wordcount
Perfpid: 49723 Bash: 49730 Java: 49809
hadoop wordcount end
killing sar
killing pidstat
Start sleep after run
Deleted /hadoop/wd
