
Deleted /user/ananth/concmpt_curbm
Deleted /user/ananth/concmpt_summaryout
===== cc : prep ======
Executing: /usr/bin/time -f %e,%S,%U,%W,%c,%w -o timeout perf stat  -e r014f -e  r01ae -er0185  -e r0285  -x "," -o $file -I $delay  bash /disk2/user/BigDataBench_V5.0_BigData_MicroBenchmark/Hadoop/CC/genData-cc.sh 11  &
HADOOP_HOME is set to: /disk2/user/hadoops/hadoop-2.10.0
Perfpid: 153605 Bash: 153611 Java: 153693
killing sar
killing pidstat
Start sleep after prep
===== cc : run ======
Executing: /usr/bin/time -f %e,%S,%U,%W,%c,%w -o timeout perf stat  -e r014f -e  r01ae -er0185  -e r0285  -x "," -o $file -I $delay  bash /disk2/user/BigDataBench_V5.0_BigData_MicroBenchmark/Hadoop/CC/run-cc.sh 11  &
HADOOP_HOME is set to: /disk2/user/hadoops/hadoop-2.10.0

-----===[PEGASUS: A Peta-Scale Graph Mining System]===-----

[PEGASUS] Computing connected component. Edge path = /hadoop/cc/Google_genGraph_11.txt, Newbm = new, Reducers = 24
Generating initial component vector for 11 nodes creating bitmask generation cmd for node 0 ~ 11
.....
Perfpid: 153860 Bash: 153866 Java: 153945
 done
Hop 1 : changed = 209, unchanged = 1628
Hop 2 : changed = 652, unchanged = 1185
Hop 3 : changed = 1059, unchanged = 778
Hop 4 : changed = 808, unchanged = 1029
Hop 5 : changed = 205, unchanged = 1632
Hop 6 : changed = 37, unchanged = 1800
Hop 7 : changed = 8, unchanged = 1829
Hop 8 : changed = 0, unchanged = 1837
All the component ids converged. Finishing...
Summarizing connected components information...

[PEGASUS] Connected component computed.
[PEGASUS] Total Iteration = 8
[PEGASUS] Connected component information is saved in the HDFS concmpt_curbm as
"node_id	'msf'component_id" format
[PEGASUS] Connected component distribution is saved in the HDFS concmpt_summaryout as
"component_id	number_of_nodes" format.

hadoop cc end
killing sar
killing pidstat
Start sleep after run
Deleted /hadoop/cc
===== fft0_5 : prep ======
Executing: /usr/bin/time -f %e,%S,%U,%W,%c,%w -o timeout perf stat  -e r014f -e  r01ae -er0185  -e r0285  -x "," -o $file -I $delay  bash /disk2/user/BigDataBench_V5.0_BigData_MicroBenchmark/Hadoop/FFT/genData-fft.sh 2048 2048 0.5  &
HADOOP_HOME is set to: /disk2/user/hadoops/hadoop-2.10.0
2048
Perfpid: 55285 Bash: 55292 Java: 55372
killing sar
killing pidstat
Start sleep after prep
===== fft0_5 : run ======
Executing: /usr/bin/time -f %e,%S,%U,%W,%c,%w -o timeout perf stat  -e r014f -e  r01ae -er0185  -e r0285  -x "," -o $file -I $delay  bash /disk2/user/BigDataBench_V5.0_BigData_MicroBenchmark/Hadoop/FFT/run-fft.sh 2048 2048 0.5  &
HADOOP_HOME is set to: /disk2/user/hadoops/hadoop-2.10.0
11
running fft
Perfpid: 55539 Bash: 55545 Java: 55629
hadoop fft end
killing sar
killing pidstat
Start sleep after run
Deleted /hadoop/fft
===== grep : prep ======
Executing: /usr/bin/time -f %e,%S,%U,%W,%c,%w -o timeout perf stat  -e r014f -e  r01ae -er0185  -e r0285  -x "," -o $file -I $delay  bash /disk2/user/BigDataBench_V5.0_BigData_MicroBenchmark/Hadoop/Grep/genData-grep.sh 5  &
HADOOP_HOME is set to: /disk2/user/hadoops/hadoop-2.10.0
:/disk2/user/BigDataBench_V5.0_BigData_MicroBenchmark/BigDataGeneratorSuite/Text_datagen/gsl-1.15/.libs/:/disk2/user/BigDataBench_V5.0_BigData_MicroBenchmark/BigDataGeneratorSuite/Text_datagen/gsl-1.15/cblas/.libs/
Perfpid:  Bash:  Java: 195546
killing sar
killing pidstat
Start sleep after prep
===== grep : run ======
Executing: /usr/bin/time -f %e,%S,%U,%W,%c,%w -o timeout perf stat  -e r014f -e  r01ae -er0185  -e r0285  -x "," -o $file -I $delay  bash /disk2/user/BigDataBench_V5.0_BigData_MicroBenchmark/Hadoop/Grep/run-grep.sh 5  &
HADOOP_HOME is set to: /disk2/user/hadoops/hadoop-2.10.0
running hadoop grep
Perfpid:  Bash:  Java: 195546
hadop grep end
killing sar
killing pidstat
Start sleep after run
Deleted /hadoop/grep
===== matmult0_5 : prep ======
Executing: /usr/bin/time -f %e,%S,%U,%W,%c,%w -o timeout perf stat  -e r014f -e  r01ae -er0185  -e r0285  -x "," -o $file -I $delay  bash /disk2/user/BigDataBench_V5.0_BigData_MicroBenchmark/Hadoop/MatrixMult/genData-matMult.sh 0.5 1000 1000 1000  &
HADOOP_HOME is set to: /disk2/user/hadoops/hadoop-2.10.0
Perfpid: 61522 Bash: 61528 Java: 61609
killing sar
killing pidstat
Start sleep after prep
===== matmult0_5 : run ======
Executing: /usr/bin/time -f %e,%S,%U,%W,%c,%w -o timeout perf stat  -e r014f -e  r01ae -er0185  -e r0285  -x "," -o $file -I $delay  bash /disk2/user/BigDataBench_V5.0_BigData_MicroBenchmark/Hadoop/MatrixMult/run-matMult.sh 0.5 1000 1000 1000  &
HADOOP_HOME is set to: /disk2/user/hadoops/hadoop-2.10.0
running matMult
Running on hadoop, using /disk2/user/hadoops/hadoop-2.10.0/bin/hadoop and HADOOP_CONF_DIR=
MAHOUT-JOB: /disk2/user/BigDataBench_V5.0_BigData_MicroBenchmark/Hadoop/apache-mahout-0.10.2-compile/examples/target/mahout-examples-0.10.2-job.jar
Perfpid: 61786 Bash: 61792 Java: 61871
Running on hadoop, using /disk2/user/hadoops/hadoop-2.10.0/bin/hadoop and HADOOP_CONF_DIR=
MAHOUT-JOB: /disk2/user/BigDataBench_V5.0_BigData_MicroBenchmark/Hadoop/apache-mahout-0.10.2-compile/examples/target/mahout-examples-0.10.2-job.jar
Running on hadoop, using /disk2/user/hadoops/hadoop-2.10.0/bin/hadoop and HADOOP_CONF_DIR=
MAHOUT-JOB: /disk2/user/BigDataBench_V5.0_BigData_MicroBenchmark/Hadoop/apache-mahout-0.10.2-compile/examples/target/mahout-examples-0.10.2-job.jar
hadoop matrix mulitiply end
killing sar
killing pidstat
Start sleep after run
Deleted /hadoop/matMult
===== md5 : prep ======
Executing: /usr/bin/time -f %e,%S,%U,%W,%c,%w -o timeout perf stat  -e r014f -e  r01ae -er0185  -e r0285  -x "," -o $file -I $delay  bash /disk2/user/BigDataBench_V5.0_BigData_MicroBenchmark/Hadoop/MD5/genData-md5.sh 5  &
HADOOP_HOME is set to: /disk2/user/hadoops/hadoop-2.10.0
Tue May 26 10:47:17 IST 2020
Perfpid: 63310 Bash: 63316 Java: 63317
Tue May 26 10:48:47 IST 2020
killing sar
killing pidstat
Start sleep after prep
===== md5 : run ======
Executing: /usr/bin/time -f %e,%S,%U,%W,%c,%w -o timeout perf stat  -e r014f -e  r01ae -er0185  -e r0285  -x "," -o $file -I $delay  bash /disk2/user/BigDataBench_V5.0_BigData_MicroBenchmark/Hadoop/MD5/run-md5.sh 5  &
HADOOP_HOME is set to: /disk2/user/hadoops/hadoop-2.10.0
Perfpid: 63733 Bash: 63740 Java: 63819
hadoop md5 end
killing sar
killing pidstat
Start sleep after run
Deleted /hadoop/md5
===== randsample : prep ======
Executing: /usr/bin/time -f %e,%S,%U,%W,%c,%w -o timeout perf stat  -e r014f -e  r01ae -er0185  -e r0285  -x "," -o $file -I $delay  bash /disk2/user/BigDataBench_V5.0_BigData_MicroBenchmark/Hadoop/randSample/genData-randSample.sh 5  &
HADOOP_HOME is set to: /disk2/user/hadoops/hadoop-2.10.0
:/disk2/user/BigDataBench_V5.0_BigData_MicroBenchmark/BigDataGeneratorSuite/Text_datagen/gsl-1.15/.libs/:/disk2/user/BigDataBench_V5.0_BigData_MicroBenchmark/BigDataGeneratorSuite/Text_datagen/gsl-1.15/cblas/.libs/
Perfpid: 67821 Bash: 67827 Java: 67907
killing sar
killing pidstat
Start sleep after prep
===== randsample : run ======
Executing: /usr/bin/time -f %e,%S,%U,%W,%c,%w -o timeout perf stat  -e r014f -e  r01ae -er0185  -e r0285  -x "," -o $file -I $delay  bash /disk2/user/BigDataBench_V5.0_BigData_MicroBenchmark/Hadoop/randSample/run-randSample.sh 5 0.5  &
HADOOP_HOME is set to: /disk2/user/hadoops/hadoop-2.10.0
running randsample
Perfpid: 68207 Bash: 68213 Java: 68293
hadoop rand sampling end
killing sar
killing pidstat
Start sleep after run
Deleted /hadoop/randsample
===== sort : prep ======
Executing: /usr/bin/time -f %e,%S,%U,%W,%c,%w -o timeout perf stat  -e r014f -e  r01ae -er0185  -e r0285  -x "," -o $file -I $delay  bash /disk2/user/BigDataBench_V5.0_BigData_MicroBenchmark/Hadoop/Sort/genData-sort.sh 5  &
HADOOP_HOME is set to: /disk2/user/hadoops/hadoop-2.10.0
Perfpid: 72294 Bash: 72301 Java: 72398
killing sar
killing pidstat
Start sleep after prep
===== sort : run ======
Executing: /usr/bin/time -f %e,%S,%U,%W,%c,%w -o timeout perf stat  -e r014f -e  r01ae -er0185  -e r0285  -x "," -o $file -I $delay  bash /disk2/user/BigDataBench_V5.0_BigData_MicroBenchmark/Hadoop/Sort/run-terasort.sh 5  &
HADOOP_HOME is set to: /disk2/user/hadoops/hadoop-2.10.0
Spent 145ms computing base-splits.
Spent 4ms computing TeraScheduler splits.
Computing input splits took 150ms
Sampling 10 splits of 38
Making 1 from 100000 sampled records
Computing parititions took 500ms
Spent 653ms computing partitions.
Perfpid: 72814 Bash: 72821 Java: 72822
terasort end, kill monitor script
killing sar
killing pidstat
Start sleep after run
Deleted /hadoop/terasort
===== wc : prep ======
Executing: /usr/bin/time -f %e,%S,%U,%W,%c,%w -o timeout perf stat  -e r014f -e  r01ae -er0185  -e r0285  -x "," -o $file -I $delay  bash /disk2/user/BigDataBench_V5.0_BigData_MicroBenchmark/Hadoop/wordcount/genData-wc.sh 5  &
HADOOP_HOME is set to: /disk2/user/hadoops/hadoop-2.10.0
Perfpid: 77008 Bash: 77014 Java: 77094
killing sar
killing pidstat
Start sleep after prep
===== wc : run ======
Executing: /usr/bin/time -f %e,%S,%U,%W,%c,%w -o timeout perf stat  -e r014f -e  r01ae -er0185  -e r0285  -x "," -o $file -I $delay  bash /disk2/user/BigDataBench_V5.0_BigData_MicroBenchmark/Hadoop/wordcount/run-wordcount.sh 5  &
HADOOP_HOME is set to: /disk2/user/hadoops/hadoop-2.10.0
running wordcount
Perfpid: 77396 Bash: 77403 Java: 77482
hadoop wordcount end
killing sar
killing pidstat
Start sleep after run
Deleted /hadoop/wd
